[0.058s] Invoking command in '/home/aladine/memoir/slam_yolo/yolobot/build/yolov8_msgs': CMAKE_PREFIX_PATH=/opt/ros/humble VIRTUAL_ENV_PROMPT=(ros2_env) /usr/bin/cmake --build /home/aladine/memoir/slam_yolo/yolobot/build/yolov8_msgs -- -j4 -l4
[0.249s] [  2%] Built target yolov8_msgs__cpp
[0.261s] [ 12%] Built target yolov8_msgs__rosidl_generator_c
[0.306s] [ 12%] Built target ament_cmake_python_copy_yolov8_msgs
[0.360s] [ 23%] Built target yolov8_msgs__rosidl_typesupport_fastrtps_cpp
[0.376s] [ 33%] Built target yolov8_msgs__rosidl_typesupport_fastrtps_c
[0.400s] [ 53%] Built target yolov8_msgs__rosidl_typesupport_introspection_cpp
[0.400s] [ 43%] Built target yolov8_msgs__rosidl_typesupport_cpp
[0.465s] [ 64%] Built target yolov8_msgs__rosidl_typesupport_introspection_c
[0.471s] [ 74%] Built target yolov8_msgs__rosidl_typesupport_c
[0.510s] [ 74%] Built target yolov8_msgs
[0.561s] [ 76%] Built target yolov8_msgs__py
[0.613s] [ 84%] Built target yolov8_msgs__rosidl_generator_py
[0.702s] [ 89%] Built target yolov8_msgs__rosidl_typesupport_fastrtps_c__pyext
[0.715s] [ 94%] Built target yolov8_msgs__rosidl_typesupport_c__pyext
[0.728s] [100%] Built target yolov8_msgs__rosidl_typesupport_introspection_c__pyext
[0.992s] running egg_info
[1.033s] writing yolov8_msgs.egg-info/PKG-INFO
[1.034s] writing dependency_links to yolov8_msgs.egg-info/dependency_links.txt
[1.035s] writing top-level names to yolov8_msgs.egg-info/top_level.txt
[1.136s] reading manifest file 'yolov8_msgs.egg-info/SOURCES.txt'
[1.139s] writing manifest file 'yolov8_msgs.egg-info/SOURCES.txt'
[1.209s] [100%] Built target ament_cmake_python_build_yolov8_msgs_egg
[1.241s] Invoked command in '/home/aladine/memoir/slam_yolo/yolobot/build/yolov8_msgs' returned '0': CMAKE_PREFIX_PATH=/opt/ros/humble VIRTUAL_ENV_PROMPT=(ros2_env) /usr/bin/cmake --build /home/aladine/memoir/slam_yolo/yolobot/build/yolov8_msgs -- -j4 -l4
[1.242s] Invoking command in '/home/aladine/memoir/slam_yolo/yolobot/build/yolov8_msgs': CMAKE_PREFIX_PATH=/opt/ros/humble VIRTUAL_ENV_PROMPT=(ros2_env) /usr/bin/cmake --install /home/aladine/memoir/slam_yolo/yolobot/build/yolov8_msgs
[1.260s] -- Install configuration: ""
[1.260s] -- Up-to-date: /home/aladine/memoir/slam_yolo/yolobot/install/yolov8_msgs/share/ament_index/resource_index/rosidl_interfaces/yolov8_msgs
[1.260s] -- Up-to-date: /home/aladine/memoir/slam_yolo/yolobot/install/yolov8_msgs/include/yolov8_msgs/yolov8_msgs
[1.261s] -- Up-to-date: /home/aladine/memoir/slam_yolo/yolobot/install/yolov8_msgs/include/yolov8_msgs/yolov8_msgs/msg
[1.261s] -- Up-to-date: /home/aladine/memoir/slam_yolo/yolobot/install/yolov8_msgs/include/yolov8_msgs/yolov8_msgs/msg/inference_result.h
[1.261s] -- Up-to-date: /home/aladine/memoir/slam_yolo/yolobot/install/yolov8_msgs/include/yolov8_msgs/yolov8_msgs/msg/detail
[1.261s] -- Up-to-date: /home/aladine/memoir/slam_yolo/yolobot/install/yolov8_msgs/include/yolov8_msgs/yolov8_msgs/msg/detail/inference_result__functions.c
[1.261s] -- Up-to-date: /home/aladine/memoir/slam_yolo/yolobot/install/yolov8_msgs/include/yolov8_msgs/yolov8_msgs/msg/detail/yolov8_inference__type_support.h
[1.262s] -- Up-to-date: /home/aladine/memoir/slam_yolo/yolobot/install/yolov8_msgs/include/yolov8_msgs/yolov8_msgs/msg/detail/inference_result__functions.h
[1.262s] -- Up-to-date: /home/aladine/memoir/slam_yolo/yolobot/install/yolov8_msgs/include/yolov8_msgs/yolov8_msgs/msg/detail/yolov8_inference__functions.h
[1.262s] -- Up-to-date: /home/aladine/memoir/slam_yolo/yolobot/install/yolov8_msgs/include/yolov8_msgs/yolov8_msgs/msg/detail/inference_result__type_support.h
[1.262s] -- Up-to-date: /home/aladine/memoir/slam_yolo/yolobot/install/yolov8_msgs/include/yolov8_msgs/yolov8_msgs/msg/detail/inference_result__struct.h
[1.263s] -- Up-to-date: /home/aladine/memoir/slam_yolo/yolobot/install/yolov8_msgs/include/yolov8_msgs/yolov8_msgs/msg/detail/yolov8_inference__struct.h
[1.263s] -- Up-to-date: /home/aladine/memoir/slam_yolo/yolobot/install/yolov8_msgs/include/yolov8_msgs/yolov8_msgs/msg/detail/yolov8_inference__functions.c
[1.263s] -- Up-to-date: /home/aladine/memoir/slam_yolo/yolobot/install/yolov8_msgs/include/yolov8_msgs/yolov8_msgs/msg/yolov8_inference.h
[1.263s] -- Up-to-date: /home/aladine/memoir/slam_yolo/yolobot/install/yolov8_msgs/include/yolov8_msgs/yolov8_msgs/msg/rosidl_generator_c__visibility_control.h
[1.264s] -- Up-to-date: /home/aladine/memoir/slam_yolo/yolobot/install/yolov8_msgs/share/yolov8_msgs/environment/library_path.sh
[1.264s] -- Up-to-date: /home/aladine/memoir/slam_yolo/yolobot/install/yolov8_msgs/share/yolov8_msgs/environment/library_path.dsv
[1.264s] -- Up-to-date: /home/aladine/memoir/slam_yolo/yolobot/install/yolov8_msgs/lib/libyolov8_msgs__rosidl_generator_c.so
[1.264s] -- Up-to-date: /home/aladine/memoir/slam_yolo/yolobot/install/yolov8_msgs/include/yolov8_msgs/yolov8_msgs
[1.265s] -- Up-to-date: /home/aladine/memoir/slam_yolo/yolobot/install/yolov8_msgs/include/yolov8_msgs/yolov8_msgs/msg
[1.265s] -- Up-to-date: /home/aladine/memoir/slam_yolo/yolobot/install/yolov8_msgs/include/yolov8_msgs/yolov8_msgs/msg/rosidl_typesupport_fastrtps_c__visibility_control.h
[1.265s] -- Up-to-date: /home/aladine/memoir/slam_yolo/yolobot/install/yolov8_msgs/include/yolov8_msgs/yolov8_msgs/msg/detail
[1.266s] -- Up-to-date: /home/aladine/memoir/slam_yolo/yolobot/install/yolov8_msgs/include/yolov8_msgs/yolov8_msgs/msg/detail/inference_result__rosidl_typesupport_fastrtps_c.h
[1.266s] -- Up-to-date: /home/aladine/memoir/slam_yolo/yolobot/install/yolov8_msgs/include/yolov8_msgs/yolov8_msgs/msg/detail/yolov8_inference__rosidl_typesupport_fastrtps_c.h
[1.266s] -- Up-to-date: /home/aladine/memoir/slam_yolo/yolobot/install/yolov8_msgs/lib/libyolov8_msgs__rosidl_typesupport_fastrtps_c.so
[1.266s] -- Up-to-date: /home/aladine/memoir/slam_yolo/yolobot/install/yolov8_msgs/include/yolov8_msgs/yolov8_msgs
[1.266s] -- Up-to-date: /home/aladine/memoir/slam_yolo/yolobot/install/yolov8_msgs/include/yolov8_msgs/yolov8_msgs/msg
[1.266s] -- Up-to-date: /home/aladine/memoir/slam_yolo/yolobot/install/yolov8_msgs/include/yolov8_msgs/yolov8_msgs/msg/rosidl_generator_cpp__visibility_control.hpp
[1.267s] -- Up-to-date: /home/aladine/memoir/slam_yolo/yolobot/install/yolov8_msgs/include/yolov8_msgs/yolov8_msgs/msg/yolov8_inference.hpp
[1.267s] -- Up-to-date: /home/aladine/memoir/slam_yolo/yolobot/install/yolov8_msgs/include/yolov8_msgs/yolov8_msgs/msg/detail
[1.267s] -- Up-to-date: /home/aladine/memoir/slam_yolo/yolobot/install/yolov8_msgs/include/yolov8_msgs/yolov8_msgs/msg/detail/inference_result__type_support.hpp
[1.267s] -- Up-to-date: /home/aladine/memoir/slam_yolo/yolobot/install/yolov8_msgs/include/yolov8_msgs/yolov8_msgs/msg/detail/yolov8_inference__type_support.hpp
[1.268s] -- Up-to-date: /home/aladine/memoir/slam_yolo/yolobot/install/yolov8_msgs/include/yolov8_msgs/yolov8_msgs/msg/detail/inference_result__traits.hpp
[1.268s] -- Up-to-date: /home/aladine/memoir/slam_yolo/yolobot/install/yolov8_msgs/include/yolov8_msgs/yolov8_msgs/msg/detail/yolov8_inference__builder.hpp
[1.268s] -- Up-to-date: /home/aladine/memoir/slam_yolo/yolobot/install/yolov8_msgs/include/yolov8_msgs/yolov8_msgs/msg/detail/inference_result__struct.hpp
[1.268s] -- Up-to-date: /home/aladine/memoir/slam_yolo/yolobot/install/yolov8_msgs/include/yolov8_msgs/yolov8_msgs/msg/detail/yolov8_inference__traits.hpp
[1.269s] -- Up-to-date: /home/aladine/memoir/slam_yolo/yolobot/install/yolov8_msgs/include/yolov8_msgs/yolov8_msgs/msg/detail/yolov8_inference__struct.hpp
[1.269s] -- Up-to-date: /home/aladine/memoir/slam_yolo/yolobot/install/yolov8_msgs/include/yolov8_msgs/yolov8_msgs/msg/detail/inference_result__builder.hpp
[1.269s] -- Up-to-date: /home/aladine/memoir/slam_yolo/yolobot/install/yolov8_msgs/include/yolov8_msgs/yolov8_msgs/msg/inference_result.hpp
[1.269s] -- Up-to-date: /home/aladine/memoir/slam_yolo/yolobot/install/yolov8_msgs/include/yolov8_msgs/yolov8_msgs
[1.269s] -- Up-to-date: /home/aladine/memoir/slam_yolo/yolobot/install/yolov8_msgs/include/yolov8_msgs/yolov8_msgs/msg
[1.270s] -- Up-to-date: /home/aladine/memoir/slam_yolo/yolobot/install/yolov8_msgs/include/yolov8_msgs/yolov8_msgs/msg/rosidl_typesupport_fastrtps_cpp__visibility_control.h
[1.270s] -- Up-to-date: /home/aladine/memoir/slam_yolo/yolobot/install/yolov8_msgs/include/yolov8_msgs/yolov8_msgs/msg/detail
[1.270s] -- Up-to-date: /home/aladine/memoir/slam_yolo/yolobot/install/yolov8_msgs/include/yolov8_msgs/yolov8_msgs/msg/detail/inference_result__rosidl_typesupport_fastrtps_cpp.hpp
[1.270s] -- Up-to-date: /home/aladine/memoir/slam_yolo/yolobot/install/yolov8_msgs/include/yolov8_msgs/yolov8_msgs/msg/detail/dds_fastrtps
[1.270s] -- Up-to-date: /home/aladine/memoir/slam_yolo/yolobot/install/yolov8_msgs/include/yolov8_msgs/yolov8_msgs/msg/detail/yolov8_inference__rosidl_typesupport_fastrtps_cpp.hpp
[1.270s] -- Up-to-date: /home/aladine/memoir/slam_yolo/yolobot/install/yolov8_msgs/lib/libyolov8_msgs__rosidl_typesupport_fastrtps_cpp.so
[1.271s] -- Up-to-date: /home/aladine/memoir/slam_yolo/yolobot/install/yolov8_msgs/include/yolov8_msgs/yolov8_msgs
[1.271s] -- Up-to-date: /home/aladine/memoir/slam_yolo/yolobot/install/yolov8_msgs/include/yolov8_msgs/yolov8_msgs/msg
[1.271s] -- Up-to-date: /home/aladine/memoir/slam_yolo/yolobot/install/yolov8_msgs/include/yolov8_msgs/yolov8_msgs/msg/rosidl_typesupport_introspection_c__visibility_control.h
[1.271s] -- Up-to-date: /home/aladine/memoir/slam_yolo/yolobot/install/yolov8_msgs/include/yolov8_msgs/yolov8_msgs/msg/detail
[1.271s] -- Up-to-date: /home/aladine/memoir/slam_yolo/yolobot/install/yolov8_msgs/include/yolov8_msgs/yolov8_msgs/msg/detail/yolov8_inference__type_support.c
[1.272s] -- Up-to-date: /home/aladine/memoir/slam_yolo/yolobot/install/yolov8_msgs/include/yolov8_msgs/yolov8_msgs/msg/detail/yolov8_inference__rosidl_typesupport_introspection_c.h
[1.272s] -- Up-to-date: /home/aladine/memoir/slam_yolo/yolobot/install/yolov8_msgs/include/yolov8_msgs/yolov8_msgs/msg/detail/inference_result__type_support.c
[1.272s] -- Up-to-date: /home/aladine/memoir/slam_yolo/yolobot/install/yolov8_msgs/include/yolov8_msgs/yolov8_msgs/msg/detail/inference_result__rosidl_typesupport_introspection_c.h
[1.272s] -- Up-to-date: /home/aladine/memoir/slam_yolo/yolobot/install/yolov8_msgs/lib/libyolov8_msgs__rosidl_typesupport_introspection_c.so
[1.273s] -- Up-to-date: /home/aladine/memoir/slam_yolo/yolobot/install/yolov8_msgs/lib/libyolov8_msgs__rosidl_typesupport_c.so
[1.273s] -- Up-to-date: /home/aladine/memoir/slam_yolo/yolobot/install/yolov8_msgs/include/yolov8_msgs/yolov8_msgs
[1.273s] -- Up-to-date: /home/aladine/memoir/slam_yolo/yolobot/install/yolov8_msgs/include/yolov8_msgs/yolov8_msgs/msg
[1.274s] -- Up-to-date: /home/aladine/memoir/slam_yolo/yolobot/install/yolov8_msgs/include/yolov8_msgs/yolov8_msgs/msg/detail
[1.274s] -- Up-to-date: /home/aladine/memoir/slam_yolo/yolobot/install/yolov8_msgs/include/yolov8_msgs/yolov8_msgs/msg/detail/yolov8_inference__type_support.cpp
[1.274s] -- Up-to-date: /home/aladine/memoir/slam_yolo/yolobot/install/yolov8_msgs/include/yolov8_msgs/yolov8_msgs/msg/detail/yolov8_inference__rosidl_typesupport_introspection_cpp.hpp
[1.274s] -- Up-to-date: /home/aladine/memoir/slam_yolo/yolobot/install/yolov8_msgs/include/yolov8_msgs/yolov8_msgs/msg/detail/inference_result__rosidl_typesupport_introspection_cpp.hpp
[1.274s] -- Up-to-date: /home/aladine/memoir/slam_yolo/yolobot/install/yolov8_msgs/include/yolov8_msgs/yolov8_msgs/msg/detail/inference_result__type_support.cpp
[1.274s] -- Up-to-date: /home/aladine/memoir/slam_yolo/yolobot/install/yolov8_msgs/lib/libyolov8_msgs__rosidl_typesupport_introspection_cpp.so
[1.275s] -- Up-to-date: /home/aladine/memoir/slam_yolo/yolobot/install/yolov8_msgs/lib/libyolov8_msgs__rosidl_typesupport_cpp.so
[1.275s] -- Up-to-date: /home/aladine/memoir/slam_yolo/yolobot/install/yolov8_msgs/share/yolov8_msgs/environment/pythonpath.sh
[1.275s] -- Up-to-date: /home/aladine/memoir/slam_yolo/yolobot/install/yolov8_msgs/share/yolov8_msgs/environment/pythonpath.dsv
[1.275s] -- Up-to-date: /home/aladine/memoir/slam_yolo/yolobot/install/yolov8_msgs/lib/python3.10/site-packages/yolov8_msgs-0.0.0-py3.10.egg-info
[1.275s] -- Installing: /home/aladine/memoir/slam_yolo/yolobot/install/yolov8_msgs/lib/python3.10/site-packages/yolov8_msgs-0.0.0-py3.10.egg-info/dependency_links.txt
[1.275s] -- Installing: /home/aladine/memoir/slam_yolo/yolobot/install/yolov8_msgs/lib/python3.10/site-packages/yolov8_msgs-0.0.0-py3.10.egg-info/SOURCES.txt
[1.275s] -- Installing: /home/aladine/memoir/slam_yolo/yolobot/install/yolov8_msgs/lib/python3.10/site-packages/yolov8_msgs-0.0.0-py3.10.egg-info/top_level.txt
[1.276s] -- Installing: /home/aladine/memoir/slam_yolo/yolobot/install/yolov8_msgs/lib/python3.10/site-packages/yolov8_msgs-0.0.0-py3.10.egg-info/PKG-INFO
[1.276s] -- Up-to-date: /home/aladine/memoir/slam_yolo/yolobot/install/yolov8_msgs/lib/python3.10/site-packages/yolov8_msgs
[1.276s] -- Up-to-date: /home/aladine/memoir/slam_yolo/yolobot/install/yolov8_msgs/lib/python3.10/site-packages/yolov8_msgs/_yolov8_msgs_s.ep.rosidl_typesupport_fastrtps_c.c
[1.276s] -- Up-to-date: /home/aladine/memoir/slam_yolo/yolobot/install/yolov8_msgs/lib/python3.10/site-packages/yolov8_msgs/yolov8_msgs_s__rosidl_typesupport_c.cpython-310-x86_64-linux-gnu.so
[1.276s] -- Up-to-date: /home/aladine/memoir/slam_yolo/yolobot/install/yolov8_msgs/lib/python3.10/site-packages/yolov8_msgs/_yolov8_msgs_s.ep.rosidl_typesupport_introspection_c.c
[1.276s] -- Up-to-date: /home/aladine/memoir/slam_yolo/yolobot/install/yolov8_msgs/lib/python3.10/site-packages/yolov8_msgs/yolov8_msgs_s__rosidl_typesupport_fastrtps_c.cpython-310-x86_64-linux-gnu.so
[1.277s] -- Up-to-date: /home/aladine/memoir/slam_yolo/yolobot/install/yolov8_msgs/lib/python3.10/site-packages/yolov8_msgs/_yolov8_msgs_s.ep.rosidl_typesupport_c.c
[1.277s] -- Up-to-date: /home/aladine/memoir/slam_yolo/yolobot/install/yolov8_msgs/lib/python3.10/site-packages/yolov8_msgs/yolov8_msgs_s__rosidl_typesupport_introspection_c.cpython-310-x86_64-linux-gnu.so
[1.277s] -- Up-to-date: /home/aladine/memoir/slam_yolo/yolobot/install/yolov8_msgs/lib/python3.10/site-packages/yolov8_msgs/__init__.py
[1.277s] -- Up-to-date: /home/aladine/memoir/slam_yolo/yolobot/install/yolov8_msgs/lib/python3.10/site-packages/yolov8_msgs/libyolov8_msgs__rosidl_generator_py.so
[1.277s] -- Up-to-date: /home/aladine/memoir/slam_yolo/yolobot/install/yolov8_msgs/lib/python3.10/site-packages/yolov8_msgs/msg
[1.277s] -- Up-to-date: /home/aladine/memoir/slam_yolo/yolobot/install/yolov8_msgs/lib/python3.10/site-packages/yolov8_msgs/msg/_inference_result_s.c
[1.277s] -- Up-to-date: /home/aladine/memoir/slam_yolo/yolobot/install/yolov8_msgs/lib/python3.10/site-packages/yolov8_msgs/msg/_yolov8_inference_s.c
[1.278s] -- Up-to-date: /home/aladine/memoir/slam_yolo/yolobot/install/yolov8_msgs/lib/python3.10/site-packages/yolov8_msgs/msg/_yolov8_inference.py
[1.278s] -- Up-to-date: /home/aladine/memoir/slam_yolo/yolobot/install/yolov8_msgs/lib/python3.10/site-packages/yolov8_msgs/msg/__init__.py
[1.278s] -- Up-to-date: /home/aladine/memoir/slam_yolo/yolobot/install/yolov8_msgs/lib/python3.10/site-packages/yolov8_msgs/msg/_inference_result.py
[1.359s] Listing '/home/aladine/memoir/slam_yolo/yolobot/install/yolov8_msgs/lib/python3.10/site-packages/yolov8_msgs'...
[1.359s] Listing '/home/aladine/memoir/slam_yolo/yolobot/install/yolov8_msgs/lib/python3.10/site-packages/yolov8_msgs/msg'...
[1.372s] -- Up-to-date: /home/aladine/memoir/slam_yolo/yolobot/install/yolov8_msgs/lib/python3.10/site-packages/yolov8_msgs/yolov8_msgs_s__rosidl_typesupport_fastrtps_c.cpython-310-x86_64-linux-gnu.so
[1.373s] -- Up-to-date: /home/aladine/memoir/slam_yolo/yolobot/install/yolov8_msgs/lib/python3.10/site-packages/yolov8_msgs/yolov8_msgs_s__rosidl_typesupport_introspection_c.cpython-310-x86_64-linux-gnu.so
[1.374s] -- Up-to-date: /home/aladine/memoir/slam_yolo/yolobot/install/yolov8_msgs/lib/python3.10/site-packages/yolov8_msgs/yolov8_msgs_s__rosidl_typesupport_c.cpython-310-x86_64-linux-gnu.so
[1.375s] -- Up-to-date: /home/aladine/memoir/slam_yolo/yolobot/install/yolov8_msgs/lib/libyolov8_msgs__rosidl_generator_py.so
[1.375s] -- Up-to-date: /home/aladine/memoir/slam_yolo/yolobot/install/yolov8_msgs/share/yolov8_msgs/msg/InferenceResult.idl
[1.376s] -- Up-to-date: /home/aladine/memoir/slam_yolo/yolobot/install/yolov8_msgs/share/yolov8_msgs/msg/Yolov8Inference.idl
[1.376s] -- Up-to-date: /home/aladine/memoir/slam_yolo/yolobot/install/yolov8_msgs/share/yolov8_msgs/msg/InferenceResult.msg
[1.376s] -- Up-to-date: /home/aladine/memoir/slam_yolo/yolobot/install/yolov8_msgs/share/yolov8_msgs/msg/Yolov8Inference.msg
[1.376s] -- Up-to-date: /home/aladine/memoir/slam_yolo/yolobot/install/yolov8_msgs/share/ament_index/resource_index/package_run_dependencies/yolov8_msgs
[1.376s] -- Up-to-date: /home/aladine/memoir/slam_yolo/yolobot/install/yolov8_msgs/share/ament_index/resource_index/parent_prefix_path/yolov8_msgs
[1.377s] -- Up-to-date: /home/aladine/memoir/slam_yolo/yolobot/install/yolov8_msgs/share/yolov8_msgs/environment/ament_prefix_path.sh
[1.377s] -- Up-to-date: /home/aladine/memoir/slam_yolo/yolobot/install/yolov8_msgs/share/yolov8_msgs/environment/ament_prefix_path.dsv
[1.378s] -- Up-to-date: /home/aladine/memoir/slam_yolo/yolobot/install/yolov8_msgs/share/yolov8_msgs/environment/path.sh
[1.379s] -- Up-to-date: /home/aladine/memoir/slam_yolo/yolobot/install/yolov8_msgs/share/yolov8_msgs/environment/path.dsv
[1.379s] -- Up-to-date: /home/aladine/memoir/slam_yolo/yolobot/install/yolov8_msgs/share/yolov8_msgs/local_setup.bash
[1.379s] -- Up-to-date: /home/aladine/memoir/slam_yolo/yolobot/install/yolov8_msgs/share/yolov8_msgs/local_setup.sh
[1.379s] -- Up-to-date: /home/aladine/memoir/slam_yolo/yolobot/install/yolov8_msgs/share/yolov8_msgs/local_setup.zsh
[1.380s] -- Up-to-date: /home/aladine/memoir/slam_yolo/yolobot/install/yolov8_msgs/share/yolov8_msgs/local_setup.dsv
[1.380s] -- Installing: /home/aladine/memoir/slam_yolo/yolobot/install/yolov8_msgs/share/yolov8_msgs/package.dsv
[1.381s] -- Up-to-date: /home/aladine/memoir/slam_yolo/yolobot/install/yolov8_msgs/share/ament_index/resource_index/packages/yolov8_msgs
[1.381s] -- Up-to-date: /home/aladine/memoir/slam_yolo/yolobot/install/yolov8_msgs/share/yolov8_msgs/cmake/export_yolov8_msgs__rosidl_generator_cExport.cmake
[1.382s] -- Up-to-date: /home/aladine/memoir/slam_yolo/yolobot/install/yolov8_msgs/share/yolov8_msgs/cmake/export_yolov8_msgs__rosidl_generator_cExport-noconfig.cmake
[1.382s] -- Up-to-date: /home/aladine/memoir/slam_yolo/yolobot/install/yolov8_msgs/share/yolov8_msgs/cmake/export_yolov8_msgs__rosidl_typesupport_fastrtps_cExport.cmake
[1.383s] -- Up-to-date: /home/aladine/memoir/slam_yolo/yolobot/install/yolov8_msgs/share/yolov8_msgs/cmake/export_yolov8_msgs__rosidl_typesupport_fastrtps_cExport-noconfig.cmake
[1.383s] -- Up-to-date: /home/aladine/memoir/slam_yolo/yolobot/install/yolov8_msgs/share/yolov8_msgs/cmake/export_yolov8_msgs__rosidl_generator_cppExport.cmake
[1.383s] -- Up-to-date: /home/aladine/memoir/slam_yolo/yolobot/install/yolov8_msgs/share/yolov8_msgs/cmake/export_yolov8_msgs__rosidl_typesupport_fastrtps_cppExport.cmake
[1.385s] -- Up-to-date: /home/aladine/memoir/slam_yolo/yolobot/install/yolov8_msgs/share/yolov8_msgs/cmake/export_yolov8_msgs__rosidl_typesupport_fastrtps_cppExport-noconfig.cmake
[1.386s] -- Up-to-date: /home/aladine/memoir/slam_yolo/yolobot/install/yolov8_msgs/share/yolov8_msgs/cmake/yolov8_msgs__rosidl_typesupport_introspection_cExport.cmake
[1.386s] -- Up-to-date: /home/aladine/memoir/slam_yolo/yolobot/install/yolov8_msgs/share/yolov8_msgs/cmake/yolov8_msgs__rosidl_typesupport_introspection_cExport-noconfig.cmake
[1.386s] -- Up-to-date: /home/aladine/memoir/slam_yolo/yolobot/install/yolov8_msgs/share/yolov8_msgs/cmake/yolov8_msgs__rosidl_typesupport_cExport.cmake
[1.386s] -- Up-to-date: /home/aladine/memoir/slam_yolo/yolobot/install/yolov8_msgs/share/yolov8_msgs/cmake/yolov8_msgs__rosidl_typesupport_cExport-noconfig.cmake
[1.386s] -- Up-to-date: /home/aladine/memoir/slam_yolo/yolobot/install/yolov8_msgs/share/yolov8_msgs/cmake/yolov8_msgs__rosidl_typesupport_introspection_cppExport.cmake
[1.386s] -- Up-to-date: /home/aladine/memoir/slam_yolo/yolobot/install/yolov8_msgs/share/yolov8_msgs/cmake/yolov8_msgs__rosidl_typesupport_introspection_cppExport-noconfig.cmake
[1.386s] -- Up-to-date: /home/aladine/memoir/slam_yolo/yolobot/install/yolov8_msgs/share/yolov8_msgs/cmake/yolov8_msgs__rosidl_typesupport_cppExport.cmake
[1.387s] -- Up-to-date: /home/aladine/memoir/slam_yolo/yolobot/install/yolov8_msgs/share/yolov8_msgs/cmake/yolov8_msgs__rosidl_typesupport_cppExport-noconfig.cmake
[1.387s] -- Up-to-date: /home/aladine/memoir/slam_yolo/yolobot/install/yolov8_msgs/share/yolov8_msgs/cmake/export_yolov8_msgs__rosidl_generator_pyExport.cmake
[1.387s] -- Up-to-date: /home/aladine/memoir/slam_yolo/yolobot/install/yolov8_msgs/share/yolov8_msgs/cmake/export_yolov8_msgs__rosidl_generator_pyExport-noconfig.cmake
[1.387s] -- Up-to-date: /home/aladine/memoir/slam_yolo/yolobot/install/yolov8_msgs/share/yolov8_msgs/cmake/rosidl_cmake-extras.cmake
[1.388s] -- Up-to-date: /home/aladine/memoir/slam_yolo/yolobot/install/yolov8_msgs/share/yolov8_msgs/cmake/ament_cmake_export_dependencies-extras.cmake
[1.388s] -- Up-to-date: /home/aladine/memoir/slam_yolo/yolobot/install/yolov8_msgs/share/yolov8_msgs/cmake/ament_cmake_export_include_directories-extras.cmake
[1.388s] -- Up-to-date: /home/aladine/memoir/slam_yolo/yolobot/install/yolov8_msgs/share/yolov8_msgs/cmake/ament_cmake_export_libraries-extras.cmake
[1.388s] -- Up-to-date: /home/aladine/memoir/slam_yolo/yolobot/install/yolov8_msgs/share/yolov8_msgs/cmake/ament_cmake_export_targets-extras.cmake
[1.388s] -- Up-to-date: /home/aladine/memoir/slam_yolo/yolobot/install/yolov8_msgs/share/yolov8_msgs/cmake/rosidl_cmake_export_typesupport_targets-extras.cmake
[1.389s] -- Up-to-date: /home/aladine/memoir/slam_yolo/yolobot/install/yolov8_msgs/share/yolov8_msgs/cmake/rosidl_cmake_export_typesupport_libraries-extras.cmake
[1.389s] -- Up-to-date: /home/aladine/memoir/slam_yolo/yolobot/install/yolov8_msgs/share/yolov8_msgs/cmake/yolov8_msgsConfig.cmake
[1.389s] -- Up-to-date: /home/aladine/memoir/slam_yolo/yolobot/install/yolov8_msgs/share/yolov8_msgs/cmake/yolov8_msgsConfig-version.cmake
[1.389s] -- Up-to-date: /home/aladine/memoir/slam_yolo/yolobot/install/yolov8_msgs/share/yolov8_msgs/package.xml
[1.393s] Invoked command in '/home/aladine/memoir/slam_yolo/yolobot/build/yolov8_msgs' returned '0': CMAKE_PREFIX_PATH=/opt/ros/humble VIRTUAL_ENV_PROMPT=(ros2_env) /usr/bin/cmake --install /home/aladine/memoir/slam_yolo/yolobot/build/yolov8_msgs
