[0.097s] Invoking command in '/home/aladine/memoir/slam_yolo/yolobot/build/yolobot_recognition': CMAKE_PREFIX_PATH=${CMAKE_PREFIX_PATH}:/opt/ros/humble VIRTUAL_ENV_PROMPT=(ros2_env) /usr/bin/cmake --build /home/aladine/memoir/slam_yolo/yolobot/build/yolobot_recognition -- -j4 -l4
[0.317s] Invoked command in '/home/aladine/memoir/slam_yolo/yolobot/build/yolobot_recognition' returned '0': CMAKE_PREFIX_PATH=${CMAKE_PREFIX_PATH}:/opt/ros/humble VIRTUAL_ENV_PROMPT=(ros2_env) /usr/bin/cmake --build /home/aladine/memoir/slam_yolo/yolobot/build/yolobot_recognition -- -j4 -l4
[0.321s] Invoking command in '/home/aladine/memoir/slam_yolo/yolobot/build/yolobot_recognition': CMAKE_PREFIX_PATH=${CMAKE_PREFIX_PATH}:/opt/ros/humble VIRTUAL_ENV_PROMPT=(ros2_env) /usr/bin/cmake --install /home/aladine/memoir/slam_yolo/yolobot/build/yolobot_recognition
[0.351s] -- Install configuration: ""
[0.351s] -- Up-to-date: /home/aladine/memoir/slam_yolo/yolobot/install/yolobot_recognition/share/yolobot_recognition//scripts
[0.351s] -- Up-to-date: /home/aladine/memoir/slam_yolo/yolobot/install/yolobot_recognition/share/yolobot_recognition//scripts/.dockerignore
[0.351s] -- Up-to-date: /home/aladine/memoir/slam_yolo/yolobot/install/yolobot_recognition/share/yolobot_recognition//scripts/yolov8_ros2_subscriber.py
[0.351s] -- Up-to-date: /home/aladine/memoir/slam_yolo/yolobot/install/yolobot_recognition/share/yolobot_recognition//scripts/.gitattributes
[0.351s] -- Up-to-date: /home/aladine/memoir/slam_yolo/yolobot/install/yolobot_recognition/share/yolobot_recognition//scripts/yolov8n.pt
[0.351s] -- Up-to-date: /home/aladine/memoir/slam_yolo/yolobot/install/yolobot_recognition/share/yolobot_recognition//scripts/yolov8_ros2_pt.py
[0.354s] -- Up-to-date: /home/aladine/memoir/slam_yolo/yolobot/install/yolobot_recognition/share/yolobot_recognition//scripts/.gitignore
[0.355s] -- Up-to-date: /home/aladine/memoir/slam_yolo/yolobot/install/yolobot_recognition/share/yolobot_recognition//launch
[0.355s] -- Installing: /home/aladine/memoir/slam_yolo/yolobot/install/yolobot_recognition/share/yolobot_recognition//launch/launch_yolov8.launch.py
[0.355s] -- Up-to-date: /home/aladine/memoir/slam_yolo/yolobot/install/yolobot_recognition/lib/yolobot_recognition/yolov8_ros2_pt.py
[0.355s] -- Up-to-date: /home/aladine/memoir/slam_yolo/yolobot/install/yolobot_recognition/lib/yolobot_recognition/yolov8_ros2_subscriber.py
[0.355s] -- Installing: /home/aladine/memoir/slam_yolo/yolobot/install/yolobot_recognition/lib/yolobot_recognition/launch_yolov8.launch.py
[0.355s] -- Up-to-date: /home/aladine/memoir/slam_yolo/yolobot/install/yolobot_recognition/share/ament_index/resource_index/package_run_dependencies/yolobot_recognition
[0.355s] -- Up-to-date: /home/aladine/memoir/slam_yolo/yolobot/install/yolobot_recognition/share/ament_index/resource_index/parent_prefix_path/yolobot_recognition
[0.356s] -- Up-to-date: /home/aladine/memoir/slam_yolo/yolobot/install/yolobot_recognition/share/yolobot_recognition/environment/ament_prefix_path.sh
[0.356s] -- Up-to-date: /home/aladine/memoir/slam_yolo/yolobot/install/yolobot_recognition/share/yolobot_recognition/environment/ament_prefix_path.dsv
[0.356s] -- Up-to-date: /home/aladine/memoir/slam_yolo/yolobot/install/yolobot_recognition/share/yolobot_recognition/environment/path.sh
[0.356s] -- Up-to-date: /home/aladine/memoir/slam_yolo/yolobot/install/yolobot_recognition/share/yolobot_recognition/environment/path.dsv
[0.356s] -- Up-to-date: /home/aladine/memoir/slam_yolo/yolobot/install/yolobot_recognition/share/yolobot_recognition/local_setup.bash
[0.356s] -- Up-to-date: /home/aladine/memoir/slam_yolo/yolobot/install/yolobot_recognition/share/yolobot_recognition/local_setup.sh
[0.356s] -- Up-to-date: /home/aladine/memoir/slam_yolo/yolobot/install/yolobot_recognition/share/yolobot_recognition/local_setup.zsh
[0.357s] -- Up-to-date: /home/aladine/memoir/slam_yolo/yolobot/install/yolobot_recognition/share/yolobot_recognition/local_setup.dsv
[0.359s] -- Installing: /home/aladine/memoir/slam_yolo/yolobot/install/yolobot_recognition/share/yolobot_recognition/package.dsv
[0.360s] -- Up-to-date: /home/aladine/memoir/slam_yolo/yolobot/install/yolobot_recognition/share/ament_index/resource_index/packages/yolobot_recognition
[0.360s] -- Up-to-date: /home/aladine/memoir/slam_yolo/yolobot/install/yolobot_recognition/share/yolobot_recognition/cmake/yolobot_recognitionConfig.cmake
[0.360s] -- Up-to-date: /home/aladine/memoir/slam_yolo/yolobot/install/yolobot_recognition/share/yolobot_recognition/cmake/yolobot_recognitionConfig-version.cmake
[0.362s] -- Up-to-date: /home/aladine/memoir/slam_yolo/yolobot/install/yolobot_recognition/share/yolobot_recognition/package.xml
[0.450s] Invoked command in '/home/aladine/memoir/slam_yolo/yolobot/build/yolobot_recognition' returned '0': CMAKE_PREFIX_PATH=${CMAKE_PREFIX_PATH}:/opt/ros/humble VIRTUAL_ENV_PROMPT=(ros2_env) /usr/bin/cmake --install /home/aladine/memoir/slam_yolo/yolobot/build/yolobot_recognition
