[0.265s] DEBUG:colcon:Command line arguments: ['/home/aladine/ros2_ws/ros2_env/bin/colcon', 'build', '--packages-select', 'yolobot_slam']
[0.265s] DEBUG:colcon:Parsed command line arguments: Namespace(log_base=None, log_level=None, verb_name='build', build_base='build', install_base='install', merge_install=False, symlink_install=False, test_result_base=None, continue_on_error=False, executor='parallel', parallel_workers=4, event_handlers=None, ignore_user_meta=False, metas=['./colcon.meta'], base_paths=['.'], packages_ignore=None, packages_ignore_regex=None, paths=None, packages_up_to=None, packages_up_to_regex=None, packages_above=None, packages_above_and_dependencies=None, packages_above_depth=None, packages_select_by_dep=None, packages_skip_by_dep=None, packages_skip_up_to=None, packages_select_build_failed=False, packages_skip_build_finished=False, packages_select_test_failures=False, packages_skip_test_passed=False, packages_select=['yolobot_slam'], packages_skip=None, packages_select_regex=None, packages_skip_regex=None, packages_start=None, packages_end=None, cmake_args=None, cmake_target=None, cmake_target_skip_unavailable=False, cmake_clean_cache=False, cmake_clean_first=False, cmake_force_configure=False, ament_cmake_args=None, catkin_cmake_args=None, catkin_skip_building_tests=False, verb_parser=<colcon_defaults.argument_parser.defaults.DefaultArgumentsDecorator object at 0x7156e01e41f0>, verb_extension=<colcon_core.verb.build.BuildVerb object at 0x7156e01abbb0>, main=<bound method BuildVerb.main of <colcon_core.verb.build.BuildVerb object at 0x7156e01abbb0>>)
[0.334s] Level 1:colcon.colcon_core.package_discovery:discover_packages(colcon_meta) check parameters
[0.334s] Level 1:colcon.colcon_core.package_discovery:discover_packages(recursive) check parameters
[0.334s] Level 1:colcon.colcon_core.package_discovery:discover_packages(ignore) check parameters
[0.334s] Level 1:colcon.colcon_core.package_discovery:discover_packages(path) check parameters
[0.334s] Level 1:colcon.colcon_core.package_discovery:discover_packages(colcon_meta) discover
[0.334s] Level 1:colcon.colcon_core.package_discovery:discover_packages(recursive) discover
[0.334s] INFO:colcon.colcon_core.package_discovery:Crawling recursively for packages in '/home/aladine/memoir/slam_yolo/yolobot'
[0.334s] Level 1:colcon.colcon_core.package_identification:_identify(.) by extensions ['ignore', 'ignore_ament_install']
[0.335s] Level 1:colcon.colcon_core.package_identification:_identify(.) by extension 'ignore'
[0.335s] Level 1:colcon.colcon_core.package_identification:_identify(.) by extension 'ignore_ament_install'
[0.335s] Level 1:colcon.colcon_core.package_identification:_identify(.) by extensions ['colcon_pkg']
[0.335s] Level 1:colcon.colcon_core.package_identification:_identify(.) by extension 'colcon_pkg'
[0.335s] Level 1:colcon.colcon_core.package_identification:_identify(.) by extensions ['colcon_meta']
[0.335s] Level 1:colcon.colcon_core.package_identification:_identify(.) by extension 'colcon_meta'
[0.335s] Level 1:colcon.colcon_core.package_identification:_identify(.) by extensions ['ros']
[0.335s] Level 1:colcon.colcon_core.package_identification:_identify(.) by extension 'ros'
[0.383s] Level 1:colcon.colcon_core.package_identification:_identify(.) by extensions ['cmake', 'python']
[0.383s] Level 1:colcon.colcon_core.package_identification:_identify(.) by extension 'cmake'
[0.383s] Level 1:colcon.colcon_core.package_identification:_identify(.) by extension 'python'
[0.383s] Level 1:colcon.colcon_core.package_identification:_identify(.) by extensions ['python_setup_py']
[0.383s] Level 1:colcon.colcon_core.package_identification:_identify(.) by extension 'python_setup_py'
[0.384s] Level 1:colcon.colcon_core.package_identification:_identify(build) by extensions ['ignore', 'ignore_ament_install']
[0.384s] Level 1:colcon.colcon_core.package_identification:_identify(build) by extension 'ignore'
[0.384s] Level 1:colcon.colcon_core.package_identification:_identify(build) ignored
[0.384s] Level 1:colcon.colcon_core.package_identification:_identify(install) by extensions ['ignore', 'ignore_ament_install']
[0.384s] Level 1:colcon.colcon_core.package_identification:_identify(install) by extension 'ignore'
[0.384s] Level 1:colcon.colcon_core.package_identification:_identify(install) ignored
[0.385s] Level 1:colcon.colcon_core.package_identification:_identify(log) by extensions ['ignore', 'ignore_ament_install']
[0.385s] Level 1:colcon.colcon_core.package_identification:_identify(log) by extension 'ignore'
[0.385s] Level 1:colcon.colcon_core.package_identification:_identify(log) ignored
[0.385s] Level 1:colcon.colcon_core.package_identification:_identify(models) by extensions ['ignore', 'ignore_ament_install']
[0.385s] Level 1:colcon.colcon_core.package_identification:_identify(models) by extension 'ignore'
[0.385s] Level 1:colcon.colcon_core.package_identification:_identify(models) by extension 'ignore_ament_install'
[0.385s] Level 1:colcon.colcon_core.package_identification:_identify(models) by extensions ['colcon_pkg']
[0.385s] Level 1:colcon.colcon_core.package_identification:_identify(models) by extension 'colcon_pkg'
[0.385s] Level 1:colcon.colcon_core.package_identification:_identify(models) by extensions ['colcon_meta']
[0.385s] Level 1:colcon.colcon_core.package_identification:_identify(models) by extension 'colcon_meta'
[0.385s] Level 1:colcon.colcon_core.package_identification:_identify(models) by extensions ['ros']
[0.385s] Level 1:colcon.colcon_core.package_identification:_identify(models) by extension 'ros'
[0.386s] Level 1:colcon.colcon_core.package_identification:_identify(models) by extensions ['cmake', 'python']
[0.386s] Level 1:colcon.colcon_core.package_identification:_identify(models) by extension 'cmake'
[0.386s] Level 1:colcon.colcon_core.package_identification:_identify(models) by extension 'python'
[0.386s] Level 1:colcon.colcon_core.package_identification:_identify(models) by extensions ['python_setup_py']
[0.386s] Level 1:colcon.colcon_core.package_identification:_identify(models) by extension 'python_setup_py'
[0.386s] Level 1:colcon.colcon_core.package_identification:_identify(models/bus) by extensions ['ignore', 'ignore_ament_install']
[0.386s] Level 1:colcon.colcon_core.package_identification:_identify(models/bus) by extension 'ignore'
[0.387s] Level 1:colcon.colcon_core.package_identification:_identify(models/bus) by extension 'ignore_ament_install'
[0.387s] Level 1:colcon.colcon_core.package_identification:_identify(models/bus) by extensions ['colcon_pkg']
[0.387s] Level 1:colcon.colcon_core.package_identification:_identify(models/bus) by extension 'colcon_pkg'
[0.387s] Level 1:colcon.colcon_core.package_identification:_identify(models/bus) by extensions ['colcon_meta']
[0.387s] Level 1:colcon.colcon_core.package_identification:_identify(models/bus) by extension 'colcon_meta'
[0.387s] Level 1:colcon.colcon_core.package_identification:_identify(models/bus) by extensions ['ros']
[0.387s] Level 1:colcon.colcon_core.package_identification:_identify(models/bus) by extension 'ros'
[0.388s] Level 1:colcon.colcon_core.package_identification:_identify(models/bus) by extensions ['cmake', 'python']
[0.388s] Level 1:colcon.colcon_core.package_identification:_identify(models/bus) by extension 'cmake'
[0.388s] Level 1:colcon.colcon_core.package_identification:_identify(models/bus) by extension 'python'
[0.388s] Level 1:colcon.colcon_core.package_identification:_identify(models/bus) by extensions ['python_setup_py']
[0.388s] Level 1:colcon.colcon_core.package_identification:_identify(models/bus) by extension 'python_setup_py'
[0.388s] Level 1:colcon.colcon_core.package_identification:_identify(models/bus/materials) by extensions ['ignore', 'ignore_ament_install']
[0.389s] Level 1:colcon.colcon_core.package_identification:_identify(models/bus/materials) by extension 'ignore'
[0.389s] Level 1:colcon.colcon_core.package_identification:_identify(models/bus/materials) by extension 'ignore_ament_install'
[0.389s] Level 1:colcon.colcon_core.package_identification:_identify(models/bus/materials) by extensions ['colcon_pkg']
[0.389s] Level 1:colcon.colcon_core.package_identification:_identify(models/bus/materials) by extension 'colcon_pkg'
[0.389s] Level 1:colcon.colcon_core.package_identification:_identify(models/bus/materials) by extensions ['colcon_meta']
[0.389s] Level 1:colcon.colcon_core.package_identification:_identify(models/bus/materials) by extension 'colcon_meta'
[0.389s] Level 1:colcon.colcon_core.package_identification:_identify(models/bus/materials) by extensions ['ros']
[0.390s] Level 1:colcon.colcon_core.package_identification:_identify(models/bus/materials) by extension 'ros'
[0.390s] Level 1:colcon.colcon_core.package_identification:_identify(models/bus/materials) by extensions ['cmake', 'python']
[0.390s] Level 1:colcon.colcon_core.package_identification:_identify(models/bus/materials) by extension 'cmake'
[0.390s] Level 1:colcon.colcon_core.package_identification:_identify(models/bus/materials) by extension 'python'
[0.390s] Level 1:colcon.colcon_core.package_identification:_identify(models/bus/materials) by extensions ['python_setup_py']
[0.390s] Level 1:colcon.colcon_core.package_identification:_identify(models/bus/materials) by extension 'python_setup_py'
[0.390s] Level 1:colcon.colcon_core.package_identification:_identify(models/bus/materials/textures) by extensions ['ignore', 'ignore_ament_install']
[0.390s] Level 1:colcon.colcon_core.package_identification:_identify(models/bus/materials/textures) by extension 'ignore'
[0.390s] Level 1:colcon.colcon_core.package_identification:_identify(models/bus/materials/textures) by extension 'ignore_ament_install'
[0.390s] Level 1:colcon.colcon_core.package_identification:_identify(models/bus/materials/textures) by extensions ['colcon_pkg']
[0.390s] Level 1:colcon.colcon_core.package_identification:_identify(models/bus/materials/textures) by extension 'colcon_pkg'
[0.390s] Level 1:colcon.colcon_core.package_identification:_identify(models/bus/materials/textures) by extensions ['colcon_meta']
[0.391s] Level 1:colcon.colcon_core.package_identification:_identify(models/bus/materials/textures) by extension 'colcon_meta'
[0.391s] Level 1:colcon.colcon_core.package_identification:_identify(models/bus/materials/textures) by extensions ['ros']
[0.391s] Level 1:colcon.colcon_core.package_identification:_identify(models/bus/materials/textures) by extension 'ros'
[0.391s] Level 1:colcon.colcon_core.package_identification:_identify(models/bus/materials/textures) by extensions ['cmake', 'python']
[0.391s] Level 1:colcon.colcon_core.package_identification:_identify(models/bus/materials/textures) by extension 'cmake'
[0.391s] Level 1:colcon.colcon_core.package_identification:_identify(models/bus/materials/textures) by extension 'python'
[0.391s] Level 1:colcon.colcon_core.package_identification:_identify(models/bus/materials/textures) by extensions ['python_setup_py']
[0.391s] Level 1:colcon.colcon_core.package_identification:_identify(models/bus/materials/textures) by extension 'python_setup_py'
[0.391s] Level 1:colcon.colcon_core.package_identification:_identify(models/bus/meshes) by extensions ['ignore', 'ignore_ament_install']
[0.391s] Level 1:colcon.colcon_core.package_identification:_identify(models/bus/meshes) by extension 'ignore'
[0.392s] Level 1:colcon.colcon_core.package_identification:_identify(models/bus/meshes) by extension 'ignore_ament_install'
[0.392s] Level 1:colcon.colcon_core.package_identification:_identify(models/bus/meshes) by extensions ['colcon_pkg']
[0.392s] Level 1:colcon.colcon_core.package_identification:_identify(models/bus/meshes) by extension 'colcon_pkg'
[0.392s] Level 1:colcon.colcon_core.package_identification:_identify(models/bus/meshes) by extensions ['colcon_meta']
[0.392s] Level 1:colcon.colcon_core.package_identification:_identify(models/bus/meshes) by extension 'colcon_meta'
[0.392s] Level 1:colcon.colcon_core.package_identification:_identify(models/bus/meshes) by extensions ['ros']
[0.392s] Level 1:colcon.colcon_core.package_identification:_identify(models/bus/meshes) by extension 'ros'
[0.392s] Level 1:colcon.colcon_core.package_identification:_identify(models/bus/meshes) by extensions ['cmake', 'python']
[0.392s] Level 1:colcon.colcon_core.package_identification:_identify(models/bus/meshes) by extension 'cmake'
[0.392s] Level 1:colcon.colcon_core.package_identification:_identify(models/bus/meshes) by extension 'python'
[0.393s] Level 1:colcon.colcon_core.package_identification:_identify(models/bus/meshes) by extensions ['python_setup_py']
[0.393s] Level 1:colcon.colcon_core.package_identification:_identify(models/bus/meshes) by extension 'python_setup_py'
[0.393s] Level 1:colcon.colcon_core.package_identification:_identify(models/person_standing) by extensions ['ignore', 'ignore_ament_install']
[0.393s] Level 1:colcon.colcon_core.package_identification:_identify(models/person_standing) by extension 'ignore'
[0.393s] Level 1:colcon.colcon_core.package_identification:_identify(models/person_standing) by extension 'ignore_ament_install'
[0.393s] Level 1:colcon.colcon_core.package_identification:_identify(models/person_standing) by extensions ['colcon_pkg']
[0.393s] Level 1:colcon.colcon_core.package_identification:_identify(models/person_standing) by extension 'colcon_pkg'
[0.393s] Level 1:colcon.colcon_core.package_identification:_identify(models/person_standing) by extensions ['colcon_meta']
[0.393s] Level 1:colcon.colcon_core.package_identification:_identify(models/person_standing) by extension 'colcon_meta'
[0.394s] Level 1:colcon.colcon_core.package_identification:_identify(models/person_standing) by extensions ['ros']
[0.394s] Level 1:colcon.colcon_core.package_identification:_identify(models/person_standing) by extension 'ros'
[0.394s] Level 1:colcon.colcon_core.package_identification:_identify(models/person_standing) by extensions ['cmake', 'python']
[0.394s] Level 1:colcon.colcon_core.package_identification:_identify(models/person_standing) by extension 'cmake'
[0.394s] Level 1:colcon.colcon_core.package_identification:_identify(models/person_standing) by extension 'python'
[0.394s] Level 1:colcon.colcon_core.package_identification:_identify(models/person_standing) by extensions ['python_setup_py']
[0.394s] Level 1:colcon.colcon_core.package_identification:_identify(models/person_standing) by extension 'python_setup_py'
[0.394s] Level 1:colcon.colcon_core.package_identification:_identify(models/person_standing/materials) by extensions ['ignore', 'ignore_ament_install']
[0.394s] Level 1:colcon.colcon_core.package_identification:_identify(models/person_standing/materials) by extension 'ignore'
[0.395s] Level 1:colcon.colcon_core.package_identification:_identify(models/person_standing/materials) by extension 'ignore_ament_install'
[0.395s] Level 1:colcon.colcon_core.package_identification:_identify(models/person_standing/materials) by extensions ['colcon_pkg']
[0.395s] Level 1:colcon.colcon_core.package_identification:_identify(models/person_standing/materials) by extension 'colcon_pkg'
[0.395s] Level 1:colcon.colcon_core.package_identification:_identify(models/person_standing/materials) by extensions ['colcon_meta']
[0.395s] Level 1:colcon.colcon_core.package_identification:_identify(models/person_standing/materials) by extension 'colcon_meta'
[0.395s] Level 1:colcon.colcon_core.package_identification:_identify(models/person_standing/materials) by extensions ['ros']
[0.395s] Level 1:colcon.colcon_core.package_identification:_identify(models/person_standing/materials) by extension 'ros'
[0.395s] Level 1:colcon.colcon_core.package_identification:_identify(models/person_standing/materials) by extensions ['cmake', 'python']
[0.395s] Level 1:colcon.colcon_core.package_identification:_identify(models/person_standing/materials) by extension 'cmake'
[0.395s] Level 1:colcon.colcon_core.package_identification:_identify(models/person_standing/materials) by extension 'python'
[0.395s] Level 1:colcon.colcon_core.package_identification:_identify(models/person_standing/materials) by extensions ['python_setup_py']
[0.395s] Level 1:colcon.colcon_core.package_identification:_identify(models/person_standing/materials) by extension 'python_setup_py'
[0.396s] Level 1:colcon.colcon_core.package_identification:_identify(models/person_standing/materials/textures) by extensions ['ignore', 'ignore_ament_install']
[0.396s] Level 1:colcon.colcon_core.package_identification:_identify(models/person_standing/materials/textures) by extension 'ignore'
[0.396s] Level 1:colcon.colcon_core.package_identification:_identify(models/person_standing/materials/textures) by extension 'ignore_ament_install'
[0.396s] Level 1:colcon.colcon_core.package_identification:_identify(models/person_standing/materials/textures) by extensions ['colcon_pkg']
[0.396s] Level 1:colcon.colcon_core.package_identification:_identify(models/person_standing/materials/textures) by extension 'colcon_pkg'
[0.396s] Level 1:colcon.colcon_core.package_identification:_identify(models/person_standing/materials/textures) by extensions ['colcon_meta']
[0.396s] Level 1:colcon.colcon_core.package_identification:_identify(models/person_standing/materials/textures) by extension 'colcon_meta'
[0.396s] Level 1:colcon.colcon_core.package_identification:_identify(models/person_standing/materials/textures) by extensions ['ros']
[0.396s] Level 1:colcon.colcon_core.package_identification:_identify(models/person_standing/materials/textures) by extension 'ros'
[0.397s] Level 1:colcon.colcon_core.package_identification:_identify(models/person_standing/materials/textures) by extensions ['cmake', 'python']
[0.397s] Level 1:colcon.colcon_core.package_identification:_identify(models/person_standing/materials/textures) by extension 'cmake'
[0.397s] Level 1:colcon.colcon_core.package_identification:_identify(models/person_standing/materials/textures) by extension 'python'
[0.397s] Level 1:colcon.colcon_core.package_identification:_identify(models/person_standing/materials/textures) by extensions ['python_setup_py']
[0.397s] Level 1:colcon.colcon_core.package_identification:_identify(models/person_standing/materials/textures) by extension 'python_setup_py'
[0.397s] Level 1:colcon.colcon_core.package_identification:_identify(models/person_standing/meshes) by extensions ['ignore', 'ignore_ament_install']
[0.397s] Level 1:colcon.colcon_core.package_identification:_identify(models/person_standing/meshes) by extension 'ignore'
[0.397s] Level 1:colcon.colcon_core.package_identification:_identify(models/person_standing/meshes) by extension 'ignore_ament_install'
[0.397s] Level 1:colcon.colcon_core.package_identification:_identify(models/person_standing/meshes) by extensions ['colcon_pkg']
[0.397s] Level 1:colcon.colcon_core.package_identification:_identify(models/person_standing/meshes) by extension 'colcon_pkg'
[0.398s] Level 1:colcon.colcon_core.package_identification:_identify(models/person_standing/meshes) by extensions ['colcon_meta']
[0.398s] Level 1:colcon.colcon_core.package_identification:_identify(models/person_standing/meshes) by extension 'colcon_meta'
[0.398s] Level 1:colcon.colcon_core.package_identification:_identify(models/person_standing/meshes) by extensions ['ros']
[0.398s] Level 1:colcon.colcon_core.package_identification:_identify(models/person_standing/meshes) by extension 'ros'
[0.398s] Level 1:colcon.colcon_core.package_identification:_identify(models/person_standing/meshes) by extensions ['cmake', 'python']
[0.398s] Level 1:colcon.colcon_core.package_identification:_identify(models/person_standing/meshes) by extension 'cmake'
[0.398s] Level 1:colcon.colcon_core.package_identification:_identify(models/person_standing/meshes) by extension 'python'
[0.398s] Level 1:colcon.colcon_core.package_identification:_identify(models/person_standing/meshes) by extensions ['python_setup_py']
[0.398s] Level 1:colcon.colcon_core.package_identification:_identify(models/person_standing/meshes) by extension 'python_setup_py'
[0.398s] Level 1:colcon.colcon_core.package_identification:_identify(models/postbox) by extensions ['ignore', 'ignore_ament_install']
[0.398s] Level 1:colcon.colcon_core.package_identification:_identify(models/postbox) by extension 'ignore'
[0.399s] Level 1:colcon.colcon_core.package_identification:_identify(models/postbox) by extension 'ignore_ament_install'
[0.399s] Level 1:colcon.colcon_core.package_identification:_identify(models/postbox) by extensions ['colcon_pkg']
[0.399s] Level 1:colcon.colcon_core.package_identification:_identify(models/postbox) by extension 'colcon_pkg'
[0.399s] Level 1:colcon.colcon_core.package_identification:_identify(models/postbox) by extensions ['colcon_meta']
[0.399s] Level 1:colcon.colcon_core.package_identification:_identify(models/postbox) by extension 'colcon_meta'
[0.399s] Level 1:colcon.colcon_core.package_identification:_identify(models/postbox) by extensions ['ros']
[0.399s] Level 1:colcon.colcon_core.package_identification:_identify(models/postbox) by extension 'ros'
[0.399s] Level 1:colcon.colcon_core.package_identification:_identify(models/postbox) by extensions ['cmake', 'python']
[0.399s] Level 1:colcon.colcon_core.package_identification:_identify(models/postbox) by extension 'cmake'
[0.399s] Level 1:colcon.colcon_core.package_identification:_identify(models/postbox) by extension 'python'
[0.399s] Level 1:colcon.colcon_core.package_identification:_identify(models/postbox) by extensions ['python_setup_py']
[0.399s] Level 1:colcon.colcon_core.package_identification:_identify(models/postbox) by extension 'python_setup_py'
[0.400s] Level 1:colcon.colcon_core.package_identification:_identify(models/postbox/materials) by extensions ['ignore', 'ignore_ament_install']
[0.400s] Level 1:colcon.colcon_core.package_identification:_identify(models/postbox/materials) by extension 'ignore'
[0.400s] Level 1:colcon.colcon_core.package_identification:_identify(models/postbox/materials) by extension 'ignore_ament_install'
[0.400s] Level 1:colcon.colcon_core.package_identification:_identify(models/postbox/materials) by extensions ['colcon_pkg']
[0.400s] Level 1:colcon.colcon_core.package_identification:_identify(models/postbox/materials) by extension 'colcon_pkg'
[0.400s] Level 1:colcon.colcon_core.package_identification:_identify(models/postbox/materials) by extensions ['colcon_meta']
[0.400s] Level 1:colcon.colcon_core.package_identification:_identify(models/postbox/materials) by extension 'colcon_meta'
[0.400s] Level 1:colcon.colcon_core.package_identification:_identify(models/postbox/materials) by extensions ['ros']
[0.400s] Level 1:colcon.colcon_core.package_identification:_identify(models/postbox/materials) by extension 'ros'
[0.400s] Level 1:colcon.colcon_core.package_identification:_identify(models/postbox/materials) by extensions ['cmake', 'python']
[0.400s] Level 1:colcon.colcon_core.package_identification:_identify(models/postbox/materials) by extension 'cmake'
[0.401s] Level 1:colcon.colcon_core.package_identification:_identify(models/postbox/materials) by extension 'python'
[0.401s] Level 1:colcon.colcon_core.package_identification:_identify(models/postbox/materials) by extensions ['python_setup_py']
[0.401s] Level 1:colcon.colcon_core.package_identification:_identify(models/postbox/materials) by extension 'python_setup_py'
[0.401s] Level 1:colcon.colcon_core.package_identification:_identify(models/postbox/materials/textures) by extensions ['ignore', 'ignore_ament_install']
[0.401s] Level 1:colcon.colcon_core.package_identification:_identify(models/postbox/materials/textures) by extension 'ignore'
[0.401s] Level 1:colcon.colcon_core.package_identification:_identify(models/postbox/materials/textures) by extension 'ignore_ament_install'
[0.401s] Level 1:colcon.colcon_core.package_identification:_identify(models/postbox/materials/textures) by extensions ['colcon_pkg']
[0.401s] Level 1:colcon.colcon_core.package_identification:_identify(models/postbox/materials/textures) by extension 'colcon_pkg'
[0.401s] Level 1:colcon.colcon_core.package_identification:_identify(models/postbox/materials/textures) by extensions ['colcon_meta']
[0.401s] Level 1:colcon.colcon_core.package_identification:_identify(models/postbox/materials/textures) by extension 'colcon_meta'
[0.401s] Level 1:colcon.colcon_core.package_identification:_identify(models/postbox/materials/textures) by extensions ['ros']
[0.402s] Level 1:colcon.colcon_core.package_identification:_identify(models/postbox/materials/textures) by extension 'ros'
[0.402s] Level 1:colcon.colcon_core.package_identification:_identify(models/postbox/materials/textures) by extensions ['cmake', 'python']
[0.402s] Level 1:colcon.colcon_core.package_identification:_identify(models/postbox/materials/textures) by extension 'cmake'
[0.402s] Level 1:colcon.colcon_core.package_identification:_identify(models/postbox/materials/textures) by extension 'python'
[0.402s] Level 1:colcon.colcon_core.package_identification:_identify(models/postbox/materials/textures) by extensions ['python_setup_py']
[0.402s] Level 1:colcon.colcon_core.package_identification:_identify(models/postbox/materials/textures) by extension 'python_setup_py'
[0.402s] Level 1:colcon.colcon_core.package_identification:_identify(models/postbox/meshes) by extensions ['ignore', 'ignore_ament_install']
[0.402s] Level 1:colcon.colcon_core.package_identification:_identify(models/postbox/meshes) by extension 'ignore'
[0.402s] Level 1:colcon.colcon_core.package_identification:_identify(models/postbox/meshes) by extension 'ignore_ament_install'
[0.403s] Level 1:colcon.colcon_core.package_identification:_identify(models/postbox/meshes) by extensions ['colcon_pkg']
[0.403s] Level 1:colcon.colcon_core.package_identification:_identify(models/postbox/meshes) by extension 'colcon_pkg'
[0.403s] Level 1:colcon.colcon_core.package_identification:_identify(models/postbox/meshes) by extensions ['colcon_meta']
[0.403s] Level 1:colcon.colcon_core.package_identification:_identify(models/postbox/meshes) by extension 'colcon_meta'
[0.403s] Level 1:colcon.colcon_core.package_identification:_identify(models/postbox/meshes) by extensions ['ros']
[0.403s] Level 1:colcon.colcon_core.package_identification:_identify(models/postbox/meshes) by extension 'ros'
[0.403s] Level 1:colcon.colcon_core.package_identification:_identify(models/postbox/meshes) by extensions ['cmake', 'python']
[0.403s] Level 1:colcon.colcon_core.package_identification:_identify(models/postbox/meshes) by extension 'cmake'
[0.403s] Level 1:colcon.colcon_core.package_identification:_identify(models/postbox/meshes) by extension 'python'
[0.403s] Level 1:colcon.colcon_core.package_identification:_identify(models/postbox/meshes) by extensions ['python_setup_py']
[0.403s] Level 1:colcon.colcon_core.package_identification:_identify(models/postbox/meshes) by extension 'python_setup_py'
[0.404s] Level 1:colcon.colcon_core.package_identification:_identify(models/prius_hybrid) by extensions ['ignore', 'ignore_ament_install']
[0.404s] Level 1:colcon.colcon_core.package_identification:_identify(models/prius_hybrid) by extension 'ignore'
[0.404s] Level 1:colcon.colcon_core.package_identification:_identify(models/prius_hybrid) by extension 'ignore_ament_install'
[0.405s] Level 1:colcon.colcon_core.package_identification:_identify(models/prius_hybrid) by extensions ['colcon_pkg']
[0.405s] Level 1:colcon.colcon_core.package_identification:_identify(models/prius_hybrid) by extension 'colcon_pkg'
[0.405s] Level 1:colcon.colcon_core.package_identification:_identify(models/prius_hybrid) by extensions ['colcon_meta']
[0.405s] Level 1:colcon.colcon_core.package_identification:_identify(models/prius_hybrid) by extension 'colcon_meta'
[0.406s] Level 1:colcon.colcon_core.package_identification:_identify(models/prius_hybrid) by extensions ['ros']
[0.406s] Level 1:colcon.colcon_core.package_identification:_identify(models/prius_hybrid) by extension 'ros'
[0.406s] Level 1:colcon.colcon_core.package_identification:_identify(models/prius_hybrid) by extensions ['cmake', 'python']
[0.406s] Level 1:colcon.colcon_core.package_identification:_identify(models/prius_hybrid) by extension 'cmake'
[0.406s] Level 1:colcon.colcon_core.package_identification:_identify(models/prius_hybrid) by extension 'python'
[0.406s] Level 1:colcon.colcon_core.package_identification:_identify(models/prius_hybrid) by extensions ['python_setup_py']
[0.406s] Level 1:colcon.colcon_core.package_identification:_identify(models/prius_hybrid) by extension 'python_setup_py'
[0.407s] Level 1:colcon.colcon_core.package_identification:_identify(models/prius_hybrid/materials) by extensions ['ignore', 'ignore_ament_install']
[0.407s] Level 1:colcon.colcon_core.package_identification:_identify(models/prius_hybrid/materials) by extension 'ignore'
[0.407s] Level 1:colcon.colcon_core.package_identification:_identify(models/prius_hybrid/materials) by extension 'ignore_ament_install'
[0.408s] Level 1:colcon.colcon_core.package_identification:_identify(models/prius_hybrid/materials) by extensions ['colcon_pkg']
[0.408s] Level 1:colcon.colcon_core.package_identification:_identify(models/prius_hybrid/materials) by extension 'colcon_pkg'
[0.408s] Level 1:colcon.colcon_core.package_identification:_identify(models/prius_hybrid/materials) by extensions ['colcon_meta']
[0.408s] Level 1:colcon.colcon_core.package_identification:_identify(models/prius_hybrid/materials) by extension 'colcon_meta'
[0.408s] Level 1:colcon.colcon_core.package_identification:_identify(models/prius_hybrid/materials) by extensions ['ros']
[0.408s] Level 1:colcon.colcon_core.package_identification:_identify(models/prius_hybrid/materials) by extension 'ros'
[0.408s] Level 1:colcon.colcon_core.package_identification:_identify(models/prius_hybrid/materials) by extensions ['cmake', 'python']
[0.409s] Level 1:colcon.colcon_core.package_identification:_identify(models/prius_hybrid/materials) by extension 'cmake'
[0.409s] Level 1:colcon.colcon_core.package_identification:_identify(models/prius_hybrid/materials) by extension 'python'
[0.409s] Level 1:colcon.colcon_core.package_identification:_identify(models/prius_hybrid/materials) by extensions ['python_setup_py']
[0.409s] Level 1:colcon.colcon_core.package_identification:_identify(models/prius_hybrid/materials) by extension 'python_setup_py'
[0.409s] Level 1:colcon.colcon_core.package_identification:_identify(models/prius_hybrid/materials/textures) by extensions ['ignore', 'ignore_ament_install']
[0.409s] Level 1:colcon.colcon_core.package_identification:_identify(models/prius_hybrid/materials/textures) by extension 'ignore'
[0.410s] Level 1:colcon.colcon_core.package_identification:_identify(models/prius_hybrid/materials/textures) by extension 'ignore_ament_install'
[0.410s] Level 1:colcon.colcon_core.package_identification:_identify(models/prius_hybrid/materials/textures) by extensions ['colcon_pkg']
[0.410s] Level 1:colcon.colcon_core.package_identification:_identify(models/prius_hybrid/materials/textures) by extension 'colcon_pkg'
[0.410s] Level 1:colcon.colcon_core.package_identification:_identify(models/prius_hybrid/materials/textures) by extensions ['colcon_meta']
[0.410s] Level 1:colcon.colcon_core.package_identification:_identify(models/prius_hybrid/materials/textures) by extension 'colcon_meta'
[0.410s] Level 1:colcon.colcon_core.package_identification:_identify(models/prius_hybrid/materials/textures) by extensions ['ros']
[0.410s] Level 1:colcon.colcon_core.package_identification:_identify(models/prius_hybrid/materials/textures) by extension 'ros'
[0.410s] Level 1:colcon.colcon_core.package_identification:_identify(models/prius_hybrid/materials/textures) by extensions ['cmake', 'python']
[0.410s] Level 1:colcon.colcon_core.package_identification:_identify(models/prius_hybrid/materials/textures) by extension 'cmake'
[0.410s] Level 1:colcon.colcon_core.package_identification:_identify(models/prius_hybrid/materials/textures) by extension 'python'
[0.410s] Level 1:colcon.colcon_core.package_identification:_identify(models/prius_hybrid/materials/textures) by extensions ['python_setup_py']
[0.410s] Level 1:colcon.colcon_core.package_identification:_identify(models/prius_hybrid/materials/textures) by extension 'python_setup_py'
[0.411s] Level 1:colcon.colcon_core.package_identification:_identify(models/prius_hybrid/meshes) by extensions ['ignore', 'ignore_ament_install']
[0.411s] Level 1:colcon.colcon_core.package_identification:_identify(models/prius_hybrid/meshes) by extension 'ignore'
[0.411s] Level 1:colcon.colcon_core.package_identification:_identify(models/prius_hybrid/meshes) by extension 'ignore_ament_install'
[0.411s] Level 1:colcon.colcon_core.package_identification:_identify(models/prius_hybrid/meshes) by extensions ['colcon_pkg']
[0.411s] Level 1:colcon.colcon_core.package_identification:_identify(models/prius_hybrid/meshes) by extension 'colcon_pkg'
[0.411s] Level 1:colcon.colcon_core.package_identification:_identify(models/prius_hybrid/meshes) by extensions ['colcon_meta']
[0.411s] Level 1:colcon.colcon_core.package_identification:_identify(models/prius_hybrid/meshes) by extension 'colcon_meta'
[0.411s] Level 1:colcon.colcon_core.package_identification:_identify(models/prius_hybrid/meshes) by extensions ['ros']
[0.412s] Level 1:colcon.colcon_core.package_identification:_identify(models/prius_hybrid/meshes) by extension 'ros'
[0.412s] Level 1:colcon.colcon_core.package_identification:_identify(models/prius_hybrid/meshes) by extensions ['cmake', 'python']
[0.412s] Level 1:colcon.colcon_core.package_identification:_identify(models/prius_hybrid/meshes) by extension 'cmake'
[0.412s] Level 1:colcon.colcon_core.package_identification:_identify(models/prius_hybrid/meshes) by extension 'python'
[0.412s] Level 1:colcon.colcon_core.package_identification:_identify(models/prius_hybrid/meshes) by extensions ['python_setup_py']
[0.412s] Level 1:colcon.colcon_core.package_identification:_identify(models/prius_hybrid/meshes) by extension 'python_setup_py'
[0.412s] Level 1:colcon.colcon_core.package_identification:_identify(models/stop_sign) by extensions ['ignore', 'ignore_ament_install']
[0.412s] Level 1:colcon.colcon_core.package_identification:_identify(models/stop_sign) by extension 'ignore'
[0.412s] Level 1:colcon.colcon_core.package_identification:_identify(models/stop_sign) by extension 'ignore_ament_install'
[0.413s] Level 1:colcon.colcon_core.package_identification:_identify(models/stop_sign) by extensions ['colcon_pkg']
[0.413s] Level 1:colcon.colcon_core.package_identification:_identify(models/stop_sign) by extension 'colcon_pkg'
[0.413s] Level 1:colcon.colcon_core.package_identification:_identify(models/stop_sign) by extensions ['colcon_meta']
[0.413s] Level 1:colcon.colcon_core.package_identification:_identify(models/stop_sign) by extension 'colcon_meta'
[0.413s] Level 1:colcon.colcon_core.package_identification:_identify(models/stop_sign) by extensions ['ros']
[0.413s] Level 1:colcon.colcon_core.package_identification:_identify(models/stop_sign) by extension 'ros'
[0.413s] Level 1:colcon.colcon_core.package_identification:_identify(models/stop_sign) by extensions ['cmake', 'python']
[0.413s] Level 1:colcon.colcon_core.package_identification:_identify(models/stop_sign) by extension 'cmake'
[0.413s] Level 1:colcon.colcon_core.package_identification:_identify(models/stop_sign) by extension 'python'
[0.413s] Level 1:colcon.colcon_core.package_identification:_identify(models/stop_sign) by extensions ['python_setup_py']
[0.413s] Level 1:colcon.colcon_core.package_identification:_identify(models/stop_sign) by extension 'python_setup_py'
[0.413s] Level 1:colcon.colcon_core.package_identification:_identify(models/stop_sign/materials) by extensions ['ignore', 'ignore_ament_install']
[0.413s] Level 1:colcon.colcon_core.package_identification:_identify(models/stop_sign/materials) by extension 'ignore'
[0.413s] Level 1:colcon.colcon_core.package_identification:_identify(models/stop_sign/materials) by extension 'ignore_ament_install'
[0.413s] Level 1:colcon.colcon_core.package_identification:_identify(models/stop_sign/materials) by extensions ['colcon_pkg']
[0.413s] Level 1:colcon.colcon_core.package_identification:_identify(models/stop_sign/materials) by extension 'colcon_pkg'
[0.413s] Level 1:colcon.colcon_core.package_identification:_identify(models/stop_sign/materials) by extensions ['colcon_meta']
[0.413s] Level 1:colcon.colcon_core.package_identification:_identify(models/stop_sign/materials) by extension 'colcon_meta'
[0.414s] Level 1:colcon.colcon_core.package_identification:_identify(models/stop_sign/materials) by extensions ['ros']
[0.414s] Level 1:colcon.colcon_core.package_identification:_identify(models/stop_sign/materials) by extension 'ros'
[0.414s] Level 1:colcon.colcon_core.package_identification:_identify(models/stop_sign/materials) by extensions ['cmake', 'python']
[0.414s] Level 1:colcon.colcon_core.package_identification:_identify(models/stop_sign/materials) by extension 'cmake'
[0.414s] Level 1:colcon.colcon_core.package_identification:_identify(models/stop_sign/materials) by extension 'python'
[0.414s] Level 1:colcon.colcon_core.package_identification:_identify(models/stop_sign/materials) by extensions ['python_setup_py']
[0.414s] Level 1:colcon.colcon_core.package_identification:_identify(models/stop_sign/materials) by extension 'python_setup_py'
[0.414s] Level 1:colcon.colcon_core.package_identification:_identify(models/stop_sign/materials/scripts) by extensions ['ignore', 'ignore_ament_install']
[0.414s] Level 1:colcon.colcon_core.package_identification:_identify(models/stop_sign/materials/scripts) by extension 'ignore'
[0.414s] Level 1:colcon.colcon_core.package_identification:_identify(models/stop_sign/materials/scripts) by extension 'ignore_ament_install'
[0.414s] Level 1:colcon.colcon_core.package_identification:_identify(models/stop_sign/materials/scripts) by extensions ['colcon_pkg']
[0.414s] Level 1:colcon.colcon_core.package_identification:_identify(models/stop_sign/materials/scripts) by extension 'colcon_pkg'
[0.414s] Level 1:colcon.colcon_core.package_identification:_identify(models/stop_sign/materials/scripts) by extensions ['colcon_meta']
[0.414s] Level 1:colcon.colcon_core.package_identification:_identify(models/stop_sign/materials/scripts) by extension 'colcon_meta'
[0.414s] Level 1:colcon.colcon_core.package_identification:_identify(models/stop_sign/materials/scripts) by extensions ['ros']
[0.414s] Level 1:colcon.colcon_core.package_identification:_identify(models/stop_sign/materials/scripts) by extension 'ros'
[0.415s] Level 1:colcon.colcon_core.package_identification:_identify(models/stop_sign/materials/scripts) by extensions ['cmake', 'python']
[0.415s] Level 1:colcon.colcon_core.package_identification:_identify(models/stop_sign/materials/scripts) by extension 'cmake'
[0.415s] Level 1:colcon.colcon_core.package_identification:_identify(models/stop_sign/materials/scripts) by extension 'python'
[0.415s] Level 1:colcon.colcon_core.package_identification:_identify(models/stop_sign/materials/scripts) by extensions ['python_setup_py']
[0.415s] Level 1:colcon.colcon_core.package_identification:_identify(models/stop_sign/materials/scripts) by extension 'python_setup_py'
[0.415s] Level 1:colcon.colcon_core.package_identification:_identify(models/stop_sign/materials/textures) by extensions ['ignore', 'ignore_ament_install']
[0.415s] Level 1:colcon.colcon_core.package_identification:_identify(models/stop_sign/materials/textures) by extension 'ignore'
[0.415s] Level 1:colcon.colcon_core.package_identification:_identify(models/stop_sign/materials/textures) by extension 'ignore_ament_install'
[0.415s] Level 1:colcon.colcon_core.package_identification:_identify(models/stop_sign/materials/textures) by extensions ['colcon_pkg']
[0.415s] Level 1:colcon.colcon_core.package_identification:_identify(models/stop_sign/materials/textures) by extension 'colcon_pkg'
[0.415s] Level 1:colcon.colcon_core.package_identification:_identify(models/stop_sign/materials/textures) by extensions ['colcon_meta']
[0.415s] Level 1:colcon.colcon_core.package_identification:_identify(models/stop_sign/materials/textures) by extension 'colcon_meta'
[0.415s] Level 1:colcon.colcon_core.package_identification:_identify(models/stop_sign/materials/textures) by extensions ['ros']
[0.415s] Level 1:colcon.colcon_core.package_identification:_identify(models/stop_sign/materials/textures) by extension 'ros'
[0.415s] Level 1:colcon.colcon_core.package_identification:_identify(models/stop_sign/materials/textures) by extensions ['cmake', 'python']
[0.415s] Level 1:colcon.colcon_core.package_identification:_identify(models/stop_sign/materials/textures) by extension 'cmake'
[0.415s] Level 1:colcon.colcon_core.package_identification:_identify(models/stop_sign/materials/textures) by extension 'python'
[0.416s] Level 1:colcon.colcon_core.package_identification:_identify(models/stop_sign/materials/textures) by extensions ['python_setup_py']
[0.416s] Level 1:colcon.colcon_core.package_identification:_identify(models/stop_sign/materials/textures) by extension 'python_setup_py'
[0.416s] Level 1:colcon.colcon_core.package_identification:_identify(models/stop_sign/meshes) by extensions ['ignore', 'ignore_ament_install']
[0.416s] Level 1:colcon.colcon_core.package_identification:_identify(models/stop_sign/meshes) by extension 'ignore'
[0.416s] Level 1:colcon.colcon_core.package_identification:_identify(models/stop_sign/meshes) by extension 'ignore_ament_install'
[0.416s] Level 1:colcon.colcon_core.package_identification:_identify(models/stop_sign/meshes) by extensions ['colcon_pkg']
[0.416s] Level 1:colcon.colcon_core.package_identification:_identify(models/stop_sign/meshes) by extension 'colcon_pkg'
[0.416s] Level 1:colcon.colcon_core.package_identification:_identify(models/stop_sign/meshes) by extensions ['colcon_meta']
[0.416s] Level 1:colcon.colcon_core.package_identification:_identify(models/stop_sign/meshes) by extension 'colcon_meta'
[0.416s] Level 1:colcon.colcon_core.package_identification:_identify(models/stop_sign/meshes) by extensions ['ros']
[0.416s] Level 1:colcon.colcon_core.package_identification:_identify(models/stop_sign/meshes) by extension 'ros'
[0.416s] Level 1:colcon.colcon_core.package_identification:_identify(models/stop_sign/meshes) by extensions ['cmake', 'python']
[0.416s] Level 1:colcon.colcon_core.package_identification:_identify(models/stop_sign/meshes) by extension 'cmake'
[0.416s] Level 1:colcon.colcon_core.package_identification:_identify(models/stop_sign/meshes) by extension 'python'
[0.416s] Level 1:colcon.colcon_core.package_identification:_identify(models/stop_sign/meshes) by extensions ['python_setup_py']
[0.416s] Level 1:colcon.colcon_core.package_identification:_identify(models/stop_sign/meshes) by extension 'python_setup_py'
[0.417s] Level 1:colcon.colcon_core.package_identification:_identify(models/suv) by extensions ['ignore', 'ignore_ament_install']
[0.417s] Level 1:colcon.colcon_core.package_identification:_identify(models/suv) by extension 'ignore'
[0.417s] Level 1:colcon.colcon_core.package_identification:_identify(models/suv) by extension 'ignore_ament_install'
[0.417s] Level 1:colcon.colcon_core.package_identification:_identify(models/suv) by extensions ['colcon_pkg']
[0.417s] Level 1:colcon.colcon_core.package_identification:_identify(models/suv) by extension 'colcon_pkg'
[0.417s] Level 1:colcon.colcon_core.package_identification:_identify(models/suv) by extensions ['colcon_meta']
[0.417s] Level 1:colcon.colcon_core.package_identification:_identify(models/suv) by extension 'colcon_meta'
[0.417s] Level 1:colcon.colcon_core.package_identification:_identify(models/suv) by extensions ['ros']
[0.417s] Level 1:colcon.colcon_core.package_identification:_identify(models/suv) by extension 'ros'
[0.417s] Level 1:colcon.colcon_core.package_identification:_identify(models/suv) by extensions ['cmake', 'python']
[0.417s] Level 1:colcon.colcon_core.package_identification:_identify(models/suv) by extension 'cmake'
[0.417s] Level 1:colcon.colcon_core.package_identification:_identify(models/suv) by extension 'python'
[0.417s] Level 1:colcon.colcon_core.package_identification:_identify(models/suv) by extensions ['python_setup_py']
[0.417s] Level 1:colcon.colcon_core.package_identification:_identify(models/suv) by extension 'python_setup_py'
[0.417s] Level 1:colcon.colcon_core.package_identification:_identify(models/suv/materials) by extensions ['ignore', 'ignore_ament_install']
[0.417s] Level 1:colcon.colcon_core.package_identification:_identify(models/suv/materials) by extension 'ignore'
[0.418s] Level 1:colcon.colcon_core.package_identification:_identify(models/suv/materials) by extension 'ignore_ament_install'
[0.418s] Level 1:colcon.colcon_core.package_identification:_identify(models/suv/materials) by extensions ['colcon_pkg']
[0.418s] Level 1:colcon.colcon_core.package_identification:_identify(models/suv/materials) by extension 'colcon_pkg'
[0.418s] Level 1:colcon.colcon_core.package_identification:_identify(models/suv/materials) by extensions ['colcon_meta']
[0.418s] Level 1:colcon.colcon_core.package_identification:_identify(models/suv/materials) by extension 'colcon_meta'
[0.418s] Level 1:colcon.colcon_core.package_identification:_identify(models/suv/materials) by extensions ['ros']
[0.418s] Level 1:colcon.colcon_core.package_identification:_identify(models/suv/materials) by extension 'ros'
[0.418s] Level 1:colcon.colcon_core.package_identification:_identify(models/suv/materials) by extensions ['cmake', 'python']
[0.418s] Level 1:colcon.colcon_core.package_identification:_identify(models/suv/materials) by extension 'cmake'
[0.418s] Level 1:colcon.colcon_core.package_identification:_identify(models/suv/materials) by extension 'python'
[0.418s] Level 1:colcon.colcon_core.package_identification:_identify(models/suv/materials) by extensions ['python_setup_py']
[0.418s] Level 1:colcon.colcon_core.package_identification:_identify(models/suv/materials) by extension 'python_setup_py'
[0.418s] Level 1:colcon.colcon_core.package_identification:_identify(models/suv/materials/textures) by extensions ['ignore', 'ignore_ament_install']
[0.418s] Level 1:colcon.colcon_core.package_identification:_identify(models/suv/materials/textures) by extension 'ignore'
[0.418s] Level 1:colcon.colcon_core.package_identification:_identify(models/suv/materials/textures) by extension 'ignore_ament_install'
[0.418s] Level 1:colcon.colcon_core.package_identification:_identify(models/suv/materials/textures) by extensions ['colcon_pkg']
[0.418s] Level 1:colcon.colcon_core.package_identification:_identify(models/suv/materials/textures) by extension 'colcon_pkg'
[0.419s] Level 1:colcon.colcon_core.package_identification:_identify(models/suv/materials/textures) by extensions ['colcon_meta']
[0.419s] Level 1:colcon.colcon_core.package_identification:_identify(models/suv/materials/textures) by extension 'colcon_meta'
[0.419s] Level 1:colcon.colcon_core.package_identification:_identify(models/suv/materials/textures) by extensions ['ros']
[0.419s] Level 1:colcon.colcon_core.package_identification:_identify(models/suv/materials/textures) by extension 'ros'
[0.419s] Level 1:colcon.colcon_core.package_identification:_identify(models/suv/materials/textures) by extensions ['cmake', 'python']
[0.419s] Level 1:colcon.colcon_core.package_identification:_identify(models/suv/materials/textures) by extension 'cmake'
[0.419s] Level 1:colcon.colcon_core.package_identification:_identify(models/suv/materials/textures) by extension 'python'
[0.419s] Level 1:colcon.colcon_core.package_identification:_identify(models/suv/materials/textures) by extensions ['python_setup_py']
[0.419s] Level 1:colcon.colcon_core.package_identification:_identify(models/suv/materials/textures) by extension 'python_setup_py'
[0.419s] Level 1:colcon.colcon_core.package_identification:_identify(models/suv/meshes) by extensions ['ignore', 'ignore_ament_install']
[0.419s] Level 1:colcon.colcon_core.package_identification:_identify(models/suv/meshes) by extension 'ignore'
[0.419s] Level 1:colcon.colcon_core.package_identification:_identify(models/suv/meshes) by extension 'ignore_ament_install'
[0.419s] Level 1:colcon.colcon_core.package_identification:_identify(models/suv/meshes) by extensions ['colcon_pkg']
[0.419s] Level 1:colcon.colcon_core.package_identification:_identify(models/suv/meshes) by extension 'colcon_pkg'
[0.419s] Level 1:colcon.colcon_core.package_identification:_identify(models/suv/meshes) by extensions ['colcon_meta']
[0.419s] Level 1:colcon.colcon_core.package_identification:_identify(models/suv/meshes) by extension 'colcon_meta'
[0.419s] Level 1:colcon.colcon_core.package_identification:_identify(models/suv/meshes) by extensions ['ros']
[0.420s] Level 1:colcon.colcon_core.package_identification:_identify(models/suv/meshes) by extension 'ros'
[0.420s] Level 1:colcon.colcon_core.package_identification:_identify(models/suv/meshes) by extensions ['cmake', 'python']
[0.420s] Level 1:colcon.colcon_core.package_identification:_identify(models/suv/meshes) by extension 'cmake'
[0.420s] Level 1:colcon.colcon_core.package_identification:_identify(models/suv/meshes) by extension 'python'
[0.420s] Level 1:colcon.colcon_core.package_identification:_identify(models/suv/meshes) by extensions ['python_setup_py']
[0.420s] Level 1:colcon.colcon_core.package_identification:_identify(models/suv/meshes) by extension 'python_setup_py'
[0.420s] Level 1:colcon.colcon_core.package_identification:_identify(src) by extensions ['ignore', 'ignore_ament_install']
[0.420s] Level 1:colcon.colcon_core.package_identification:_identify(src) by extension 'ignore'
[0.420s] Level 1:colcon.colcon_core.package_identification:_identify(src) by extension 'ignore_ament_install'
[0.421s] Level 1:colcon.colcon_core.package_identification:_identify(src) by extensions ['colcon_pkg']
[0.421s] Level 1:colcon.colcon_core.package_identification:_identify(src) by extension 'colcon_pkg'
[0.421s] Level 1:colcon.colcon_core.package_identification:_identify(src) by extensions ['colcon_meta']
[0.421s] Level 1:colcon.colcon_core.package_identification:_identify(src) by extension 'colcon_meta'
[0.421s] Level 1:colcon.colcon_core.package_identification:_identify(src) by extensions ['ros']
[0.421s] Level 1:colcon.colcon_core.package_identification:_identify(src) by extension 'ros'
[0.421s] Level 1:colcon.colcon_core.package_identification:_identify(src) by extensions ['cmake', 'python']
[0.422s] Level 1:colcon.colcon_core.package_identification:_identify(src) by extension 'cmake'
[0.422s] Level 1:colcon.colcon_core.package_identification:_identify(src) by extension 'python'
[0.422s] Level 1:colcon.colcon_core.package_identification:_identify(src) by extensions ['python_setup_py']
[0.422s] Level 1:colcon.colcon_core.package_identification:_identify(src) by extension 'python_setup_py'
[0.422s] Level 1:colcon.colcon_core.package_identification:_identify(src/yolobot_control) by extensions ['ignore', 'ignore_ament_install']
[0.423s] Level 1:colcon.colcon_core.package_identification:_identify(src/yolobot_control) by extension 'ignore'
[0.423s] Level 1:colcon.colcon_core.package_identification:_identify(src/yolobot_control) by extension 'ignore_ament_install'
[0.423s] Level 1:colcon.colcon_core.package_identification:_identify(src/yolobot_control) by extensions ['colcon_pkg']
[0.423s] Level 1:colcon.colcon_core.package_identification:_identify(src/yolobot_control) by extension 'colcon_pkg'
[0.423s] Level 1:colcon.colcon_core.package_identification:_identify(src/yolobot_control) by extensions ['colcon_meta']
[0.423s] Level 1:colcon.colcon_core.package_identification:_identify(src/yolobot_control) by extension 'colcon_meta'
[0.423s] Level 1:colcon.colcon_core.package_identification:_identify(src/yolobot_control) by extensions ['ros']
[0.423s] Level 1:colcon.colcon_core.package_identification:_identify(src/yolobot_control) by extension 'ros'
[0.428s] DEBUG:colcon.colcon_core.package_identification:Package 'src/yolobot_control' with type 'ros.ament_cmake' and name 'yolobot_control'
[0.428s] Level 1:colcon.colcon_core.package_identification:_identify(src/yolobot_description) by extensions ['ignore', 'ignore_ament_install']
[0.428s] Level 1:colcon.colcon_core.package_identification:_identify(src/yolobot_description) by extension 'ignore'
[0.429s] Level 1:colcon.colcon_core.package_identification:_identify(src/yolobot_description) by extension 'ignore_ament_install'
[0.429s] Level 1:colcon.colcon_core.package_identification:_identify(src/yolobot_description) by extensions ['colcon_pkg']
[0.429s] Level 1:colcon.colcon_core.package_identification:_identify(src/yolobot_description) by extension 'colcon_pkg'
[0.429s] Level 1:colcon.colcon_core.package_identification:_identify(src/yolobot_description) by extensions ['colcon_meta']
[0.429s] Level 1:colcon.colcon_core.package_identification:_identify(src/yolobot_description) by extension 'colcon_meta'
[0.429s] Level 1:colcon.colcon_core.package_identification:_identify(src/yolobot_description) by extensions ['ros']
[0.429s] Level 1:colcon.colcon_core.package_identification:_identify(src/yolobot_description) by extension 'ros'
[0.430s] DEBUG:colcon.colcon_core.package_identification:Package 'src/yolobot_description' with type 'ros.ament_cmake' and name 'yolobot_description'
[0.430s] Level 1:colcon.colcon_core.package_identification:_identify(src/yolobot_gazebo) by extensions ['ignore', 'ignore_ament_install']
[0.430s] Level 1:colcon.colcon_core.package_identification:_identify(src/yolobot_gazebo) by extension 'ignore'
[0.430s] Level 1:colcon.colcon_core.package_identification:_identify(src/yolobot_gazebo) by extension 'ignore_ament_install'
[0.431s] Level 1:colcon.colcon_core.package_identification:_identify(src/yolobot_gazebo) by extensions ['colcon_pkg']
[0.431s] Level 1:colcon.colcon_core.package_identification:_identify(src/yolobot_gazebo) by extension 'colcon_pkg'
[0.431s] Level 1:colcon.colcon_core.package_identification:_identify(src/yolobot_gazebo) by extensions ['colcon_meta']
[0.431s] Level 1:colcon.colcon_core.package_identification:_identify(src/yolobot_gazebo) by extension 'colcon_meta'
[0.431s] Level 1:colcon.colcon_core.package_identification:_identify(src/yolobot_gazebo) by extensions ['ros']
[0.431s] Level 1:colcon.colcon_core.package_identification:_identify(src/yolobot_gazebo) by extension 'ros'
[0.432s] DEBUG:colcon.colcon_core.package_identification:Package 'src/yolobot_gazebo' with type 'ros.ament_cmake' and name 'yolobot_gazebo'
[0.432s] Level 1:colcon.colcon_core.package_identification:_identify(src/yolobot_recognition) by extensions ['ignore', 'ignore_ament_install']
[0.432s] Level 1:colcon.colcon_core.package_identification:_identify(src/yolobot_recognition) by extension 'ignore'
[0.432s] Level 1:colcon.colcon_core.package_identification:_identify(src/yolobot_recognition) by extension 'ignore_ament_install'
[0.432s] Level 1:colcon.colcon_core.package_identification:_identify(src/yolobot_recognition) by extensions ['colcon_pkg']
[0.433s] Level 1:colcon.colcon_core.package_identification:_identify(src/yolobot_recognition) by extension 'colcon_pkg'
[0.433s] Level 1:colcon.colcon_core.package_identification:_identify(src/yolobot_recognition) by extensions ['colcon_meta']
[0.433s] Level 1:colcon.colcon_core.package_identification:_identify(src/yolobot_recognition) by extension 'colcon_meta'
[0.433s] Level 1:colcon.colcon_core.package_identification:_identify(src/yolobot_recognition) by extensions ['ros']
[0.433s] Level 1:colcon.colcon_core.package_identification:_identify(src/yolobot_recognition) by extension 'ros'
[0.433s] DEBUG:colcon.colcon_core.package_identification:Package 'src/yolobot_recognition' with type 'ros.ament_cmake' and name 'yolobot_recognition'
[0.434s] Level 1:colcon.colcon_core.package_identification:_identify(src/yolobot_slam) by extensions ['ignore', 'ignore_ament_install']
[0.434s] Level 1:colcon.colcon_core.package_identification:_identify(src/yolobot_slam) by extension 'ignore'
[0.434s] Level 1:colcon.colcon_core.package_identification:_identify(src/yolobot_slam) by extension 'ignore_ament_install'
[0.434s] Level 1:colcon.colcon_core.package_identification:_identify(src/yolobot_slam) by extensions ['colcon_pkg']
[0.434s] Level 1:colcon.colcon_core.package_identification:_identify(src/yolobot_slam) by extension 'colcon_pkg'
[0.434s] Level 1:colcon.colcon_core.package_identification:_identify(src/yolobot_slam) by extensions ['colcon_meta']
[0.434s] Level 1:colcon.colcon_core.package_identification:_identify(src/yolobot_slam) by extension 'colcon_meta'
[0.434s] Level 1:colcon.colcon_core.package_identification:_identify(src/yolobot_slam) by extensions ['ros']
[0.434s] Level 1:colcon.colcon_core.package_identification:_identify(src/yolobot_slam) by extension 'ros'
[0.437s] DEBUG:colcon.colcon_core.package_identification:Package 'src/yolobot_slam' with type 'ros.ament_cmake' and name 'yolobot_slam'
[0.437s] Level 1:colcon.colcon_core.package_identification:_identify(src/yolov8_msgs) by extensions ['ignore', 'ignore_ament_install']
[0.437s] Level 1:colcon.colcon_core.package_identification:_identify(src/yolov8_msgs) by extension 'ignore'
[0.438s] Level 1:colcon.colcon_core.package_identification:_identify(src/yolov8_msgs) by extension 'ignore_ament_install'
[0.438s] Level 1:colcon.colcon_core.package_identification:_identify(src/yolov8_msgs) by extensions ['colcon_pkg']
[0.438s] Level 1:colcon.colcon_core.package_identification:_identify(src/yolov8_msgs) by extension 'colcon_pkg'
[0.438s] Level 1:colcon.colcon_core.package_identification:_identify(src/yolov8_msgs) by extensions ['colcon_meta']
[0.438s] Level 1:colcon.colcon_core.package_identification:_identify(src/yolov8_msgs) by extension 'colcon_meta'
[0.438s] Level 1:colcon.colcon_core.package_identification:_identify(src/yolov8_msgs) by extensions ['ros']
[0.439s] Level 1:colcon.colcon_core.package_identification:_identify(src/yolov8_msgs) by extension 'ros'
[0.440s] DEBUG:colcon.colcon_core.package_identification:Package 'src/yolov8_msgs' with type 'ros.ament_cmake' and name 'yolov8_msgs'
[0.440s] Level 1:colcon.colcon_core.package_identification:_identify(~) by extensions ['ignore', 'ignore_ament_install']
[0.441s] Level 1:colcon.colcon_core.package_identification:_identify(~) by extension 'ignore'
[0.441s] Level 1:colcon.colcon_core.package_identification:_identify(~) by extension 'ignore_ament_install'
[0.441s] Level 1:colcon.colcon_core.package_identification:_identify(~) by extensions ['colcon_pkg']
[0.441s] Level 1:colcon.colcon_core.package_identification:_identify(~) by extension 'colcon_pkg'
[0.442s] Level 1:colcon.colcon_core.package_identification:_identify(~) by extensions ['colcon_meta']
[0.442s] Level 1:colcon.colcon_core.package_identification:_identify(~) by extension 'colcon_meta'
[0.442s] Level 1:colcon.colcon_core.package_identification:_identify(~) by extensions ['ros']
[0.442s] Level 1:colcon.colcon_core.package_identification:_identify(~) by extension 'ros'
[0.442s] Level 1:colcon.colcon_core.package_identification:_identify(~) by extensions ['cmake', 'python']
[0.442s] Level 1:colcon.colcon_core.package_identification:_identify(~) by extension 'cmake'
[0.442s] Level 1:colcon.colcon_core.package_identification:_identify(~) by extension 'python'
[0.442s] Level 1:colcon.colcon_core.package_identification:_identify(~) by extensions ['python_setup_py']
[0.442s] Level 1:colcon.colcon_core.package_identification:_identify(~) by extension 'python_setup_py'
[0.443s] Level 1:colcon.colcon_core.package_identification:_identify(~/yolobot) by extensions ['ignore', 'ignore_ament_install']
[0.443s] Level 1:colcon.colcon_core.package_identification:_identify(~/yolobot) by extension 'ignore'
[0.443s] Level 1:colcon.colcon_core.package_identification:_identify(~/yolobot) by extension 'ignore_ament_install'
[0.443s] Level 1:colcon.colcon_core.package_identification:_identify(~/yolobot) by extensions ['colcon_pkg']
[0.443s] Level 1:colcon.colcon_core.package_identification:_identify(~/yolobot) by extension 'colcon_pkg'
[0.443s] Level 1:colcon.colcon_core.package_identification:_identify(~/yolobot) by extensions ['colcon_meta']
[0.443s] Level 1:colcon.colcon_core.package_identification:_identify(~/yolobot) by extension 'colcon_meta'
[0.443s] Level 1:colcon.colcon_core.package_identification:_identify(~/yolobot) by extensions ['ros']
[0.443s] Level 1:colcon.colcon_core.package_identification:_identify(~/yolobot) by extension 'ros'
[0.444s] Level 1:colcon.colcon_core.package_identification:_identify(~/yolobot) by extensions ['cmake', 'python']
[0.444s] Level 1:colcon.colcon_core.package_identification:_identify(~/yolobot) by extension 'cmake'
[0.444s] Level 1:colcon.colcon_core.package_identification:_identify(~/yolobot) by extension 'python'
[0.444s] Level 1:colcon.colcon_core.package_identification:_identify(~/yolobot) by extensions ['python_setup_py']
[0.444s] Level 1:colcon.colcon_core.package_identification:_identify(~/yolobot) by extension 'python_setup_py'
[0.444s] Level 1:colcon.colcon_core.package_identification:_identify(~/yolobot/src) by extensions ['ignore', 'ignore_ament_install']
[0.444s] Level 1:colcon.colcon_core.package_identification:_identify(~/yolobot/src) by extension 'ignore'
[0.444s] Level 1:colcon.colcon_core.package_identification:_identify(~/yolobot/src) by extension 'ignore_ament_install'
[0.444s] Level 1:colcon.colcon_core.package_identification:_identify(~/yolobot/src) by extensions ['colcon_pkg']
[0.445s] Level 1:colcon.colcon_core.package_identification:_identify(~/yolobot/src) by extension 'colcon_pkg'
[0.445s] Level 1:colcon.colcon_core.package_identification:_identify(~/yolobot/src) by extensions ['colcon_meta']
[0.445s] Level 1:colcon.colcon_core.package_identification:_identify(~/yolobot/src) by extension 'colcon_meta'
[0.445s] Level 1:colcon.colcon_core.package_identification:_identify(~/yolobot/src) by extensions ['ros']
[0.445s] Level 1:colcon.colcon_core.package_identification:_identify(~/yolobot/src) by extension 'ros'
[0.445s] Level 1:colcon.colcon_core.package_identification:_identify(~/yolobot/src) by extensions ['cmake', 'python']
[0.445s] Level 1:colcon.colcon_core.package_identification:_identify(~/yolobot/src) by extension 'cmake'
[0.445s] Level 1:colcon.colcon_core.package_identification:_identify(~/yolobot/src) by extension 'python'
[0.445s] Level 1:colcon.colcon_core.package_identification:_identify(~/yolobot/src) by extensions ['python_setup_py']
[0.445s] Level 1:colcon.colcon_core.package_identification:_identify(~/yolobot/src) by extension 'python_setup_py'
[0.446s] Level 1:colcon.colcon_core.package_identification:_identify(~/yolobot/src/yolobot_recognition) by extensions ['ignore', 'ignore_ament_install']
[0.446s] Level 1:colcon.colcon_core.package_identification:_identify(~/yolobot/src/yolobot_recognition) by extension 'ignore'
[0.446s] Level 1:colcon.colcon_core.package_identification:_identify(~/yolobot/src/yolobot_recognition) by extension 'ignore_ament_install'
[0.446s] Level 1:colcon.colcon_core.package_identification:_identify(~/yolobot/src/yolobot_recognition) by extensions ['colcon_pkg']
[0.446s] Level 1:colcon.colcon_core.package_identification:_identify(~/yolobot/src/yolobot_recognition) by extension 'colcon_pkg'
[0.446s] Level 1:colcon.colcon_core.package_identification:_identify(~/yolobot/src/yolobot_recognition) by extensions ['colcon_meta']
[0.446s] Level 1:colcon.colcon_core.package_identification:_identify(~/yolobot/src/yolobot_recognition) by extension 'colcon_meta'
[0.446s] Level 1:colcon.colcon_core.package_identification:_identify(~/yolobot/src/yolobot_recognition) by extensions ['ros']
[0.446s] Level 1:colcon.colcon_core.package_identification:_identify(~/yolobot/src/yolobot_recognition) by extension 'ros'
[0.446s] Level 1:colcon.colcon_core.package_identification:_identify(~/yolobot/src/yolobot_recognition) by extensions ['cmake', 'python']
[0.447s] Level 1:colcon.colcon_core.package_identification:_identify(~/yolobot/src/yolobot_recognition) by extension 'cmake'
[0.447s] Level 1:colcon.colcon_core.package_identification:_identify(~/yolobot/src/yolobot_recognition) by extension 'python'
[0.447s] Level 1:colcon.colcon_core.package_identification:_identify(~/yolobot/src/yolobot_recognition) by extensions ['python_setup_py']
[0.447s] Level 1:colcon.colcon_core.package_identification:_identify(~/yolobot/src/yolobot_recognition) by extension 'python_setup_py'
[0.447s] Level 1:colcon.colcon_core.package_identification:_identify(~/yolobot/src/yolobot_recognition/scripts) by extensions ['ignore', 'ignore_ament_install']
[0.447s] Level 1:colcon.colcon_core.package_identification:_identify(~/yolobot/src/yolobot_recognition/scripts) by extension 'ignore'
[0.447s] Level 1:colcon.colcon_core.package_identification:_identify(~/yolobot/src/yolobot_recognition/scripts) by extension 'ignore_ament_install'
[0.447s] Level 1:colcon.colcon_core.package_identification:_identify(~/yolobot/src/yolobot_recognition/scripts) by extensions ['colcon_pkg']
[0.447s] Level 1:colcon.colcon_core.package_identification:_identify(~/yolobot/src/yolobot_recognition/scripts) by extension 'colcon_pkg'
[0.447s] Level 1:colcon.colcon_core.package_identification:_identify(~/yolobot/src/yolobot_recognition/scripts) by extensions ['colcon_meta']
[0.447s] Level 1:colcon.colcon_core.package_identification:_identify(~/yolobot/src/yolobot_recognition/scripts) by extension 'colcon_meta'
[0.447s] Level 1:colcon.colcon_core.package_identification:_identify(~/yolobot/src/yolobot_recognition/scripts) by extensions ['ros']
[0.448s] Level 1:colcon.colcon_core.package_identification:_identify(~/yolobot/src/yolobot_recognition/scripts) by extension 'ros'
[0.448s] Level 1:colcon.colcon_core.package_identification:_identify(~/yolobot/src/yolobot_recognition/scripts) by extensions ['cmake', 'python']
[0.448s] Level 1:colcon.colcon_core.package_identification:_identify(~/yolobot/src/yolobot_recognition/scripts) by extension 'cmake'
[0.448s] Level 1:colcon.colcon_core.package_identification:_identify(~/yolobot/src/yolobot_recognition/scripts) by extension 'python'
[0.448s] Level 1:colcon.colcon_core.package_identification:_identify(~/yolobot/src/yolobot_recognition/scripts) by extensions ['python_setup_py']
[0.448s] Level 1:colcon.colcon_core.package_identification:_identify(~/yolobot/src/yolobot_recognition/scripts) by extension 'python_setup_py'
[0.448s] Level 1:colcon.colcon_core.package_discovery:discover_packages(recursive) using defaults
[0.448s] Level 1:colcon.colcon_core.package_discovery:discover_packages(ignore) discover
[0.448s] Level 1:colcon.colcon_core.package_discovery:discover_packages(ignore) using defaults
[0.448s] Level 1:colcon.colcon_core.package_discovery:discover_packages(path) discover
[0.448s] Level 1:colcon.colcon_core.package_discovery:discover_packages(path) using defaults
[0.480s] INFO:colcon.colcon_core.package_selection:Skipping not selected package 'yolobot_control' in 'src/yolobot_control'
[0.480s] INFO:colcon.colcon_core.package_selection:Skipping not selected package 'yolobot_description' in 'src/yolobot_description'
[0.480s] INFO:colcon.colcon_core.package_selection:Skipping not selected package 'yolobot_gazebo' in 'src/yolobot_gazebo'
[0.480s] INFO:colcon.colcon_core.package_selection:Skipping not selected package 'yolobot_recognition' in 'src/yolobot_recognition'
[0.480s] INFO:colcon.colcon_core.package_selection:Skipping not selected package 'yolov8_msgs' in 'src/yolov8_msgs'
[0.481s] Level 5:colcon.colcon_core.verb:set package 'yolobot_slam' build argument 'cmake_args' from command line to 'None'
[0.481s] Level 5:colcon.colcon_core.verb:set package 'yolobot_slam' build argument 'cmake_target' from command line to 'None'
[0.481s] Level 5:colcon.colcon_core.verb:set package 'yolobot_slam' build argument 'cmake_target_skip_unavailable' from command line to 'False'
[0.481s] Level 5:colcon.colcon_core.verb:set package 'yolobot_slam' build argument 'cmake_clean_cache' from command line to 'False'
[0.481s] Level 5:colcon.colcon_core.verb:set package 'yolobot_slam' build argument 'cmake_clean_first' from command line to 'False'
[0.481s] Level 5:colcon.colcon_core.verb:set package 'yolobot_slam' build argument 'cmake_force_configure' from command line to 'False'
[0.481s] Level 5:colcon.colcon_core.verb:set package 'yolobot_slam' build argument 'ament_cmake_args' from command line to 'None'
[0.481s] Level 5:colcon.colcon_core.verb:set package 'yolobot_slam' build argument 'catkin_cmake_args' from command line to 'None'
[0.481s] Level 5:colcon.colcon_core.verb:set package 'yolobot_slam' build argument 'catkin_skip_building_tests' from command line to 'False'
[0.482s] DEBUG:colcon.colcon_core.verb:Building package 'yolobot_slam' with the following arguments: {'ament_cmake_args': None, 'build_base': '/home/aladine/memoir/slam_yolo/yolobot/build/yolobot_slam', 'catkin_cmake_args': None, 'catkin_skip_building_tests': False, 'cmake_args': None, 'cmake_clean_cache': False, 'cmake_clean_first': False, 'cmake_force_configure': False, 'cmake_target': None, 'cmake_target_skip_unavailable': False, 'install_base': '/home/aladine/memoir/slam_yolo/yolobot/install/yolobot_slam', 'merge_install': False, 'path': '/home/aladine/memoir/slam_yolo/yolobot/src/yolobot_slam', 'symlink_install': False, 'test_result_base': None}
[0.482s] INFO:colcon.colcon_core.executor:Executing jobs using 'parallel' executor
[0.483s] DEBUG:colcon.colcon_parallel_executor.executor.parallel:run_until_complete
[0.483s] INFO:colcon.colcon_ros.task.ament_cmake.build:Building ROS package in '/home/aladine/memoir/slam_yolo/yolobot/src/yolobot_slam' with build type 'ament_cmake'
[0.483s] INFO:colcon.colcon_cmake.task.cmake.build:Building CMake package in '/home/aladine/memoir/slam_yolo/yolobot/src/yolobot_slam'
[0.490s] INFO:colcon.colcon_core.plugin_system:Skipping extension 'colcon_core.shell.bat': Not used on non-Windows systems
[0.490s] INFO:colcon.colcon_core.shell:Skip shell extension 'powershell' for command environment: Not usable outside of PowerShell
[0.490s] DEBUG:colcon.colcon_core.shell:Skip shell extension 'dsv' for command environment
[0.516s] DEBUG:colcon.colcon_core.event_handler.log_command:Invoking command in '/home/aladine/memoir/slam_yolo/yolobot/build/yolobot_slam': CMAKE_PREFIX_PATH=/opt/ros/humble VIRTUAL_ENV_PROMPT=(ros2_env) /usr/bin/cmake --build /home/aladine/memoir/slam_yolo/yolobot/build/yolobot_slam -- -j4 -l4
[2.486s] DEBUG:colcon.colcon_core.event_handler.log_command:Invoked command in '/home/aladine/memoir/slam_yolo/yolobot/build/yolobot_slam' returned '0': CMAKE_PREFIX_PATH=/opt/ros/humble VIRTUAL_ENV_PROMPT=(ros2_env) /usr/bin/cmake --build /home/aladine/memoir/slam_yolo/yolobot/build/yolobot_slam -- -j4 -l4
[2.505s] DEBUG:colcon.colcon_core.event_handler.log_command:Invoking command in '/home/aladine/memoir/slam_yolo/yolobot/build/yolobot_slam': CMAKE_PREFIX_PATH=/opt/ros/humble VIRTUAL_ENV_PROMPT=(ros2_env) /usr/bin/cmake --install /home/aladine/memoir/slam_yolo/yolobot/build/yolobot_slam
[2.524s] Level 1:colcon.colcon_core.environment:create_environment_scripts_only(yolobot_slam)
[2.527s] DEBUG:colcon.colcon_core.event_handler.log_command:Invoked command in '/home/aladine/memoir/slam_yolo/yolobot/build/yolobot_slam' returned '0': CMAKE_PREFIX_PATH=/opt/ros/humble VIRTUAL_ENV_PROMPT=(ros2_env) /usr/bin/cmake --install /home/aladine/memoir/slam_yolo/yolobot/build/yolobot_slam
[2.530s] Level 1:colcon.colcon_core.environment:checking '/home/aladine/memoir/slam_yolo/yolobot/install/yolobot_slam' for CMake module files
[2.530s] Level 1:colcon.colcon_core.environment:checking '/home/aladine/memoir/slam_yolo/yolobot/install/yolobot_slam' for CMake config files
[2.531s] Level 1:colcon.colcon_core.shell:create_environment_hook('yolobot_slam', 'cmake_prefix_path')
[2.531s] INFO:colcon.colcon_core.shell:Creating environment hook '/home/aladine/memoir/slam_yolo/yolobot/install/yolobot_slam/share/yolobot_slam/hook/cmake_prefix_path.ps1'
[2.532s] INFO:colcon.colcon_core.shell:Creating environment descriptor '/home/aladine/memoir/slam_yolo/yolobot/install/yolobot_slam/share/yolobot_slam/hook/cmake_prefix_path.dsv'
[2.534s] INFO:colcon.colcon_core.shell:Creating environment hook '/home/aladine/memoir/slam_yolo/yolobot/install/yolobot_slam/share/yolobot_slam/hook/cmake_prefix_path.sh'
[2.536s] Level 1:colcon.colcon_core.environment:checking '/home/aladine/memoir/slam_yolo/yolobot/install/yolobot_slam/lib'
[2.536s] Level 1:colcon.colcon_core.environment:checking '/home/aladine/memoir/slam_yolo/yolobot/install/yolobot_slam/bin'
[2.536s] Level 1:colcon.colcon_core.environment:checking '/home/aladine/memoir/slam_yolo/yolobot/install/yolobot_slam/lib/pkgconfig/yolobot_slam.pc'
[2.537s] Level 1:colcon.colcon_core.environment:checking '/home/aladine/memoir/slam_yolo/yolobot/install/yolobot_slam/lib/python3.10/site-packages'
[2.537s] Level 1:colcon.colcon_core.environment:checking '/home/aladine/memoir/slam_yolo/yolobot/install/yolobot_slam/bin'
[2.538s] INFO:colcon.colcon_core.shell:Creating package script '/home/aladine/memoir/slam_yolo/yolobot/install/yolobot_slam/share/yolobot_slam/package.ps1'
[2.539s] INFO:colcon.colcon_core.shell:Creating package descriptor '/home/aladine/memoir/slam_yolo/yolobot/install/yolobot_slam/share/yolobot_slam/package.dsv'
[2.540s] INFO:colcon.colcon_core.shell:Creating package script '/home/aladine/memoir/slam_yolo/yolobot/install/yolobot_slam/share/yolobot_slam/package.sh'
[2.542s] INFO:colcon.colcon_core.shell:Creating package script '/home/aladine/memoir/slam_yolo/yolobot/install/yolobot_slam/share/yolobot_slam/package.bash'
[2.544s] INFO:colcon.colcon_core.shell:Creating package script '/home/aladine/memoir/slam_yolo/yolobot/install/yolobot_slam/share/yolobot_slam/package.zsh'
[2.545s] Level 1:colcon.colcon_core.environment:create_file_with_runtime_dependencies(/home/aladine/memoir/slam_yolo/yolobot/install/yolobot_slam/share/colcon-core/packages/yolobot_slam)
[2.546s] Level 1:colcon.colcon_core.environment:create_environment_scripts_only(yolobot_slam)
[2.546s] Level 1:colcon.colcon_core.environment:checking '/home/aladine/memoir/slam_yolo/yolobot/install/yolobot_slam' for CMake module files
[2.547s] Level 1:colcon.colcon_core.environment:checking '/home/aladine/memoir/slam_yolo/yolobot/install/yolobot_slam' for CMake config files
[2.548s] Level 1:colcon.colcon_core.shell:create_environment_hook('yolobot_slam', 'cmake_prefix_path')
[2.548s] INFO:colcon.colcon_core.shell:Creating environment hook '/home/aladine/memoir/slam_yolo/yolobot/install/yolobot_slam/share/yolobot_slam/hook/cmake_prefix_path.ps1'
[2.550s] INFO:colcon.colcon_core.shell:Creating environment descriptor '/home/aladine/memoir/slam_yolo/yolobot/install/yolobot_slam/share/yolobot_slam/hook/cmake_prefix_path.dsv'
[2.551s] INFO:colcon.colcon_core.shell:Creating environment hook '/home/aladine/memoir/slam_yolo/yolobot/install/yolobot_slam/share/yolobot_slam/hook/cmake_prefix_path.sh'
[2.552s] Level 1:colcon.colcon_core.environment:checking '/home/aladine/memoir/slam_yolo/yolobot/install/yolobot_slam/lib'
[2.552s] Level 1:colcon.colcon_core.environment:checking '/home/aladine/memoir/slam_yolo/yolobot/install/yolobot_slam/bin'
[2.552s] Level 1:colcon.colcon_core.environment:checking '/home/aladine/memoir/slam_yolo/yolobot/install/yolobot_slam/lib/pkgconfig/yolobot_slam.pc'
[2.552s] Level 1:colcon.colcon_core.environment:checking '/home/aladine/memoir/slam_yolo/yolobot/install/yolobot_slam/lib/python3.10/site-packages'
[2.553s] Level 1:colcon.colcon_core.environment:checking '/home/aladine/memoir/slam_yolo/yolobot/install/yolobot_slam/bin'
[2.553s] INFO:colcon.colcon_core.shell:Creating package script '/home/aladine/memoir/slam_yolo/yolobot/install/yolobot_slam/share/yolobot_slam/package.ps1'
[2.554s] INFO:colcon.colcon_core.shell:Creating package descriptor '/home/aladine/memoir/slam_yolo/yolobot/install/yolobot_slam/share/yolobot_slam/package.dsv'
[2.555s] INFO:colcon.colcon_core.shell:Creating package script '/home/aladine/memoir/slam_yolo/yolobot/install/yolobot_slam/share/yolobot_slam/package.sh'
[2.556s] INFO:colcon.colcon_core.shell:Creating package script '/home/aladine/memoir/slam_yolo/yolobot/install/yolobot_slam/share/yolobot_slam/package.bash'
[2.557s] INFO:colcon.colcon_core.shell:Creating package script '/home/aladine/memoir/slam_yolo/yolobot/install/yolobot_slam/share/yolobot_slam/package.zsh'
[2.558s] Level 1:colcon.colcon_core.environment:create_file_with_runtime_dependencies(/home/aladine/memoir/slam_yolo/yolobot/install/yolobot_slam/share/colcon-core/packages/yolobot_slam)
[2.558s] DEBUG:colcon.colcon_parallel_executor.executor.parallel:closing loop
[2.559s] DEBUG:colcon.colcon_parallel_executor.executor.parallel:loop closed
[2.559s] DEBUG:colcon.colcon_parallel_executor.executor.parallel:run_until_complete finished with '0'
[2.559s] DEBUG:colcon.colcon_core.event_reactor:joining thread
[2.562s] INFO:colcon.colcon_core.plugin_system:Skipping extension 'colcon_notification.desktop_notification.notify2': 'notify2' not found
[2.562s] INFO:colcon.colcon_core.plugin_system:Skipping extension 'colcon_notification.desktop_notification.terminal_notifier': Not used on non-Darwin systems
[2.562s] INFO:colcon.colcon_core.plugin_system:Skipping extension 'colcon_notification.desktop_notification.win32': Not used on non-Windows systems
[2.562s] INFO:colcon.colcon_notification.desktop_notification:Sending desktop notification using 'notify_send'
[2.598s] DEBUG:colcon.colcon_core.event_reactor:joined thread
[2.599s] INFO:colcon.colcon_core.shell:Creating prefix script '/home/aladine/memoir/slam_yolo/yolobot/install/local_setup.ps1'
[2.603s] INFO:colcon.colcon_core.shell:Creating prefix util module '/home/aladine/memoir/slam_yolo/yolobot/install/_local_setup_util_ps1.py'
[2.611s] INFO:colcon.colcon_core.shell:Creating prefix chain script '/home/aladine/memoir/slam_yolo/yolobot/install/setup.ps1'
[2.614s] INFO:colcon.colcon_core.shell:Creating prefix script '/home/aladine/memoir/slam_yolo/yolobot/install/local_setup.sh'
[2.615s] INFO:colcon.colcon_core.shell:Creating prefix util module '/home/aladine/memoir/slam_yolo/yolobot/install/_local_setup_util_sh.py'
[2.618s] INFO:colcon.colcon_core.shell:Creating prefix chain script '/home/aladine/memoir/slam_yolo/yolobot/install/setup.sh'
[2.621s] INFO:colcon.colcon_core.shell:Creating prefix script '/home/aladine/memoir/slam_yolo/yolobot/install/local_setup.bash'
[2.622s] INFO:colcon.colcon_core.shell:Creating prefix chain script '/home/aladine/memoir/slam_yolo/yolobot/install/setup.bash'
[2.625s] INFO:colcon.colcon_core.shell:Creating prefix script '/home/aladine/memoir/slam_yolo/yolobot/install/local_setup.zsh'
[2.626s] INFO:colcon.colcon_core.shell:Creating prefix chain script '/home/aladine/memoir/slam_yolo/yolobot/install/setup.zsh'
