[0.053s] Invoking command in '/home/aladine/memoir/slam_yolo/yolobot/build/yolobot_control': CMAKE_PREFIX_PATH=/opt/ros/humble VIRTUAL_ENV_PROMPT=(ros2_env) /usr/bin/cmake --build /home/aladine/memoir/slam_yolo/yolobot/build/yolobot_control -- -j4 -l4
[0.172s] Invoked command in '/home/aladine/memoir/slam_yolo/yolobot/build/yolobot_control' returned '0': CMAKE_PREFIX_PATH=/opt/ros/humble VIRTUAL_ENV_PROMPT=(ros2_env) /usr/bin/cmake --build /home/aladine/memoir/slam_yolo/yolobot/build/yolobot_control -- -j4 -l4
[0.192s] Invoking command in '/home/aladine/memoir/slam_yolo/yolobot/build/yolobot_control': CMAKE_PREFIX_PATH=/opt/ros/humble VIRTUAL_ENV_PROMPT=(ros2_env) /usr/bin/cmake --install /home/aladine/memoir/slam_yolo/yolobot/build/yolobot_control
[0.226s] -- Install configuration: ""
[0.226s] -- Up-to-date: /home/aladine/memoir/slam_yolo/yolobot/install/yolobot_control/share/yolobot_control//scripts
[0.226s] -- Up-to-date: /home/aladine/memoir/slam_yolo/yolobot/install/yolobot_control/share/yolobot_control//scripts/robot_control.py
[0.227s] -- Up-to-date: /home/aladine/memoir/slam_yolo/yolobot/install/yolobot_control/share/yolobot_control//launch
[0.227s] -- Up-to-date: /home/aladine/memoir/slam_yolo/yolobot/install/yolobot_control/share/yolobot_control//launch/yolobot_control.launch.py
[0.227s] -- Up-to-date: /home/aladine/memoir/slam_yolo/yolobot/install/yolobot_control/lib/yolobot_control/robot_control.py
[0.227s] -- Up-to-date: /home/aladine/memoir/slam_yolo/yolobot/install/yolobot_control/lib/yolobot_control/yolobot_control.launch.py
[0.227s] -- Up-to-date: /home/aladine/memoir/slam_yolo/yolobot/install/yolobot_control/share/ament_index/resource_index/package_run_dependencies/yolobot_control
[0.227s] -- Up-to-date: /home/aladine/memoir/slam_yolo/yolobot/install/yolobot_control/share/ament_index/resource_index/parent_prefix_path/yolobot_control
[0.228s] -- Up-to-date: /home/aladine/memoir/slam_yolo/yolobot/install/yolobot_control/share/yolobot_control/environment/ament_prefix_path.sh
[0.228s] -- Up-to-date: /home/aladine/memoir/slam_yolo/yolobot/install/yolobot_control/share/yolobot_control/environment/ament_prefix_path.dsv
[0.228s] -- Up-to-date: /home/aladine/memoir/slam_yolo/yolobot/install/yolobot_control/share/yolobot_control/environment/path.sh
[0.228s] -- Up-to-date: /home/aladine/memoir/slam_yolo/yolobot/install/yolobot_control/share/yolobot_control/environment/path.dsv
[0.228s] -- Up-to-date: /home/aladine/memoir/slam_yolo/yolobot/install/yolobot_control/share/yolobot_control/local_setup.bash
[0.228s] -- Up-to-date: /home/aladine/memoir/slam_yolo/yolobot/install/yolobot_control/share/yolobot_control/local_setup.sh
[0.228s] -- Up-to-date: /home/aladine/memoir/slam_yolo/yolobot/install/yolobot_control/share/yolobot_control/local_setup.zsh
[0.229s] -- Up-to-date: /home/aladine/memoir/slam_yolo/yolobot/install/yolobot_control/share/yolobot_control/local_setup.dsv
[0.229s] -- Up-to-date: /home/aladine/memoir/slam_yolo/yolobot/install/yolobot_control/share/yolobot_control/package.dsv
[0.232s] -- Up-to-date: /home/aladine/memoir/slam_yolo/yolobot/install/yolobot_control/share/ament_index/resource_index/packages/yolobot_control
[0.234s] -- Up-to-date: /home/aladine/memoir/slam_yolo/yolobot/install/yolobot_control/share/yolobot_control/cmake/yolobot_controlConfig.cmake
[0.234s] -- Up-to-date: /home/aladine/memoir/slam_yolo/yolobot/install/yolobot_control/share/yolobot_control/cmake/yolobot_controlConfig-version.cmake
[0.235s] -- Up-to-date: /home/aladine/memoir/slam_yolo/yolobot/install/yolobot_control/share/yolobot_control/package.xml
[0.235s] Invoked command in '/home/aladine/memoir/slam_yolo/yolobot/build/yolobot_control' returned '0': CMAKE_PREFIX_PATH=/opt/ros/humble VIRTUAL_ENV_PROMPT=(ros2_env) /usr/bin/cmake --install /home/aladine/memoir/slam_yolo/yolobot/build/yolobot_control
