[0.061s] Invoking command in '/home/aladine/memoir/slam_yolo/yolobot/build/yolobot_recognition': CMAKE_PREFIX_PATH=${CMAKE_PREFIX_PATH}:/opt/ros/humble VIRTUAL_ENV_PROMPT=(ros2_env) /usr/bin/cmake --build /home/aladine/memoir/slam_yolo/yolobot/build/yolobot_recognition -- -j4 -l4
[0.200s] Invoked command in '/home/aladine/memoir/slam_yolo/yolobot/build/yolobot_recognition' returned '0': CMAKE_PREFIX_PATH=${CMAKE_PREFIX_PATH}:/opt/ros/humble VIRTUAL_ENV_PROMPT=(ros2_env) /usr/bin/cmake --build /home/aladine/memoir/slam_yolo/yolobot/build/yolobot_recognition -- -j4 -l4
[0.205s] Invoking command in '/home/aladine/memoir/slam_yolo/yolobot/build/yolobot_recognition': CMAKE_PREFIX_PATH=${CMAKE_PREFIX_PATH}:/opt/ros/humble VIRTUAL_ENV_PROMPT=(ros2_env) /usr/bin/cmake --install /home/aladine/memoir/slam_yolo/yolobot/build/yolobot_recognition
[0.233s] -- Install configuration: ""
[0.233s] -- Up-to-date: /home/aladine/memoir/slam_yolo/yolobot/install/yolobot_recognition/share/yolobot_recognition//scripts
[0.234s] -- Up-to-date: /home/aladine/memoir/slam_yolo/yolobot/install/yolobot_recognition/share/yolobot_recognition//scripts/.dockerignore
[0.234s] -- Up-to-date: /home/aladine/memoir/slam_yolo/yolobot/install/yolobot_recognition/share/yolobot_recognition//scripts/yolov8_ros2_subscriber.py
[0.234s] -- Up-to-date: /home/aladine/memoir/slam_yolo/yolobot/install/yolobot_recognition/share/yolobot_recognition//scripts/.gitattributes
[0.235s] -- Up-to-date: /home/aladine/memoir/slam_yolo/yolobot/install/yolobot_recognition/share/yolobot_recognition//scripts/yolov8n.pt
[0.236s] -- Up-to-date: /home/aladine/memoir/slam_yolo/yolobot/install/yolobot_recognition/share/yolobot_recognition//scripts/yolov8_ros2_pt.py
[0.236s] -- Up-to-date: /home/aladine/memoir/slam_yolo/yolobot/install/yolobot_recognition/share/yolobot_recognition//scripts/.gitignore
[0.236s] -- Up-to-date: /home/aladine/memoir/slam_yolo/yolobot/install/yolobot_recognition/share/yolobot_recognition//launch
[0.236s] -- Up-to-date: /home/aladine/memoir/slam_yolo/yolobot/install/yolobot_recognition/share/yolobot_recognition//launch/launch_yolov8.launch.py
[0.237s] -- Up-to-date: /home/aladine/memoir/slam_yolo/yolobot/install/yolobot_recognition/lib/yolobot_recognition/yolov8_ros2_pt.py
[0.238s] -- Up-to-date: /home/aladine/memoir/slam_yolo/yolobot/install/yolobot_recognition/lib/yolobot_recognition/yolov8_ros2_subscriber.py
[0.238s] -- Up-to-date: /home/aladine/memoir/slam_yolo/yolobot/install/yolobot_recognition/lib/yolobot_recognition/launch_yolov8.launch.py
[0.239s] -- Up-to-date: /home/aladine/memoir/slam_yolo/yolobot/install/yolobot_recognition/share/ament_index/resource_index/package_run_dependencies/yolobot_recognition
[0.240s] -- Up-to-date: /home/aladine/memoir/slam_yolo/yolobot/install/yolobot_recognition/share/ament_index/resource_index/parent_prefix_path/yolobot_recognition
[0.240s] -- Up-to-date: /home/aladine/memoir/slam_yolo/yolobot/install/yolobot_recognition/share/yolobot_recognition/environment/ament_prefix_path.sh
[0.240s] -- Up-to-date: /home/aladine/memoir/slam_yolo/yolobot/install/yolobot_recognition/share/yolobot_recognition/environment/ament_prefix_path.dsv
[0.241s] -- Up-to-date: /home/aladine/memoir/slam_yolo/yolobot/install/yolobot_recognition/share/yolobot_recognition/environment/path.sh
[0.241s] -- Up-to-date: /home/aladine/memoir/slam_yolo/yolobot/install/yolobot_recognition/share/yolobot_recognition/environment/path.dsv
[0.241s] -- Up-to-date: /home/aladine/memoir/slam_yolo/yolobot/install/yolobot_recognition/share/yolobot_recognition/local_setup.bash
[0.242s] -- Up-to-date: /home/aladine/memoir/slam_yolo/yolobot/install/yolobot_recognition/share/yolobot_recognition/local_setup.sh
[0.242s] -- Up-to-date: /home/aladine/memoir/slam_yolo/yolobot/install/yolobot_recognition/share/yolobot_recognition/local_setup.zsh
[0.243s] -- Up-to-date: /home/aladine/memoir/slam_yolo/yolobot/install/yolobot_recognition/share/yolobot_recognition/local_setup.dsv
[0.243s] -- Installing: /home/aladine/memoir/slam_yolo/yolobot/install/yolobot_recognition/share/yolobot_recognition/package.dsv
[0.243s] -- Up-to-date: /home/aladine/memoir/slam_yolo/yolobot/install/yolobot_recognition/share/ament_index/resource_index/packages/yolobot_recognition
[0.243s] -- Up-to-date: /home/aladine/memoir/slam_yolo/yolobot/install/yolobot_recognition/share/yolobot_recognition/cmake/yolobot_recognitionConfig.cmake
[0.244s] -- Up-to-date: /home/aladine/memoir/slam_yolo/yolobot/install/yolobot_recognition/share/yolobot_recognition/cmake/yolobot_recognitionConfig-version.cmake
[0.244s] -- Up-to-date: /home/aladine/memoir/slam_yolo/yolobot/install/yolobot_recognition/share/yolobot_recognition/package.xml
[0.318s] Invoked command in '/home/aladine/memoir/slam_yolo/yolobot/build/yolobot_recognition' returned '0': CMAKE_PREFIX_PATH=${CMAKE_PREFIX_PATH}:/opt/ros/humble VIRTUAL_ENV_PROMPT=(ros2_env) /usr/bin/cmake --install /home/aladine/memoir/slam_yolo/yolobot/build/yolobot_recognition
