[0.057s] Invoking command in '/home/aladine/memoir/slam_yolo/yolobot/build/yolobot_control': CMAKE_PREFIX_PATH=${CMAKE_PREFIX_PATH}:/opt/ros/humble VIRTUAL_ENV_PROMPT=(ros2_env) /usr/bin/cmake /home/aladine/memoir/slam_yolo/yolobot/src/yolobot_control -DCMAKE_INSTALL_PREFIX=/home/aladine/memoir/slam_yolo/yolobot/install/yolobot_control
[0.247s] -- The C compiler identification is GNU 11.4.0
[0.432s] -- The CXX compiler identification is GNU 11.4.0
[0.460s] -- Detecting C compiler ABI info
[0.688s] -- Detecting C compiler ABI info - done
[0.738s] -- Check for working C compiler: /usr/bin/cc - skipped
[0.740s] -- Detecting C compile features
[0.742s] -- Detecting C compile features - done
[0.748s] -- Detecting CXX compiler ABI info
[1.063s] -- Detecting CXX compiler ABI info - done
[1.096s] -- Check for working CXX compiler: /usr/bin/c++ - skipped
[1.096s] -- Detecting CXX compile features
[1.097s] -- Detecting CXX compile features - done
[1.105s] -- Found ament_cmake: 1.3.11 (/opt/ros/humble/share/ament_cmake/cmake)
[2.483s] -- Found Python3: /home/aladine/ros2_ws/ros2_env/bin/python3 (found version "3.10.12") found components: Interpreter 
[2.851s] -- Found ament_lint_auto: 0.12.12 (/opt/ros/humble/share/ament_lint_auto/cmake)
[3.217s] -- Added test 'copyright' to check source files copyright and LICENSE
[3.240s] -- Added test 'flake8' to check Python code syntax and style conventions
[3.240s] -- Added test 'lint_cmake' to check CMake code style
[3.243s] -- Added test 'pep257' to check Python code against some of the docstring style conventions in PEP 257
[3.257s] -- Added test 'xmllint' to check XML markup files
[3.265s] -- Configuring done
[3.299s] -- Generating done
[3.307s] -- Build files have been written to: /home/aladine/memoir/slam_yolo/yolobot/build/yolobot_control
[3.426s] Invoked command in '/home/aladine/memoir/slam_yolo/yolobot/build/yolobot_control' returned '0': CMAKE_PREFIX_PATH=${CMAKE_PREFIX_PATH}:/opt/ros/humble VIRTUAL_ENV_PROMPT=(ros2_env) /usr/bin/cmake /home/aladine/memoir/slam_yolo/yolobot/src/yolobot_control -DCMAKE_INSTALL_PREFIX=/home/aladine/memoir/slam_yolo/yolobot/install/yolobot_control
[3.428s] Invoking command in '/home/aladine/memoir/slam_yolo/yolobot/build/yolobot_control': CMAKE_PREFIX_PATH=${CMAKE_PREFIX_PATH}:/opt/ros/humble VIRTUAL_ENV_PROMPT=(ros2_env) /usr/bin/cmake --build /home/aladine/memoir/slam_yolo/yolobot/build/yolobot_control -- -j4 -l4
[3.571s] Invoked command in '/home/aladine/memoir/slam_yolo/yolobot/build/yolobot_control' returned '0': CMAKE_PREFIX_PATH=${CMAKE_PREFIX_PATH}:/opt/ros/humble VIRTUAL_ENV_PROMPT=(ros2_env) /usr/bin/cmake --build /home/aladine/memoir/slam_yolo/yolobot/build/yolobot_control -- -j4 -l4
[3.575s] Invoking command in '/home/aladine/memoir/slam_yolo/yolobot/build/yolobot_control': CMAKE_PREFIX_PATH=${CMAKE_PREFIX_PATH}:/opt/ros/humble VIRTUAL_ENV_PROMPT=(ros2_env) /usr/bin/cmake --install /home/aladine/memoir/slam_yolo/yolobot/build/yolobot_control
[3.588s] -- Install configuration: ""
[3.588s] -- Installing: /home/aladine/memoir/slam_yolo/yolobot/install/yolobot_control/share/yolobot_control//scripts
[3.588s] -- Installing: /home/aladine/memoir/slam_yolo/yolobot/install/yolobot_control/share/yolobot_control//scripts/robot_control.py
[3.589s] -- Installing: /home/aladine/memoir/slam_yolo/yolobot/install/yolobot_control/share/yolobot_control//launch
[3.593s] -- Installing: /home/aladine/memoir/slam_yolo/yolobot/install/yolobot_control/share/yolobot_control//launch/yolobot_control.launch.py
[3.594s] -- Installing: /home/aladine/memoir/slam_yolo/yolobot/install/yolobot_control/lib/yolobot_control/robot_control.py
[3.594s] -- Installing: /home/aladine/memoir/slam_yolo/yolobot/install/yolobot_control/lib/yolobot_control/yolobot_control.launch.py
[3.594s] -- Installing: /home/aladine/memoir/slam_yolo/yolobot/install/yolobot_control/share/ament_index/resource_index/package_run_dependencies/yolobot_control
[3.594s] -- Installing: /home/aladine/memoir/slam_yolo/yolobot/install/yolobot_control/share/ament_index/resource_index/parent_prefix_path/yolobot_control
[3.595s] -- Installing: /home/aladine/memoir/slam_yolo/yolobot/install/yolobot_control/share/yolobot_control/environment/ament_prefix_path.sh
[3.595s] -- Installing: /home/aladine/memoir/slam_yolo/yolobot/install/yolobot_control/share/yolobot_control/environment/ament_prefix_path.dsv
[3.595s] -- Installing: /home/aladine/memoir/slam_yolo/yolobot/install/yolobot_control/share/yolobot_control/environment/path.sh
[3.595s] -- Installing: /home/aladine/memoir/slam_yolo/yolobot/install/yolobot_control/share/yolobot_control/environment/path.dsv
[3.596s] -- Installing: /home/aladine/memoir/slam_yolo/yolobot/install/yolobot_control/share/yolobot_control/local_setup.bash
[3.596s] -- Installing: /home/aladine/memoir/slam_yolo/yolobot/install/yolobot_control/share/yolobot_control/local_setup.sh
[3.600s] -- Installing: /home/aladine/memoir/slam_yolo/yolobot/install/yolobot_control/share/yolobot_control/local_setup.zsh
[3.600s] -- Installing: /home/aladine/memoir/slam_yolo/yolobot/install/yolobot_control/share/yolobot_control/local_setup.dsv
[3.600s] -- Installing: /home/aladine/memoir/slam_yolo/yolobot/install/yolobot_control/share/yolobot_control/package.dsv
[3.600s] -- Installing: /home/aladine/memoir/slam_yolo/yolobot/install/yolobot_control/share/ament_index/resource_index/packages/yolobot_control
[3.601s] -- Installing: /home/aladine/memoir/slam_yolo/yolobot/install/yolobot_control/share/yolobot_control/cmake/yolobot_controlConfig.cmake
[3.601s] -- Installing: /home/aladine/memoir/slam_yolo/yolobot/install/yolobot_control/share/yolobot_control/cmake/yolobot_controlConfig-version.cmake
[3.603s] -- Installing: /home/aladine/memoir/slam_yolo/yolobot/install/yolobot_control/share/yolobot_control/package.xml
[3.611s] Invoked command in '/home/aladine/memoir/slam_yolo/yolobot/build/yolobot_control' returned '0': CMAKE_PREFIX_PATH=${CMAKE_PREFIX_PATH}:/opt/ros/humble VIRTUAL_ENV_PROMPT=(ros2_env) /usr/bin/cmake --install /home/aladine/memoir/slam_yolo/yolobot/build/yolobot_control
