[0.024s] Invoking command in '/home/aladine/memoir/slam_yolo/yolobot/build/yolov8_msgs': CMAKE_PREFIX_PATH=${CMAKE_PREFIX_PATH}:/opt/ros/humble VIRTUAL_ENV_PROMPT=(ros2_env) /usr/bin/cmake --build /home/aladine/memoir/slam_yolo/yolobot/build/yolov8_msgs -- -j4 -l4
[0.173s] [ 10%] Built target yolov8_msgs__rosidl_generator_c
[0.173s] [ 12%] Built target yolov8_msgs__cpp
[0.212s] [ 12%] Built target ament_cmake_python_copy_yolov8_msgs
[0.262s] [ 23%] Built target yolov8_msgs__rosidl_typesupport_cpp
[0.273s] [ 33%] Built target yolov8_msgs__rosidl_typesupport_fastrtps_c
[0.275s] [ 43%] Built target yolov8_msgs__rosidl_typesupport_fastrtps_cpp
[0.292s] [ 53%] Built target yolov8_msgs__rosidl_typesupport_introspection_c
[0.314s] [ 64%] Built target yolov8_msgs__rosidl_typesupport_c
[0.322s] [ 74%] Built target yolov8_msgs__rosidl_typesupport_introspection_cpp
[0.360s] [ 74%] Built target yolov8_msgs
[0.392s] [ 76%] Built target yolov8_msgs__py
[0.425s] [ 84%] Built target yolov8_msgs__rosidl_generator_py
[0.477s] [ 89%] Built target yolov8_msgs__rosidl_typesupport_fastrtps_c__pyext
[0.478s] [ 94%] Built target yolov8_msgs__rosidl_typesupport_c__pyext
[0.490s] [100%] Built target yolov8_msgs__rosidl_typesupport_introspection_c__pyext
[0.608s] running egg_info
[0.627s] writing yolov8_msgs.egg-info/PKG-INFO
[0.628s] writing dependency_links to yolov8_msgs.egg-info/dependency_links.txt
[0.628s] writing top-level names to yolov8_msgs.egg-info/top_level.txt
[0.696s] reading manifest file 'yolov8_msgs.egg-info/SOURCES.txt'
[0.698s] writing manifest file 'yolov8_msgs.egg-info/SOURCES.txt'
[0.743s] [100%] Built target ament_cmake_python_build_yolov8_msgs_egg
[0.763s] Invoked command in '/home/aladine/memoir/slam_yolo/yolobot/build/yolov8_msgs' returned '0': CMAKE_PREFIX_PATH=${CMAKE_PREFIX_PATH}:/opt/ros/humble VIRTUAL_ENV_PROMPT=(ros2_env) /usr/bin/cmake --build /home/aladine/memoir/slam_yolo/yolobot/build/yolov8_msgs -- -j4 -l4
[0.765s] Invoking command in '/home/aladine/memoir/slam_yolo/yolobot/build/yolov8_msgs': CMAKE_PREFIX_PATH=${CMAKE_PREFIX_PATH}:/opt/ros/humble VIRTUAL_ENV_PROMPT=(ros2_env) /usr/bin/cmake --install /home/aladine/memoir/slam_yolo/yolobot/build/yolov8_msgs
[0.777s] -- Install configuration: ""
[0.778s] -- Up-to-date: /home/aladine/memoir/slam_yolo/yolobot/install/yolov8_msgs/share/ament_index/resource_index/rosidl_interfaces/yolov8_msgs
[0.778s] -- Up-to-date: /home/aladine/memoir/slam_yolo/yolobot/install/yolov8_msgs/include/yolov8_msgs/yolov8_msgs
[0.778s] -- Up-to-date: /home/aladine/memoir/slam_yolo/yolobot/install/yolov8_msgs/include/yolov8_msgs/yolov8_msgs/msg
[0.778s] -- Up-to-date: /home/aladine/memoir/slam_yolo/yolobot/install/yolov8_msgs/include/yolov8_msgs/yolov8_msgs/msg/inference_result.h
[0.778s] -- Up-to-date: /home/aladine/memoir/slam_yolo/yolobot/install/yolov8_msgs/include/yolov8_msgs/yolov8_msgs/msg/detail
[0.778s] -- Up-to-date: /home/aladine/memoir/slam_yolo/yolobot/install/yolov8_msgs/include/yolov8_msgs/yolov8_msgs/msg/detail/inference_result__functions.c
[0.779s] -- Up-to-date: /home/aladine/memoir/slam_yolo/yolobot/install/yolov8_msgs/include/yolov8_msgs/yolov8_msgs/msg/detail/yolov8_inference__type_support.h
[0.779s] -- Up-to-date: /home/aladine/memoir/slam_yolo/yolobot/install/yolov8_msgs/include/yolov8_msgs/yolov8_msgs/msg/detail/inference_result__functions.h
[0.779s] -- Up-to-date: /home/aladine/memoir/slam_yolo/yolobot/install/yolov8_msgs/include/yolov8_msgs/yolov8_msgs/msg/detail/yolov8_inference__functions.h
[0.779s] -- Up-to-date: /home/aladine/memoir/slam_yolo/yolobot/install/yolov8_msgs/include/yolov8_msgs/yolov8_msgs/msg/detail/inference_result__type_support.h
[0.779s] -- Up-to-date: /home/aladine/memoir/slam_yolo/yolobot/install/yolov8_msgs/include/yolov8_msgs/yolov8_msgs/msg/detail/inference_result__struct.h
[0.779s] -- Up-to-date: /home/aladine/memoir/slam_yolo/yolobot/install/yolov8_msgs/include/yolov8_msgs/yolov8_msgs/msg/detail/yolov8_inference__struct.h
[0.779s] -- Up-to-date: /home/aladine/memoir/slam_yolo/yolobot/install/yolov8_msgs/include/yolov8_msgs/yolov8_msgs/msg/detail/yolov8_inference__functions.c
[0.779s] -- Up-to-date: /home/aladine/memoir/slam_yolo/yolobot/install/yolov8_msgs/include/yolov8_msgs/yolov8_msgs/msg/yolov8_inference.h
[0.780s] -- Up-to-date: /home/aladine/memoir/slam_yolo/yolobot/install/yolov8_msgs/include/yolov8_msgs/yolov8_msgs/msg/rosidl_generator_c__visibility_control.h
[0.780s] -- Up-to-date: /home/aladine/memoir/slam_yolo/yolobot/install/yolov8_msgs/share/yolov8_msgs/environment/library_path.sh
[0.780s] -- Up-to-date: /home/aladine/memoir/slam_yolo/yolobot/install/yolov8_msgs/share/yolov8_msgs/environment/library_path.dsv
[0.782s] -- Up-to-date: /home/aladine/memoir/slam_yolo/yolobot/install/yolov8_msgs/lib/libyolov8_msgs__rosidl_generator_c.so
[0.783s] -- Up-to-date: /home/aladine/memoir/slam_yolo/yolobot/install/yolov8_msgs/include/yolov8_msgs/yolov8_msgs
[0.783s] -- Up-to-date: /home/aladine/memoir/slam_yolo/yolobot/install/yolov8_msgs/include/yolov8_msgs/yolov8_msgs/msg
[0.783s] -- Up-to-date: /home/aladine/memoir/slam_yolo/yolobot/install/yolov8_msgs/include/yolov8_msgs/yolov8_msgs/msg/rosidl_typesupport_fastrtps_c__visibility_control.h
[0.783s] -- Up-to-date: /home/aladine/memoir/slam_yolo/yolobot/install/yolov8_msgs/include/yolov8_msgs/yolov8_msgs/msg/detail
[0.783s] -- Up-to-date: /home/aladine/memoir/slam_yolo/yolobot/install/yolov8_msgs/include/yolov8_msgs/yolov8_msgs/msg/detail/inference_result__rosidl_typesupport_fastrtps_c.h
[0.783s] -- Up-to-date: /home/aladine/memoir/slam_yolo/yolobot/install/yolov8_msgs/include/yolov8_msgs/yolov8_msgs/msg/detail/yolov8_inference__rosidl_typesupport_fastrtps_c.h
[0.783s] -- Up-to-date: /home/aladine/memoir/slam_yolo/yolobot/install/yolov8_msgs/lib/libyolov8_msgs__rosidl_typesupport_fastrtps_c.so
[0.784s] -- Up-to-date: /home/aladine/memoir/slam_yolo/yolobot/install/yolov8_msgs/include/yolov8_msgs/yolov8_msgs
[0.784s] -- Up-to-date: /home/aladine/memoir/slam_yolo/yolobot/install/yolov8_msgs/include/yolov8_msgs/yolov8_msgs/msg
[0.784s] -- Up-to-date: /home/aladine/memoir/slam_yolo/yolobot/install/yolov8_msgs/include/yolov8_msgs/yolov8_msgs/msg/rosidl_generator_cpp__visibility_control.hpp
[0.784s] -- Up-to-date: /home/aladine/memoir/slam_yolo/yolobot/install/yolov8_msgs/include/yolov8_msgs/yolov8_msgs/msg/yolov8_inference.hpp
[0.785s] -- Up-to-date: /home/aladine/memoir/slam_yolo/yolobot/install/yolov8_msgs/include/yolov8_msgs/yolov8_msgs/msg/detail
[0.785s] -- Up-to-date: /home/aladine/memoir/slam_yolo/yolobot/install/yolov8_msgs/include/yolov8_msgs/yolov8_msgs/msg/detail/inference_result__type_support.hpp
[0.785s] -- Up-to-date: /home/aladine/memoir/slam_yolo/yolobot/install/yolov8_msgs/include/yolov8_msgs/yolov8_msgs/msg/detail/yolov8_inference__type_support.hpp
[0.785s] -- Up-to-date: /home/aladine/memoir/slam_yolo/yolobot/install/yolov8_msgs/include/yolov8_msgs/yolov8_msgs/msg/detail/inference_result__traits.hpp
[0.785s] -- Up-to-date: /home/aladine/memoir/slam_yolo/yolobot/install/yolov8_msgs/include/yolov8_msgs/yolov8_msgs/msg/detail/yolov8_inference__builder.hpp
[0.785s] -- Up-to-date: /home/aladine/memoir/slam_yolo/yolobot/install/yolov8_msgs/include/yolov8_msgs/yolov8_msgs/msg/detail/inference_result__struct.hpp
[0.785s] -- Up-to-date: /home/aladine/memoir/slam_yolo/yolobot/install/yolov8_msgs/include/yolov8_msgs/yolov8_msgs/msg/detail/yolov8_inference__traits.hpp
[0.785s] -- Up-to-date: /home/aladine/memoir/slam_yolo/yolobot/install/yolov8_msgs/include/yolov8_msgs/yolov8_msgs/msg/detail/yolov8_inference__struct.hpp
[0.786s] -- Up-to-date: /home/aladine/memoir/slam_yolo/yolobot/install/yolov8_msgs/include/yolov8_msgs/yolov8_msgs/msg/detail/inference_result__builder.hpp
[0.786s] -- Up-to-date: /home/aladine/memoir/slam_yolo/yolobot/install/yolov8_msgs/include/yolov8_msgs/yolov8_msgs/msg/inference_result.hpp
[0.786s] -- Up-to-date: /home/aladine/memoir/slam_yolo/yolobot/install/yolov8_msgs/include/yolov8_msgs/yolov8_msgs
[0.786s] -- Up-to-date: /home/aladine/memoir/slam_yolo/yolobot/install/yolov8_msgs/include/yolov8_msgs/yolov8_msgs/msg
[0.786s] -- Up-to-date: /home/aladine/memoir/slam_yolo/yolobot/install/yolov8_msgs/include/yolov8_msgs/yolov8_msgs/msg/rosidl_typesupport_fastrtps_cpp__visibility_control.h
[0.786s] -- Up-to-date: /home/aladine/memoir/slam_yolo/yolobot/install/yolov8_msgs/include/yolov8_msgs/yolov8_msgs/msg/detail
[0.787s] -- Up-to-date: /home/aladine/memoir/slam_yolo/yolobot/install/yolov8_msgs/include/yolov8_msgs/yolov8_msgs/msg/detail/inference_result__rosidl_typesupport_fastrtps_cpp.hpp
[0.787s] -- Up-to-date: /home/aladine/memoir/slam_yolo/yolobot/install/yolov8_msgs/include/yolov8_msgs/yolov8_msgs/msg/detail/dds_fastrtps
[0.787s] -- Up-to-date: /home/aladine/memoir/slam_yolo/yolobot/install/yolov8_msgs/include/yolov8_msgs/yolov8_msgs/msg/detail/yolov8_inference__rosidl_typesupport_fastrtps_cpp.hpp
[0.787s] -- Up-to-date: /home/aladine/memoir/slam_yolo/yolobot/install/yolov8_msgs/lib/libyolov8_msgs__rosidl_typesupport_fastrtps_cpp.so
[0.787s] -- Up-to-date: /home/aladine/memoir/slam_yolo/yolobot/install/yolov8_msgs/include/yolov8_msgs/yolov8_msgs
[0.787s] -- Up-to-date: /home/aladine/memoir/slam_yolo/yolobot/install/yolov8_msgs/include/yolov8_msgs/yolov8_msgs/msg
[0.787s] -- Up-to-date: /home/aladine/memoir/slam_yolo/yolobot/install/yolov8_msgs/include/yolov8_msgs/yolov8_msgs/msg/rosidl_typesupport_introspection_c__visibility_control.h
[0.788s] -- Up-to-date: /home/aladine/memoir/slam_yolo/yolobot/install/yolov8_msgs/include/yolov8_msgs/yolov8_msgs/msg/detail
[0.788s] -- Up-to-date: /home/aladine/memoir/slam_yolo/yolobot/install/yolov8_msgs/include/yolov8_msgs/yolov8_msgs/msg/detail/yolov8_inference__type_support.c
[0.788s] -- Up-to-date: /home/aladine/memoir/slam_yolo/yolobot/install/yolov8_msgs/include/yolov8_msgs/yolov8_msgs/msg/detail/yolov8_inference__rosidl_typesupport_introspection_c.h
[0.788s] -- Up-to-date: /home/aladine/memoir/slam_yolo/yolobot/install/yolov8_msgs/include/yolov8_msgs/yolov8_msgs/msg/detail/inference_result__type_support.c
[0.788s] -- Up-to-date: /home/aladine/memoir/slam_yolo/yolobot/install/yolov8_msgs/include/yolov8_msgs/yolov8_msgs/msg/detail/inference_result__rosidl_typesupport_introspection_c.h
[0.788s] -- Up-to-date: /home/aladine/memoir/slam_yolo/yolobot/install/yolov8_msgs/lib/libyolov8_msgs__rosidl_typesupport_introspection_c.so
[0.788s] -- Up-to-date: /home/aladine/memoir/slam_yolo/yolobot/install/yolov8_msgs/lib/libyolov8_msgs__rosidl_typesupport_c.so
[0.789s] -- Up-to-date: /home/aladine/memoir/slam_yolo/yolobot/install/yolov8_msgs/include/yolov8_msgs/yolov8_msgs
[0.789s] -- Up-to-date: /home/aladine/memoir/slam_yolo/yolobot/install/yolov8_msgs/include/yolov8_msgs/yolov8_msgs/msg
[0.789s] -- Up-to-date: /home/aladine/memoir/slam_yolo/yolobot/install/yolov8_msgs/include/yolov8_msgs/yolov8_msgs/msg/detail
[0.789s] -- Up-to-date: /home/aladine/memoir/slam_yolo/yolobot/install/yolov8_msgs/include/yolov8_msgs/yolov8_msgs/msg/detail/yolov8_inference__type_support.cpp
[0.789s] -- Up-to-date: /home/aladine/memoir/slam_yolo/yolobot/install/yolov8_msgs/include/yolov8_msgs/yolov8_msgs/msg/detail/yolov8_inference__rosidl_typesupport_introspection_cpp.hpp
[0.789s] -- Up-to-date: /home/aladine/memoir/slam_yolo/yolobot/install/yolov8_msgs/include/yolov8_msgs/yolov8_msgs/msg/detail/inference_result__rosidl_typesupport_introspection_cpp.hpp
[0.789s] -- Up-to-date: /home/aladine/memoir/slam_yolo/yolobot/install/yolov8_msgs/include/yolov8_msgs/yolov8_msgs/msg/detail/inference_result__type_support.cpp
[0.789s] -- Up-to-date: /home/aladine/memoir/slam_yolo/yolobot/install/yolov8_msgs/lib/libyolov8_msgs__rosidl_typesupport_introspection_cpp.so
[0.790s] -- Up-to-date: /home/aladine/memoir/slam_yolo/yolobot/install/yolov8_msgs/lib/libyolov8_msgs__rosidl_typesupport_cpp.so
[0.790s] -- Up-to-date: /home/aladine/memoir/slam_yolo/yolobot/install/yolov8_msgs/share/yolov8_msgs/environment/pythonpath.sh
[0.790s] -- Up-to-date: /home/aladine/memoir/slam_yolo/yolobot/install/yolov8_msgs/share/yolov8_msgs/environment/pythonpath.dsv
[0.790s] -- Up-to-date: /home/aladine/memoir/slam_yolo/yolobot/install/yolov8_msgs/lib/python3.10/site-packages/yolov8_msgs-0.0.0-py3.10.egg-info
[0.790s] -- Installing: /home/aladine/memoir/slam_yolo/yolobot/install/yolov8_msgs/lib/python3.10/site-packages/yolov8_msgs-0.0.0-py3.10.egg-info/dependency_links.txt
[0.791s] -- Installing: /home/aladine/memoir/slam_yolo/yolobot/install/yolov8_msgs/lib/python3.10/site-packages/yolov8_msgs-0.0.0-py3.10.egg-info/SOURCES.txt
[0.791s] -- Installing: /home/aladine/memoir/slam_yolo/yolobot/install/yolov8_msgs/lib/python3.10/site-packages/yolov8_msgs-0.0.0-py3.10.egg-info/top_level.txt
[0.791s] -- Installing: /home/aladine/memoir/slam_yolo/yolobot/install/yolov8_msgs/lib/python3.10/site-packages/yolov8_msgs-0.0.0-py3.10.egg-info/PKG-INFO
[0.791s] -- Up-to-date: /home/aladine/memoir/slam_yolo/yolobot/install/yolov8_msgs/lib/python3.10/site-packages/yolov8_msgs
[0.791s] -- Up-to-date: /home/aladine/memoir/slam_yolo/yolobot/install/yolov8_msgs/lib/python3.10/site-packages/yolov8_msgs/_yolov8_msgs_s.ep.rosidl_typesupport_fastrtps_c.c
[0.791s] -- Up-to-date: /home/aladine/memoir/slam_yolo/yolobot/install/yolov8_msgs/lib/python3.10/site-packages/yolov8_msgs/yolov8_msgs_s__rosidl_typesupport_c.cpython-310-x86_64-linux-gnu.so
[0.792s] -- Up-to-date: /home/aladine/memoir/slam_yolo/yolobot/install/yolov8_msgs/lib/python3.10/site-packages/yolov8_msgs/_yolov8_msgs_s.ep.rosidl_typesupport_introspection_c.c
[0.792s] -- Up-to-date: /home/aladine/memoir/slam_yolo/yolobot/install/yolov8_msgs/lib/python3.10/site-packages/yolov8_msgs/yolov8_msgs_s__rosidl_typesupport_fastrtps_c.cpython-310-x86_64-linux-gnu.so
[0.792s] -- Up-to-date: /home/aladine/memoir/slam_yolo/yolobot/install/yolov8_msgs/lib/python3.10/site-packages/yolov8_msgs/_yolov8_msgs_s.ep.rosidl_typesupport_c.c
[0.792s] -- Up-to-date: /home/aladine/memoir/slam_yolo/yolobot/install/yolov8_msgs/lib/python3.10/site-packages/yolov8_msgs/yolov8_msgs_s__rosidl_typesupport_introspection_c.cpython-310-x86_64-linux-gnu.so
[0.792s] -- Up-to-date: /home/aladine/memoir/slam_yolo/yolobot/install/yolov8_msgs/lib/python3.10/site-packages/yolov8_msgs/__init__.py
[0.792s] -- Up-to-date: /home/aladine/memoir/slam_yolo/yolobot/install/yolov8_msgs/lib/python3.10/site-packages/yolov8_msgs/libyolov8_msgs__rosidl_generator_py.so
[0.793s] -- Up-to-date: /home/aladine/memoir/slam_yolo/yolobot/install/yolov8_msgs/lib/python3.10/site-packages/yolov8_msgs/msg
[0.793s] -- Up-to-date: /home/aladine/memoir/slam_yolo/yolobot/install/yolov8_msgs/lib/python3.10/site-packages/yolov8_msgs/msg/_inference_result_s.c
[0.793s] -- Up-to-date: /home/aladine/memoir/slam_yolo/yolobot/install/yolov8_msgs/lib/python3.10/site-packages/yolov8_msgs/msg/_yolov8_inference_s.c
[0.793s] -- Up-to-date: /home/aladine/memoir/slam_yolo/yolobot/install/yolov8_msgs/lib/python3.10/site-packages/yolov8_msgs/msg/_yolov8_inference.py
[0.793s] -- Up-to-date: /home/aladine/memoir/slam_yolo/yolobot/install/yolov8_msgs/lib/python3.10/site-packages/yolov8_msgs/msg/__init__.py
[0.793s] -- Up-to-date: /home/aladine/memoir/slam_yolo/yolobot/install/yolov8_msgs/lib/python3.10/site-packages/yolov8_msgs/msg/_inference_result.py
[0.840s] Listing '/home/aladine/memoir/slam_yolo/yolobot/install/yolov8_msgs/lib/python3.10/site-packages/yolov8_msgs'...
[0.841s] Listing '/home/aladine/memoir/slam_yolo/yolobot/install/yolov8_msgs/lib/python3.10/site-packages/yolov8_msgs/msg'...
[0.851s] -- Up-to-date: /home/aladine/memoir/slam_yolo/yolobot/install/yolov8_msgs/lib/python3.10/site-packages/yolov8_msgs/yolov8_msgs_s__rosidl_typesupport_fastrtps_c.cpython-310-x86_64-linux-gnu.so
[0.851s] -- Up-to-date: /home/aladine/memoir/slam_yolo/yolobot/install/yolov8_msgs/lib/python3.10/site-packages/yolov8_msgs/yolov8_msgs_s__rosidl_typesupport_introspection_c.cpython-310-x86_64-linux-gnu.so
[0.852s] -- Up-to-date: /home/aladine/memoir/slam_yolo/yolobot/install/yolov8_msgs/lib/python3.10/site-packages/yolov8_msgs/yolov8_msgs_s__rosidl_typesupport_c.cpython-310-x86_64-linux-gnu.so
[0.853s] -- Up-to-date: /home/aladine/memoir/slam_yolo/yolobot/install/yolov8_msgs/lib/libyolov8_msgs__rosidl_generator_py.so
[0.854s] -- Up-to-date: /home/aladine/memoir/slam_yolo/yolobot/install/yolov8_msgs/share/yolov8_msgs/msg/InferenceResult.idl
[0.854s] -- Up-to-date: /home/aladine/memoir/slam_yolo/yolobot/install/yolov8_msgs/share/yolov8_msgs/msg/Yolov8Inference.idl
[0.854s] -- Up-to-date: /home/aladine/memoir/slam_yolo/yolobot/install/yolov8_msgs/share/yolov8_msgs/msg/InferenceResult.msg
[0.854s] -- Up-to-date: /home/aladine/memoir/slam_yolo/yolobot/install/yolov8_msgs/share/yolov8_msgs/msg/Yolov8Inference.msg
[0.854s] -- Up-to-date: /home/aladine/memoir/slam_yolo/yolobot/install/yolov8_msgs/share/ament_index/resource_index/package_run_dependencies/yolov8_msgs
[0.855s] -- Up-to-date: /home/aladine/memoir/slam_yolo/yolobot/install/yolov8_msgs/share/ament_index/resource_index/parent_prefix_path/yolov8_msgs
[0.855s] -- Up-to-date: /home/aladine/memoir/slam_yolo/yolobot/install/yolov8_msgs/share/yolov8_msgs/environment/ament_prefix_path.sh
[0.855s] -- Up-to-date: /home/aladine/memoir/slam_yolo/yolobot/install/yolov8_msgs/share/yolov8_msgs/environment/ament_prefix_path.dsv
[0.855s] -- Up-to-date: /home/aladine/memoir/slam_yolo/yolobot/install/yolov8_msgs/share/yolov8_msgs/environment/path.sh
[0.855s] -- Up-to-date: /home/aladine/memoir/slam_yolo/yolobot/install/yolov8_msgs/share/yolov8_msgs/environment/path.dsv
[0.855s] -- Up-to-date: /home/aladine/memoir/slam_yolo/yolobot/install/yolov8_msgs/share/yolov8_msgs/local_setup.bash
[0.855s] -- Up-to-date: /home/aladine/memoir/slam_yolo/yolobot/install/yolov8_msgs/share/yolov8_msgs/local_setup.sh
[0.856s] -- Up-to-date: /home/aladine/memoir/slam_yolo/yolobot/install/yolov8_msgs/share/yolov8_msgs/local_setup.zsh
[0.856s] -- Up-to-date: /home/aladine/memoir/slam_yolo/yolobot/install/yolov8_msgs/share/yolov8_msgs/local_setup.dsv
[0.856s] -- Installing: /home/aladine/memoir/slam_yolo/yolobot/install/yolov8_msgs/share/yolov8_msgs/package.dsv
[0.856s] -- Up-to-date: /home/aladine/memoir/slam_yolo/yolobot/install/yolov8_msgs/share/ament_index/resource_index/packages/yolov8_msgs
[0.856s] -- Up-to-date: /home/aladine/memoir/slam_yolo/yolobot/install/yolov8_msgs/share/yolov8_msgs/cmake/export_yolov8_msgs__rosidl_generator_cExport.cmake
[0.856s] -- Up-to-date: /home/aladine/memoir/slam_yolo/yolobot/install/yolov8_msgs/share/yolov8_msgs/cmake/export_yolov8_msgs__rosidl_generator_cExport-noconfig.cmake
[0.857s] -- Up-to-date: /home/aladine/memoir/slam_yolo/yolobot/install/yolov8_msgs/share/yolov8_msgs/cmake/export_yolov8_msgs__rosidl_typesupport_fastrtps_cExport.cmake
[0.857s] -- Up-to-date: /home/aladine/memoir/slam_yolo/yolobot/install/yolov8_msgs/share/yolov8_msgs/cmake/export_yolov8_msgs__rosidl_typesupport_fastrtps_cExport-noconfig.cmake
[0.857s] -- Up-to-date: /home/aladine/memoir/slam_yolo/yolobot/install/yolov8_msgs/share/yolov8_msgs/cmake/export_yolov8_msgs__rosidl_generator_cppExport.cmake
[0.857s] -- Up-to-date: /home/aladine/memoir/slam_yolo/yolobot/install/yolov8_msgs/share/yolov8_msgs/cmake/export_yolov8_msgs__rosidl_typesupport_fastrtps_cppExport.cmake
[0.857s] -- Up-to-date: /home/aladine/memoir/slam_yolo/yolobot/install/yolov8_msgs/share/yolov8_msgs/cmake/export_yolov8_msgs__rosidl_typesupport_fastrtps_cppExport-noconfig.cmake
[0.857s] -- Up-to-date: /home/aladine/memoir/slam_yolo/yolobot/install/yolov8_msgs/share/yolov8_msgs/cmake/yolov8_msgs__rosidl_typesupport_introspection_cExport.cmake
[0.858s] -- Up-to-date: /home/aladine/memoir/slam_yolo/yolobot/install/yolov8_msgs/share/yolov8_msgs/cmake/yolov8_msgs__rosidl_typesupport_introspection_cExport-noconfig.cmake
[0.859s] -- Up-to-date: /home/aladine/memoir/slam_yolo/yolobot/install/yolov8_msgs/share/yolov8_msgs/cmake/yolov8_msgs__rosidl_typesupport_cExport.cmake
[0.859s] -- Up-to-date: /home/aladine/memoir/slam_yolo/yolobot/install/yolov8_msgs/share/yolov8_msgs/cmake/yolov8_msgs__rosidl_typesupport_cExport-noconfig.cmake
[0.859s] -- Up-to-date: /home/aladine/memoir/slam_yolo/yolobot/install/yolov8_msgs/share/yolov8_msgs/cmake/yolov8_msgs__rosidl_typesupport_introspection_cppExport.cmake
[0.859s] -- Up-to-date: /home/aladine/memoir/slam_yolo/yolobot/install/yolov8_msgs/share/yolov8_msgs/cmake/yolov8_msgs__rosidl_typesupport_introspection_cppExport-noconfig.cmake
[0.859s] -- Up-to-date: /home/aladine/memoir/slam_yolo/yolobot/install/yolov8_msgs/share/yolov8_msgs/cmake/yolov8_msgs__rosidl_typesupport_cppExport.cmake
[0.859s] -- Up-to-date: /home/aladine/memoir/slam_yolo/yolobot/install/yolov8_msgs/share/yolov8_msgs/cmake/yolov8_msgs__rosidl_typesupport_cppExport-noconfig.cmake
[0.859s] -- Up-to-date: /home/aladine/memoir/slam_yolo/yolobot/install/yolov8_msgs/share/yolov8_msgs/cmake/export_yolov8_msgs__rosidl_generator_pyExport.cmake
[0.859s] -- Up-to-date: /home/aladine/memoir/slam_yolo/yolobot/install/yolov8_msgs/share/yolov8_msgs/cmake/export_yolov8_msgs__rosidl_generator_pyExport-noconfig.cmake
[0.860s] -- Up-to-date: /home/aladine/memoir/slam_yolo/yolobot/install/yolov8_msgs/share/yolov8_msgs/cmake/rosidl_cmake-extras.cmake
[0.860s] -- Up-to-date: /home/aladine/memoir/slam_yolo/yolobot/install/yolov8_msgs/share/yolov8_msgs/cmake/ament_cmake_export_dependencies-extras.cmake
[0.860s] -- Up-to-date: /home/aladine/memoir/slam_yolo/yolobot/install/yolov8_msgs/share/yolov8_msgs/cmake/ament_cmake_export_include_directories-extras.cmake
[0.860s] -- Up-to-date: /home/aladine/memoir/slam_yolo/yolobot/install/yolov8_msgs/share/yolov8_msgs/cmake/ament_cmake_export_libraries-extras.cmake
[0.860s] -- Up-to-date: /home/aladine/memoir/slam_yolo/yolobot/install/yolov8_msgs/share/yolov8_msgs/cmake/ament_cmake_export_targets-extras.cmake
[0.860s] -- Up-to-date: /home/aladine/memoir/slam_yolo/yolobot/install/yolov8_msgs/share/yolov8_msgs/cmake/rosidl_cmake_export_typesupport_targets-extras.cmake
[0.860s] -- Up-to-date: /home/aladine/memoir/slam_yolo/yolobot/install/yolov8_msgs/share/yolov8_msgs/cmake/rosidl_cmake_export_typesupport_libraries-extras.cmake
[0.860s] -- Up-to-date: /home/aladine/memoir/slam_yolo/yolobot/install/yolov8_msgs/share/yolov8_msgs/cmake/yolov8_msgsConfig.cmake
[0.861s] -- Up-to-date: /home/aladine/memoir/slam_yolo/yolobot/install/yolov8_msgs/share/yolov8_msgs/cmake/yolov8_msgsConfig-version.cmake
[0.861s] -- Up-to-date: /home/aladine/memoir/slam_yolo/yolobot/install/yolov8_msgs/share/yolov8_msgs/package.xml
[0.863s] Invoked command in '/home/aladine/memoir/slam_yolo/yolobot/build/yolov8_msgs' returned '0': CMAKE_PREFIX_PATH=${CMAKE_PREFIX_PATH}:/opt/ros/humble VIRTUAL_ENV_PROMPT=(ros2_env) /usr/bin/cmake --install /home/aladine/memoir/slam_yolo/yolobot/build/yolov8_msgs
