-- Install configuration: ""
-- Up-to-date: /home/aladine/memoir/slam_yolo/yolobot/install/yolobot_slam/share/yolobot_slam/launch
-- Up-to-date: /home/aladine/memoir/slam_yolo/yolobot/install/yolobot_slam/share/yolobot_slam/launch/yolobot_maze_slam.launch.py
-- Up-to-date: /home/aladine/memoir/slam_yolo/yolobot/install/yolobot_slam/share/yolobot_slam/launch/slam_toolbox.launch.py
-- Up-to-date: /home/aladine/memoir/slam_yolo/yolobot/install/yolobot_slam/share/yolobot_slam/launch/simple_teleop.launch.py
-- Up-to-date: /home/aladine/memoir/slam_yolo/yolobot/install/yolobot_slam/share/yolobot_slam/launch/teleop.launch.py
-- Up-to-date: /home/aladine/memoir/slam_yolo/yolobot/install/yolobot_slam/share/yolobot_slam/launch/lidar_visualizer.launch.py
-- Up-to-date: /home/aladine/memoir/slam_yolo/yolobot/install/yolobot_slam/share/yolobot_slam/launch/yolobot_with_slam.launch.py
-- Installing: /home/aladine/memoir/slam_yolo/yolobot/install/yolobot_slam/share/yolobot_slam/launch/multi_robot_maze_slam.launch.py
-- Up-to-date: /home/aladine/memoir/slam_yolo/yolobot/install/yolobot_slam/share/yolobot_slam/config
-- Up-to-date: /home/aladine/memoir/slam_yolo/yolobot/install/yolobot_slam/share/yolobot_slam/config/slam.rviz
-- Up-to-date: /home/aladine/memoir/slam_yolo/yolobot/install/yolobot_slam/share/yolobot_slam/config/multi_robot_slam.rviz
-- Up-to-date: /home/aladine/memoir/slam_yolo/yolobot/install/yolobot_slam/share/yolobot_slam/config/mapper_params_online_async.yaml
-- Up-to-date: /home/aladine/memoir/slam_yolo/yolobot/install/yolobot_slam/lib/yolobot_slam/teleop_keyboard.py
-- Up-to-date: /home/aladine/memoir/slam_yolo/yolobot/install/yolobot_slam/lib/yolobot_slam/lidar_visualizer.py
-- Up-to-date: /home/aladine/memoir/slam_yolo/yolobot/install/yolobot_slam/share/ament_index/resource_index/package_run_dependencies/yolobot_slam
-- Up-to-date: /home/aladine/memoir/slam_yolo/yolobot/install/yolobot_slam/share/ament_index/resource_index/parent_prefix_path/yolobot_slam
-- Up-to-date: /home/aladine/memoir/slam_yolo/yolobot/install/yolobot_slam/share/yolobot_slam/environment/ament_prefix_path.sh
-- Up-to-date: /home/aladine/memoir/slam_yolo/yolobot/install/yolobot_slam/share/yolobot_slam/environment/ament_prefix_path.dsv
-- Up-to-date: /home/aladine/memoir/slam_yolo/yolobot/install/yolobot_slam/share/yolobot_slam/environment/path.sh
-- Up-to-date: /home/aladine/memoir/slam_yolo/yolobot/install/yolobot_slam/share/yolobot_slam/environment/path.dsv
-- Up-to-date: /home/aladine/memoir/slam_yolo/yolobot/install/yolobot_slam/share/yolobot_slam/local_setup.bash
-- Up-to-date: /home/aladine/memoir/slam_yolo/yolobot/install/yolobot_slam/share/yolobot_slam/local_setup.sh
-- Up-to-date: /home/aladine/memoir/slam_yolo/yolobot/install/yolobot_slam/share/yolobot_slam/local_setup.zsh
-- Up-to-date: /home/aladine/memoir/slam_yolo/yolobot/install/yolobot_slam/share/yolobot_slam/local_setup.dsv
-- Installing: /home/aladine/memoir/slam_yolo/yolobot/install/yolobot_slam/share/yolobot_slam/package.dsv
-- Up-to-date: /home/aladine/memoir/slam_yolo/yolobot/install/yolobot_slam/share/ament_index/resource_index/packages/yolobot_slam
-- Up-to-date: /home/aladine/memoir/slam_yolo/yolobot/install/yolobot_slam/share/yolobot_slam/cmake/yolobot_slamConfig.cmake
-- Up-to-date: /home/aladine/memoir/slam_yolo/yolobot/install/yolobot_slam/share/yolobot_slam/cmake/yolobot_slamConfig-version.cmake
-- Up-to-date: /home/aladine/memoir/slam_yolo/yolobot/install/yolobot_slam/share/yolobot_slam/package.xml
