[0.091s] Invoking command in '/home/aladine/memoir/slam_yolo/yolobot/build/yolov8_msgs': CMAKE_PREFIX_PATH=${CMAKE_PREFIX_PATH}:/opt/ros/humble VIRTUAL_ENV_PROMPT=(ros2_env) /usr/bin/cmake --build /home/aladine/memoir/slam_yolo/yolobot/build/yolov8_msgs -- -j4 -l4
[0.255s] [  2%] Built target yolov8_msgs__cpp
[0.267s] [ 12%] Built target yolov8_msgs__rosidl_generator_c
[0.275s] [ 12%] Built target ament_cmake_python_copy_yolov8_msgs
[0.345s] [ 23%] Built target yolov8_msgs__rosidl_typesupport_cpp
[0.373s] [ 33%] Built target yolov8_msgs__rosidl_typesupport_fastrtps_cpp
[0.381s] [ 43%] Built target yolov8_msgs__rosidl_typesupport_introspection_cpp
[0.417s] [ 53%] Built target yolov8_msgs__rosidl_typesupport_fastrtps_c
[0.432s] [ 64%] Built target yolov8_msgs__rosidl_typesupport_introspection_c
[0.439s] [ 74%] Built target yolov8_msgs__rosidl_typesupport_c
[0.475s] [ 74%] Built target yolov8_msgs
[0.508s] [ 76%] Built target yolov8_msgs__py
[0.556s] [ 84%] Built target yolov8_msgs__rosidl_generator_py
[0.602s] [ 89%] Built target yolov8_msgs__rosidl_typesupport_introspection_c__pyext
[0.604s] [ 94%] Built target yolov8_msgs__rosidl_typesupport_fastrtps_c__pyext
[0.657s] [100%] Built target yolov8_msgs__rosidl_typesupport_c__pyext
[0.805s] running egg_info
[0.840s] writing yolov8_msgs.egg-info/PKG-INFO
[0.841s] writing dependency_links to yolov8_msgs.egg-info/dependency_links.txt
[0.842s] writing top-level names to yolov8_msgs.egg-info/top_level.txt
[0.923s] reading manifest file 'yolov8_msgs.egg-info/SOURCES.txt'
[0.926s] writing manifest file 'yolov8_msgs.egg-info/SOURCES.txt'
[0.997s] [100%] Built target ament_cmake_python_build_yolov8_msgs_egg
[1.020s] Invoked command in '/home/aladine/memoir/slam_yolo/yolobot/build/yolov8_msgs' returned '0': CMAKE_PREFIX_PATH=${CMAKE_PREFIX_PATH}:/opt/ros/humble VIRTUAL_ENV_PROMPT=(ros2_env) /usr/bin/cmake --build /home/aladine/memoir/slam_yolo/yolobot/build/yolov8_msgs -- -j4 -l4
[1.023s] Invoking command in '/home/aladine/memoir/slam_yolo/yolobot/build/yolov8_msgs': CMAKE_PREFIX_PATH=${CMAKE_PREFIX_PATH}:/opt/ros/humble VIRTUAL_ENV_PROMPT=(ros2_env) /usr/bin/cmake --install /home/aladine/memoir/slam_yolo/yolobot/build/yolov8_msgs
[1.043s] -- Install configuration: ""
[1.043s] -- Up-to-date: /home/aladine/memoir/slam_yolo/yolobot/install/yolov8_msgs/share/ament_index/resource_index/rosidl_interfaces/yolov8_msgs
[1.043s] -- Up-to-date: /home/aladine/memoir/slam_yolo/yolobot/install/yolov8_msgs/include/yolov8_msgs/yolov8_msgs
[1.043s] -- Up-to-date: /home/aladine/memoir/slam_yolo/yolobot/install/yolov8_msgs/include/yolov8_msgs/yolov8_msgs/msg
[1.044s] -- Up-to-date: /home/aladine/memoir/slam_yolo/yolobot/install/yolov8_msgs/include/yolov8_msgs/yolov8_msgs/msg/inference_result.h
[1.044s] -- Up-to-date: /home/aladine/memoir/slam_yolo/yolobot/install/yolov8_msgs/include/yolov8_msgs/yolov8_msgs/msg/detail
[1.044s] -- Up-to-date: /home/aladine/memoir/slam_yolo/yolobot/install/yolov8_msgs/include/yolov8_msgs/yolov8_msgs/msg/detail/inference_result__functions.c
[1.044s] -- Up-to-date: /home/aladine/memoir/slam_yolo/yolobot/install/yolov8_msgs/include/yolov8_msgs/yolov8_msgs/msg/detail/yolov8_inference__type_support.h
[1.044s] -- Up-to-date: /home/aladine/memoir/slam_yolo/yolobot/install/yolov8_msgs/include/yolov8_msgs/yolov8_msgs/msg/detail/inference_result__functions.h
[1.045s] -- Up-to-date: /home/aladine/memoir/slam_yolo/yolobot/install/yolov8_msgs/include/yolov8_msgs/yolov8_msgs/msg/detail/yolov8_inference__functions.h
[1.045s] -- Up-to-date: /home/aladine/memoir/slam_yolo/yolobot/install/yolov8_msgs/include/yolov8_msgs/yolov8_msgs/msg/detail/inference_result__type_support.h
[1.045s] -- Up-to-date: /home/aladine/memoir/slam_yolo/yolobot/install/yolov8_msgs/include/yolov8_msgs/yolov8_msgs/msg/detail/inference_result__struct.h
[1.046s] -- Up-to-date: /home/aladine/memoir/slam_yolo/yolobot/install/yolov8_msgs/include/yolov8_msgs/yolov8_msgs/msg/detail/yolov8_inference__struct.h
[1.047s] -- Up-to-date: /home/aladine/memoir/slam_yolo/yolobot/install/yolov8_msgs/include/yolov8_msgs/yolov8_msgs/msg/detail/yolov8_inference__functions.c
[1.047s] -- Up-to-date: /home/aladine/memoir/slam_yolo/yolobot/install/yolov8_msgs/include/yolov8_msgs/yolov8_msgs/msg/yolov8_inference.h
[1.049s] -- Up-to-date: /home/aladine/memoir/slam_yolo/yolobot/install/yolov8_msgs/include/yolov8_msgs/yolov8_msgs/msg/rosidl_generator_c__visibility_control.h
[1.049s] -- Up-to-date: /home/aladine/memoir/slam_yolo/yolobot/install/yolov8_msgs/share/yolov8_msgs/environment/library_path.sh
[1.049s] -- Up-to-date: /home/aladine/memoir/slam_yolo/yolobot/install/yolov8_msgs/share/yolov8_msgs/environment/library_path.dsv
[1.049s] -- Up-to-date: /home/aladine/memoir/slam_yolo/yolobot/install/yolov8_msgs/lib/libyolov8_msgs__rosidl_generator_c.so
[1.049s] -- Up-to-date: /home/aladine/memoir/slam_yolo/yolobot/install/yolov8_msgs/include/yolov8_msgs/yolov8_msgs
[1.049s] -- Up-to-date: /home/aladine/memoir/slam_yolo/yolobot/install/yolov8_msgs/include/yolov8_msgs/yolov8_msgs/msg
[1.050s] -- Up-to-date: /home/aladine/memoir/slam_yolo/yolobot/install/yolov8_msgs/include/yolov8_msgs/yolov8_msgs/msg/rosidl_typesupport_fastrtps_c__visibility_control.h
[1.050s] -- Up-to-date: /home/aladine/memoir/slam_yolo/yolobot/install/yolov8_msgs/include/yolov8_msgs/yolov8_msgs/msg/detail
[1.050s] -- Up-to-date: /home/aladine/memoir/slam_yolo/yolobot/install/yolov8_msgs/include/yolov8_msgs/yolov8_msgs/msg/detail/inference_result__rosidl_typesupport_fastrtps_c.h
[1.050s] -- Up-to-date: /home/aladine/memoir/slam_yolo/yolobot/install/yolov8_msgs/include/yolov8_msgs/yolov8_msgs/msg/detail/yolov8_inference__rosidl_typesupport_fastrtps_c.h
[1.050s] -- Up-to-date: /home/aladine/memoir/slam_yolo/yolobot/install/yolov8_msgs/lib/libyolov8_msgs__rosidl_typesupport_fastrtps_c.so
[1.050s] -- Up-to-date: /home/aladine/memoir/slam_yolo/yolobot/install/yolov8_msgs/include/yolov8_msgs/yolov8_msgs
[1.051s] -- Up-to-date: /home/aladine/memoir/slam_yolo/yolobot/install/yolov8_msgs/include/yolov8_msgs/yolov8_msgs/msg
[1.051s] -- Up-to-date: /home/aladine/memoir/slam_yolo/yolobot/install/yolov8_msgs/include/yolov8_msgs/yolov8_msgs/msg/rosidl_generator_cpp__visibility_control.hpp
[1.051s] -- Up-to-date: /home/aladine/memoir/slam_yolo/yolobot/install/yolov8_msgs/include/yolov8_msgs/yolov8_msgs/msg/yolov8_inference.hpp
[1.051s] -- Up-to-date: /home/aladine/memoir/slam_yolo/yolobot/install/yolov8_msgs/include/yolov8_msgs/yolov8_msgs/msg/detail
[1.051s] -- Up-to-date: /home/aladine/memoir/slam_yolo/yolobot/install/yolov8_msgs/include/yolov8_msgs/yolov8_msgs/msg/detail/inference_result__type_support.hpp
[1.051s] -- Up-to-date: /home/aladine/memoir/slam_yolo/yolobot/install/yolov8_msgs/include/yolov8_msgs/yolov8_msgs/msg/detail/yolov8_inference__type_support.hpp
[1.051s] -- Up-to-date: /home/aladine/memoir/slam_yolo/yolobot/install/yolov8_msgs/include/yolov8_msgs/yolov8_msgs/msg/detail/inference_result__traits.hpp
[1.052s] -- Up-to-date: /home/aladine/memoir/slam_yolo/yolobot/install/yolov8_msgs/include/yolov8_msgs/yolov8_msgs/msg/detail/yolov8_inference__builder.hpp
[1.052s] -- Up-to-date: /home/aladine/memoir/slam_yolo/yolobot/install/yolov8_msgs/include/yolov8_msgs/yolov8_msgs/msg/detail/inference_result__struct.hpp
[1.052s] -- Up-to-date: /home/aladine/memoir/slam_yolo/yolobot/install/yolov8_msgs/include/yolov8_msgs/yolov8_msgs/msg/detail/yolov8_inference__traits.hpp
[1.052s] -- Up-to-date: /home/aladine/memoir/slam_yolo/yolobot/install/yolov8_msgs/include/yolov8_msgs/yolov8_msgs/msg/detail/yolov8_inference__struct.hpp
[1.052s] -- Up-to-date: /home/aladine/memoir/slam_yolo/yolobot/install/yolov8_msgs/include/yolov8_msgs/yolov8_msgs/msg/detail/inference_result__builder.hpp
[1.052s] -- Up-to-date: /home/aladine/memoir/slam_yolo/yolobot/install/yolov8_msgs/include/yolov8_msgs/yolov8_msgs/msg/inference_result.hpp
[1.052s] -- Up-to-date: /home/aladine/memoir/slam_yolo/yolobot/install/yolov8_msgs/include/yolov8_msgs/yolov8_msgs
[1.052s] -- Up-to-date: /home/aladine/memoir/slam_yolo/yolobot/install/yolov8_msgs/include/yolov8_msgs/yolov8_msgs/msg
[1.053s] -- Up-to-date: /home/aladine/memoir/slam_yolo/yolobot/install/yolov8_msgs/include/yolov8_msgs/yolov8_msgs/msg/rosidl_typesupport_fastrtps_cpp__visibility_control.h
[1.053s] -- Up-to-date: /home/aladine/memoir/slam_yolo/yolobot/install/yolov8_msgs/include/yolov8_msgs/yolov8_msgs/msg/detail
[1.053s] -- Up-to-date: /home/aladine/memoir/slam_yolo/yolobot/install/yolov8_msgs/include/yolov8_msgs/yolov8_msgs/msg/detail/inference_result__rosidl_typesupport_fastrtps_cpp.hpp
[1.053s] -- Up-to-date: /home/aladine/memoir/slam_yolo/yolobot/install/yolov8_msgs/include/yolov8_msgs/yolov8_msgs/msg/detail/dds_fastrtps
[1.058s] -- Up-to-date: /home/aladine/memoir/slam_yolo/yolobot/install/yolov8_msgs/include/yolov8_msgs/yolov8_msgs/msg/detail/yolov8_inference__rosidl_typesupport_fastrtps_cpp.hpp
[1.058s] -- Up-to-date: /home/aladine/memoir/slam_yolo/yolobot/install/yolov8_msgs/lib/libyolov8_msgs__rosidl_typesupport_fastrtps_cpp.so
[1.058s] -- Up-to-date: /home/aladine/memoir/slam_yolo/yolobot/install/yolov8_msgs/include/yolov8_msgs/yolov8_msgs
[1.059s] -- Up-to-date: /home/aladine/memoir/slam_yolo/yolobot/install/yolov8_msgs/include/yolov8_msgs/yolov8_msgs/msg
[1.060s] -- Up-to-date: /home/aladine/memoir/slam_yolo/yolobot/install/yolov8_msgs/include/yolov8_msgs/yolov8_msgs/msg/rosidl_typesupport_introspection_c__visibility_control.h
[1.060s] -- Up-to-date: /home/aladine/memoir/slam_yolo/yolobot/install/yolov8_msgs/include/yolov8_msgs/yolov8_msgs/msg/detail
[1.060s] -- Up-to-date: /home/aladine/memoir/slam_yolo/yolobot/install/yolov8_msgs/include/yolov8_msgs/yolov8_msgs/msg/detail/yolov8_inference__type_support.c
[1.060s] -- Up-to-date: /home/aladine/memoir/slam_yolo/yolobot/install/yolov8_msgs/include/yolov8_msgs/yolov8_msgs/msg/detail/yolov8_inference__rosidl_typesupport_introspection_c.h
[1.060s] -- Up-to-date: /home/aladine/memoir/slam_yolo/yolobot/install/yolov8_msgs/include/yolov8_msgs/yolov8_msgs/msg/detail/inference_result__type_support.c
[1.060s] -- Up-to-date: /home/aladine/memoir/slam_yolo/yolobot/install/yolov8_msgs/include/yolov8_msgs/yolov8_msgs/msg/detail/inference_result__rosidl_typesupport_introspection_c.h
[1.061s] -- Up-to-date: /home/aladine/memoir/slam_yolo/yolobot/install/yolov8_msgs/lib/libyolov8_msgs__rosidl_typesupport_introspection_c.so
[1.061s] -- Up-to-date: /home/aladine/memoir/slam_yolo/yolobot/install/yolov8_msgs/lib/libyolov8_msgs__rosidl_typesupport_c.so
[1.061s] -- Up-to-date: /home/aladine/memoir/slam_yolo/yolobot/install/yolov8_msgs/include/yolov8_msgs/yolov8_msgs
[1.061s] -- Up-to-date: /home/aladine/memoir/slam_yolo/yolobot/install/yolov8_msgs/include/yolov8_msgs/yolov8_msgs/msg
[1.064s] -- Up-to-date: /home/aladine/memoir/slam_yolo/yolobot/install/yolov8_msgs/include/yolov8_msgs/yolov8_msgs/msg/detail
[1.064s] -- Up-to-date: /home/aladine/memoir/slam_yolo/yolobot/install/yolov8_msgs/include/yolov8_msgs/yolov8_msgs/msg/detail/yolov8_inference__type_support.cpp
[1.064s] -- Up-to-date: /home/aladine/memoir/slam_yolo/yolobot/install/yolov8_msgs/include/yolov8_msgs/yolov8_msgs/msg/detail/yolov8_inference__rosidl_typesupport_introspection_cpp.hpp
[1.065s] -- Up-to-date: /home/aladine/memoir/slam_yolo/yolobot/install/yolov8_msgs/include/yolov8_msgs/yolov8_msgs/msg/detail/inference_result__rosidl_typesupport_introspection_cpp.hpp
[1.065s] -- Up-to-date: /home/aladine/memoir/slam_yolo/yolobot/install/yolov8_msgs/include/yolov8_msgs/yolov8_msgs/msg/detail/inference_result__type_support.cpp
[1.065s] -- Up-to-date: /home/aladine/memoir/slam_yolo/yolobot/install/yolov8_msgs/lib/libyolov8_msgs__rosidl_typesupport_introspection_cpp.so
[1.065s] -- Up-to-date: /home/aladine/memoir/slam_yolo/yolobot/install/yolov8_msgs/lib/libyolov8_msgs__rosidl_typesupport_cpp.so
[1.065s] -- Up-to-date: /home/aladine/memoir/slam_yolo/yolobot/install/yolov8_msgs/share/yolov8_msgs/environment/pythonpath.sh
[1.065s] -- Up-to-date: /home/aladine/memoir/slam_yolo/yolobot/install/yolov8_msgs/share/yolov8_msgs/environment/pythonpath.dsv
[1.066s] -- Up-to-date: /home/aladine/memoir/slam_yolo/yolobot/install/yolov8_msgs/lib/python3.10/site-packages/yolov8_msgs-0.0.0-py3.10.egg-info
[1.066s] -- Installing: /home/aladine/memoir/slam_yolo/yolobot/install/yolov8_msgs/lib/python3.10/site-packages/yolov8_msgs-0.0.0-py3.10.egg-info/dependency_links.txt
[1.066s] -- Installing: /home/aladine/memoir/slam_yolo/yolobot/install/yolov8_msgs/lib/python3.10/site-packages/yolov8_msgs-0.0.0-py3.10.egg-info/SOURCES.txt
[1.066s] -- Installing: /home/aladine/memoir/slam_yolo/yolobot/install/yolov8_msgs/lib/python3.10/site-packages/yolov8_msgs-0.0.0-py3.10.egg-info/top_level.txt
[1.066s] -- Installing: /home/aladine/memoir/slam_yolo/yolobot/install/yolov8_msgs/lib/python3.10/site-packages/yolov8_msgs-0.0.0-py3.10.egg-info/PKG-INFO
[1.066s] -- Up-to-date: /home/aladine/memoir/slam_yolo/yolobot/install/yolov8_msgs/lib/python3.10/site-packages/yolov8_msgs
[1.066s] -- Up-to-date: /home/aladine/memoir/slam_yolo/yolobot/install/yolov8_msgs/lib/python3.10/site-packages/yolov8_msgs/_yolov8_msgs_s.ep.rosidl_typesupport_fastrtps_c.c
[1.067s] -- Up-to-date: /home/aladine/memoir/slam_yolo/yolobot/install/yolov8_msgs/lib/python3.10/site-packages/yolov8_msgs/yolov8_msgs_s__rosidl_typesupport_c.cpython-310-x86_64-linux-gnu.so
[1.067s] -- Up-to-date: /home/aladine/memoir/slam_yolo/yolobot/install/yolov8_msgs/lib/python3.10/site-packages/yolov8_msgs/_yolov8_msgs_s.ep.rosidl_typesupport_introspection_c.c
[1.067s] -- Up-to-date: /home/aladine/memoir/slam_yolo/yolobot/install/yolov8_msgs/lib/python3.10/site-packages/yolov8_msgs/yolov8_msgs_s__rosidl_typesupport_fastrtps_c.cpython-310-x86_64-linux-gnu.so
[1.067s] -- Up-to-date: /home/aladine/memoir/slam_yolo/yolobot/install/yolov8_msgs/lib/python3.10/site-packages/yolov8_msgs/_yolov8_msgs_s.ep.rosidl_typesupport_c.c
[1.070s] -- Up-to-date: /home/aladine/memoir/slam_yolo/yolobot/install/yolov8_msgs/lib/python3.10/site-packages/yolov8_msgs/yolov8_msgs_s__rosidl_typesupport_introspection_c.cpython-310-x86_64-linux-gnu.so
[1.071s] -- Up-to-date: /home/aladine/memoir/slam_yolo/yolobot/install/yolov8_msgs/lib/python3.10/site-packages/yolov8_msgs/__init__.py
[1.071s] -- Up-to-date: /home/aladine/memoir/slam_yolo/yolobot/install/yolov8_msgs/lib/python3.10/site-packages/yolov8_msgs/libyolov8_msgs__rosidl_generator_py.so
[1.072s] -- Up-to-date: /home/aladine/memoir/slam_yolo/yolobot/install/yolov8_msgs/lib/python3.10/site-packages/yolov8_msgs/msg
[1.072s] -- Up-to-date: /home/aladine/memoir/slam_yolo/yolobot/install/yolov8_msgs/lib/python3.10/site-packages/yolov8_msgs/msg/_inference_result_s.c
[1.072s] -- Up-to-date: /home/aladine/memoir/slam_yolo/yolobot/install/yolov8_msgs/lib/python3.10/site-packages/yolov8_msgs/msg/_yolov8_inference_s.c
[1.072s] -- Up-to-date: /home/aladine/memoir/slam_yolo/yolobot/install/yolov8_msgs/lib/python3.10/site-packages/yolov8_msgs/msg/_yolov8_inference.py
[1.073s] -- Up-to-date: /home/aladine/memoir/slam_yolo/yolobot/install/yolov8_msgs/lib/python3.10/site-packages/yolov8_msgs/msg/__init__.py
[1.074s] -- Up-to-date: /home/aladine/memoir/slam_yolo/yolobot/install/yolov8_msgs/lib/python3.10/site-packages/yolov8_msgs/msg/_inference_result.py
[1.122s] Listing '/home/aladine/memoir/slam_yolo/yolobot/install/yolov8_msgs/lib/python3.10/site-packages/yolov8_msgs'...
[1.123s] Listing '/home/aladine/memoir/slam_yolo/yolobot/install/yolov8_msgs/lib/python3.10/site-packages/yolov8_msgs/msg'...
[1.134s] -- Up-to-date: /home/aladine/memoir/slam_yolo/yolobot/install/yolov8_msgs/lib/python3.10/site-packages/yolov8_msgs/yolov8_msgs_s__rosidl_typesupport_fastrtps_c.cpython-310-x86_64-linux-gnu.so
[1.134s] -- Up-to-date: /home/aladine/memoir/slam_yolo/yolobot/install/yolov8_msgs/lib/python3.10/site-packages/yolov8_msgs/yolov8_msgs_s__rosidl_typesupport_introspection_c.cpython-310-x86_64-linux-gnu.so
[1.136s] -- Up-to-date: /home/aladine/memoir/slam_yolo/yolobot/install/yolov8_msgs/lib/python3.10/site-packages/yolov8_msgs/yolov8_msgs_s__rosidl_typesupport_c.cpython-310-x86_64-linux-gnu.so
[1.137s] -- Up-to-date: /home/aladine/memoir/slam_yolo/yolobot/install/yolov8_msgs/lib/libyolov8_msgs__rosidl_generator_py.so
[1.139s] -- Up-to-date: /home/aladine/memoir/slam_yolo/yolobot/install/yolov8_msgs/share/yolov8_msgs/msg/InferenceResult.idl
[1.139s] -- Up-to-date: /home/aladine/memoir/slam_yolo/yolobot/install/yolov8_msgs/share/yolov8_msgs/msg/Yolov8Inference.idl
[1.140s] -- Up-to-date: /home/aladine/memoir/slam_yolo/yolobot/install/yolov8_msgs/share/yolov8_msgs/msg/InferenceResult.msg
[1.140s] -- Up-to-date: /home/aladine/memoir/slam_yolo/yolobot/install/yolov8_msgs/share/yolov8_msgs/msg/Yolov8Inference.msg
[1.141s] -- Up-to-date: /home/aladine/memoir/slam_yolo/yolobot/install/yolov8_msgs/share/ament_index/resource_index/package_run_dependencies/yolov8_msgs
[1.142s] -- Up-to-date: /home/aladine/memoir/slam_yolo/yolobot/install/yolov8_msgs/share/ament_index/resource_index/parent_prefix_path/yolov8_msgs
[1.142s] -- Up-to-date: /home/aladine/memoir/slam_yolo/yolobot/install/yolov8_msgs/share/yolov8_msgs/environment/ament_prefix_path.sh
[1.142s] -- Up-to-date: /home/aladine/memoir/slam_yolo/yolobot/install/yolov8_msgs/share/yolov8_msgs/environment/ament_prefix_path.dsv
[1.142s] -- Up-to-date: /home/aladine/memoir/slam_yolo/yolobot/install/yolov8_msgs/share/yolov8_msgs/environment/path.sh
[1.142s] -- Up-to-date: /home/aladine/memoir/slam_yolo/yolobot/install/yolov8_msgs/share/yolov8_msgs/environment/path.dsv
[1.142s] -- Up-to-date: /home/aladine/memoir/slam_yolo/yolobot/install/yolov8_msgs/share/yolov8_msgs/local_setup.bash
[1.142s] -- Up-to-date: /home/aladine/memoir/slam_yolo/yolobot/install/yolov8_msgs/share/yolov8_msgs/local_setup.sh
[1.143s] -- Up-to-date: /home/aladine/memoir/slam_yolo/yolobot/install/yolov8_msgs/share/yolov8_msgs/local_setup.zsh
[1.144s] -- Up-to-date: /home/aladine/memoir/slam_yolo/yolobot/install/yolov8_msgs/share/yolov8_msgs/local_setup.dsv
[1.144s] -- Installing: /home/aladine/memoir/slam_yolo/yolobot/install/yolov8_msgs/share/yolov8_msgs/package.dsv
[1.144s] -- Up-to-date: /home/aladine/memoir/slam_yolo/yolobot/install/yolov8_msgs/share/ament_index/resource_index/packages/yolov8_msgs
[1.144s] -- Up-to-date: /home/aladine/memoir/slam_yolo/yolobot/install/yolov8_msgs/share/yolov8_msgs/cmake/export_yolov8_msgs__rosidl_generator_cExport.cmake
[1.145s] -- Up-to-date: /home/aladine/memoir/slam_yolo/yolobot/install/yolov8_msgs/share/yolov8_msgs/cmake/export_yolov8_msgs__rosidl_generator_cExport-noconfig.cmake
[1.145s] -- Up-to-date: /home/aladine/memoir/slam_yolo/yolobot/install/yolov8_msgs/share/yolov8_msgs/cmake/export_yolov8_msgs__rosidl_typesupport_fastrtps_cExport.cmake
[1.146s] -- Up-to-date: /home/aladine/memoir/slam_yolo/yolobot/install/yolov8_msgs/share/yolov8_msgs/cmake/export_yolov8_msgs__rosidl_typesupport_fastrtps_cExport-noconfig.cmake
[1.146s] -- Up-to-date: /home/aladine/memoir/slam_yolo/yolobot/install/yolov8_msgs/share/yolov8_msgs/cmake/export_yolov8_msgs__rosidl_generator_cppExport.cmake
[1.147s] -- Up-to-date: /home/aladine/memoir/slam_yolo/yolobot/install/yolov8_msgs/share/yolov8_msgs/cmake/export_yolov8_msgs__rosidl_typesupport_fastrtps_cppExport.cmake
[1.147s] -- Up-to-date: /home/aladine/memoir/slam_yolo/yolobot/install/yolov8_msgs/share/yolov8_msgs/cmake/export_yolov8_msgs__rosidl_typesupport_fastrtps_cppExport-noconfig.cmake
[1.149s] -- Up-to-date: /home/aladine/memoir/slam_yolo/yolobot/install/yolov8_msgs/share/yolov8_msgs/cmake/yolov8_msgs__rosidl_typesupport_introspection_cExport.cmake
[1.149s] -- Up-to-date: /home/aladine/memoir/slam_yolo/yolobot/install/yolov8_msgs/share/yolov8_msgs/cmake/yolov8_msgs__rosidl_typesupport_introspection_cExport-noconfig.cmake
[1.150s] -- Up-to-date: /home/aladine/memoir/slam_yolo/yolobot/install/yolov8_msgs/share/yolov8_msgs/cmake/yolov8_msgs__rosidl_typesupport_cExport.cmake
[1.150s] -- Up-to-date: /home/aladine/memoir/slam_yolo/yolobot/install/yolov8_msgs/share/yolov8_msgs/cmake/yolov8_msgs__rosidl_typesupport_cExport-noconfig.cmake
[1.150s] -- Up-to-date: /home/aladine/memoir/slam_yolo/yolobot/install/yolov8_msgs/share/yolov8_msgs/cmake/yolov8_msgs__rosidl_typesupport_introspection_cppExport.cmake
[1.150s] -- Up-to-date: /home/aladine/memoir/slam_yolo/yolobot/install/yolov8_msgs/share/yolov8_msgs/cmake/yolov8_msgs__rosidl_typesupport_introspection_cppExport-noconfig.cmake
[1.150s] -- Up-to-date: /home/aladine/memoir/slam_yolo/yolobot/install/yolov8_msgs/share/yolov8_msgs/cmake/yolov8_msgs__rosidl_typesupport_cppExport.cmake
[1.152s] -- Up-to-date: /home/aladine/memoir/slam_yolo/yolobot/install/yolov8_msgs/share/yolov8_msgs/cmake/yolov8_msgs__rosidl_typesupport_cppExport-noconfig.cmake
[1.152s] -- Up-to-date: /home/aladine/memoir/slam_yolo/yolobot/install/yolov8_msgs/share/yolov8_msgs/cmake/export_yolov8_msgs__rosidl_generator_pyExport.cmake
[1.152s] -- Up-to-date: /home/aladine/memoir/slam_yolo/yolobot/install/yolov8_msgs/share/yolov8_msgs/cmake/export_yolov8_msgs__rosidl_generator_pyExport-noconfig.cmake
[1.152s] -- Up-to-date: /home/aladine/memoir/slam_yolo/yolobot/install/yolov8_msgs/share/yolov8_msgs/cmake/rosidl_cmake-extras.cmake
[1.153s] -- Up-to-date: /home/aladine/memoir/slam_yolo/yolobot/install/yolov8_msgs/share/yolov8_msgs/cmake/ament_cmake_export_dependencies-extras.cmake
[1.153s] -- Up-to-date: /home/aladine/memoir/slam_yolo/yolobot/install/yolov8_msgs/share/yolov8_msgs/cmake/ament_cmake_export_include_directories-extras.cmake
[1.153s] -- Up-to-date: /home/aladine/memoir/slam_yolo/yolobot/install/yolov8_msgs/share/yolov8_msgs/cmake/ament_cmake_export_libraries-extras.cmake
[1.153s] -- Up-to-date: /home/aladine/memoir/slam_yolo/yolobot/install/yolov8_msgs/share/yolov8_msgs/cmake/ament_cmake_export_targets-extras.cmake
[1.154s] -- Up-to-date: /home/aladine/memoir/slam_yolo/yolobot/install/yolov8_msgs/share/yolov8_msgs/cmake/rosidl_cmake_export_typesupport_targets-extras.cmake
[1.154s] -- Up-to-date: /home/aladine/memoir/slam_yolo/yolobot/install/yolov8_msgs/share/yolov8_msgs/cmake/rosidl_cmake_export_typesupport_libraries-extras.cmake
[1.154s] -- Up-to-date: /home/aladine/memoir/slam_yolo/yolobot/install/yolov8_msgs/share/yolov8_msgs/cmake/yolov8_msgsConfig.cmake
[1.154s] -- Up-to-date: /home/aladine/memoir/slam_yolo/yolobot/install/yolov8_msgs/share/yolov8_msgs/cmake/yolov8_msgsConfig-version.cmake
[1.155s] -- Up-to-date: /home/aladine/memoir/slam_yolo/yolobot/install/yolov8_msgs/share/yolov8_msgs/package.xml
[1.159s] Invoked command in '/home/aladine/memoir/slam_yolo/yolobot/build/yolov8_msgs' returned '0': CMAKE_PREFIX_PATH=${CMAKE_PREFIX_PATH}:/opt/ros/humble VIRTUAL_ENV_PROMPT=(ros2_env) /usr/bin/cmake --install /home/aladine/memoir/slam_yolo/yolobot/build/yolov8_msgs
