[0.059s] Invoking command in '/home/aladine/memoir/slam_yolo/yolobot/build/yolobot_description': CMAKE_PREFIX_PATH=${CMAKE_PREFIX_PATH}:/opt/ros/humble VIRTUAL_ENV_PROMPT=(ros2_env) /usr/bin/cmake /home/aladine/memoir/slam_yolo/yolobot/src/yolobot_description -DCMAKE_INSTALL_PREFIX=/home/aladine/memoir/slam_yolo/yolobot/install/yolobot_description
[0.319s] -- The C compiler identification is GNU 11.4.0
[0.591s] -- The CXX compiler identification is GNU 11.4.0
[0.627s] -- Detecting C compiler ABI info
[0.881s] -- Detecting C compiler ABI info - done
[0.913s] -- Check for working C compiler: /usr/bin/cc - skipped
[0.915s] -- Detecting C compile features
[0.920s] -- Detecting C compile features - done
[0.929s] -- Detecting CXX compiler ABI info
[1.332s] -- Detecting CXX compiler ABI info - done
[1.363s] -- Check for working CXX compiler: /usr/bin/c++ - skipped
[1.370s] -- Detecting CXX compile features
[1.370s] -- Detecting CXX compile features - done
[1.381s] -- Found ament_cmake: 1.3.11 (/opt/ros/humble/share/ament_cmake/cmake)
[2.570s] -- Found Python3: /home/aladine/ros2_ws/ros2_env/bin/python3 (found version "3.10.12") found components: Interpreter 
[2.831s] -- Found urdf: 2.6.1 (/opt/ros/humble/share/urdf/cmake)
[3.012s] -- Found ament_lint_auto: 0.12.12 (/opt/ros/humble/share/ament_lint_auto/cmake)
[3.318s] -- Added test 'copyright' to check source files copyright and LICENSE
[3.324s] -- Added test 'flake8' to check Python code syntax and style conventions
[3.325s] -- Added test 'lint_cmake' to check CMake code style
[3.325s] -- Added test 'pep257' to check Python code against some of the docstring style conventions in PEP 257
[3.333s] -- Added test 'xmllint' to check XML markup files
[3.334s] -- Configuring done
[3.337s] -- Generating done
[3.344s] -- Build files have been written to: /home/aladine/memoir/slam_yolo/yolobot/build/yolobot_description
[3.434s] Invoked command in '/home/aladine/memoir/slam_yolo/yolobot/build/yolobot_description' returned '0': CMAKE_PREFIX_PATH=${CMAKE_PREFIX_PATH}:/opt/ros/humble VIRTUAL_ENV_PROMPT=(ros2_env) /usr/bin/cmake /home/aladine/memoir/slam_yolo/yolobot/src/yolobot_description -DCMAKE_INSTALL_PREFIX=/home/aladine/memoir/slam_yolo/yolobot/install/yolobot_description
[3.441s] Invoking command in '/home/aladine/memoir/slam_yolo/yolobot/build/yolobot_description': CMAKE_PREFIX_PATH=${CMAKE_PREFIX_PATH}:/opt/ros/humble VIRTUAL_ENV_PROMPT=(ros2_env) /usr/bin/cmake --build /home/aladine/memoir/slam_yolo/yolobot/build/yolobot_description -- -j4 -l4
[3.660s] Invoked command in '/home/aladine/memoir/slam_yolo/yolobot/build/yolobot_description' returned '0': CMAKE_PREFIX_PATH=${CMAKE_PREFIX_PATH}:/opt/ros/humble VIRTUAL_ENV_PROMPT=(ros2_env) /usr/bin/cmake --build /home/aladine/memoir/slam_yolo/yolobot/build/yolobot_description -- -j4 -l4
[3.666s] Invoking command in '/home/aladine/memoir/slam_yolo/yolobot/build/yolobot_description': CMAKE_PREFIX_PATH=${CMAKE_PREFIX_PATH}:/opt/ros/humble VIRTUAL_ENV_PROMPT=(ros2_env) /usr/bin/cmake --install /home/aladine/memoir/slam_yolo/yolobot/build/yolobot_description
[3.715s] -- Install configuration: ""
[3.715s] -- Installing: /home/aladine/memoir/slam_yolo/yolobot/install/yolobot_description/share/yolobot_description//launch
[3.715s] -- Installing: /home/aladine/memoir/slam_yolo/yolobot/install/yolobot_description/share/yolobot_description//launch/spawn_yolobot.py
[3.715s] -- Installing: /home/aladine/memoir/slam_yolo/yolobot/install/yolobot_description/share/yolobot_description//launch/spawn_yolobot_launch.launch.py
[3.716s] -- Installing: /home/aladine/memoir/slam_yolo/yolobot/install/yolobot_description/share/yolobot_description//robot
[3.716s] -- Installing: /home/aladine/memoir/slam_yolo/yolobot/install/yolobot_description/share/yolobot_description//robot/yolobot.urdf
[3.716s] -- Installing: /home/aladine/memoir/slam_yolo/yolobot/install/yolobot_description/lib/yolobot_description/spawn_yolobot.py
[3.719s] -- Installing: /home/aladine/memoir/slam_yolo/yolobot/install/yolobot_description/share/ament_index/resource_index/package_run_dependencies/yolobot_description
[3.721s] -- Installing: /home/aladine/memoir/slam_yolo/yolobot/install/yolobot_description/share/ament_index/resource_index/parent_prefix_path/yolobot_description
[3.722s] -- Installing: /home/aladine/memoir/slam_yolo/yolobot/install/yolobot_description/share/yolobot_description/environment/ament_prefix_path.sh
[3.722s] -- Installing: /home/aladine/memoir/slam_yolo/yolobot/install/yolobot_description/share/yolobot_description/environment/ament_prefix_path.dsv
[3.723s] -- Installing: /home/aladine/memoir/slam_yolo/yolobot/install/yolobot_description/share/yolobot_description/environment/path.sh
[3.723s] -- Installing: /home/aladine/memoir/slam_yolo/yolobot/install/yolobot_description/share/yolobot_description/environment/path.dsv
[3.724s] -- Installing: /home/aladine/memoir/slam_yolo/yolobot/install/yolobot_description/share/yolobot_description/local_setup.bash
[3.724s] -- Installing: /home/aladine/memoir/slam_yolo/yolobot/install/yolobot_description/share/yolobot_description/local_setup.sh
[3.725s] -- Installing: /home/aladine/memoir/slam_yolo/yolobot/install/yolobot_description/share/yolobot_description/local_setup.zsh
[3.725s] -- Installing: /home/aladine/memoir/slam_yolo/yolobot/install/yolobot_description/share/yolobot_description/local_setup.dsv
[3.725s] -- Installing: /home/aladine/memoir/slam_yolo/yolobot/install/yolobot_description/share/yolobot_description/package.dsv
[3.725s] -- Installing: /home/aladine/memoir/slam_yolo/yolobot/install/yolobot_description/share/ament_index/resource_index/packages/yolobot_description
[3.725s] -- Installing: /home/aladine/memoir/slam_yolo/yolobot/install/yolobot_description/share/yolobot_description/cmake/yolobot_descriptionConfig.cmake
[3.726s] -- Installing: /home/aladine/memoir/slam_yolo/yolobot/install/yolobot_description/share/yolobot_description/cmake/yolobot_descriptionConfig-version.cmake
[3.726s] -- Installing: /home/aladine/memoir/slam_yolo/yolobot/install/yolobot_description/share/yolobot_description/package.xml
[3.799s] Invoked command in '/home/aladine/memoir/slam_yolo/yolobot/build/yolobot_description' returned '0': CMAKE_PREFIX_PATH=${CMAKE_PREFIX_PATH}:/opt/ros/humble VIRTUAL_ENV_PROMPT=(ros2_env) /usr/bin/cmake --install /home/aladine/memoir/slam_yolo/yolobot/build/yolobot_description
