[0.072s] Invoking command in '/home/aladine/memoir/slam_yolo/yolobot/build/yolobot_recognition': CMAKE_PREFIX_PATH=${CMAKE_PREFIX_PATH}:/opt/ros/humble VIRTUAL_ENV_PROMPT=(ros2_env) /usr/bin/cmake /home/aladine/memoir/slam_yolo/yolobot/src/yolobot_recognition -DCMAKE_INSTALL_PREFIX=/home/aladine/memoir/slam_yolo/yolobot/install/yolobot_recognition
[0.252s] -- The C compiler identification is GNU 11.4.0
[0.462s] -- The CXX compiler identification is GNU 11.4.0
[0.507s] -- Detecting C compiler ABI info
[0.762s] -- Detecting C compiler ABI info - done
[0.788s] -- Check for working C compiler: /usr/bin/cc - skipped
[0.791s] -- Detecting C compile features
[0.792s] -- Detecting C compile features - done
[0.809s] -- Detecting CXX compiler ABI info
[1.058s] -- Detecting CXX compiler ABI info - done
[1.098s] -- Check for working CXX compiler: /usr/bin/c++ - skipped
[1.099s] -- Detecting CXX compile features
[1.104s] -- Detecting CXX compile features - done
[1.119s] -- Found ament_cmake: 1.3.11 (/opt/ros/humble/share/ament_cmake/cmake)
[2.236s] -- Found Python3: /home/aladine/ros2_ws/ros2_env/bin/python3 (found version "3.10.12") found components: Interpreter 
[2.469s] -- Found ament_lint_auto: 0.12.12 (/opt/ros/humble/share/ament_lint_auto/cmake)
[2.840s] -- Added test 'copyright' to check source files copyright and LICENSE
[2.847s] -- Added test 'flake8' to check Python code syntax and style conventions
[2.848s] -- Added test 'lint_cmake' to check CMake code style
[2.855s] -- Added test 'pep257' to check Python code against some of the docstring style conventions in PEP 257
[2.865s] -- Added test 'xmllint' to check XML markup files
[2.873s] -- Configuring done
[2.900s] -- Generating done
[2.915s] -- Build files have been written to: /home/aladine/memoir/slam_yolo/yolobot/build/yolobot_recognition
[2.940s] Invoked command in '/home/aladine/memoir/slam_yolo/yolobot/build/yolobot_recognition' returned '0': CMAKE_PREFIX_PATH=${CMAKE_PREFIX_PATH}:/opt/ros/humble VIRTUAL_ENV_PROMPT=(ros2_env) /usr/bin/cmake /home/aladine/memoir/slam_yolo/yolobot/src/yolobot_recognition -DCMAKE_INSTALL_PREFIX=/home/aladine/memoir/slam_yolo/yolobot/install/yolobot_recognition
[2.948s] Invoking command in '/home/aladine/memoir/slam_yolo/yolobot/build/yolobot_recognition': CMAKE_PREFIX_PATH=${CMAKE_PREFIX_PATH}:/opt/ros/humble VIRTUAL_ENV_PROMPT=(ros2_env) /usr/bin/cmake --build /home/aladine/memoir/slam_yolo/yolobot/build/yolobot_recognition -- -j4 -l4
[3.101s] Invoked command in '/home/aladine/memoir/slam_yolo/yolobot/build/yolobot_recognition' returned '0': CMAKE_PREFIX_PATH=${CMAKE_PREFIX_PATH}:/opt/ros/humble VIRTUAL_ENV_PROMPT=(ros2_env) /usr/bin/cmake --build /home/aladine/memoir/slam_yolo/yolobot/build/yolobot_recognition -- -j4 -l4
[3.146s] Invoking command in '/home/aladine/memoir/slam_yolo/yolobot/build/yolobot_recognition': CMAKE_PREFIX_PATH=${CMAKE_PREFIX_PATH}:/opt/ros/humble VIRTUAL_ENV_PROMPT=(ros2_env) /usr/bin/cmake --install /home/aladine/memoir/slam_yolo/yolobot/build/yolobot_recognition
[3.224s] -- Install configuration: ""
[3.224s] -- Installing: /home/aladine/memoir/slam_yolo/yolobot/install/yolobot_recognition/share/yolobot_recognition//scripts
[3.225s] -- Installing: /home/aladine/memoir/slam_yolo/yolobot/install/yolobot_recognition/share/yolobot_recognition//scripts/.dockerignore
[3.225s] -- Installing: /home/aladine/memoir/slam_yolo/yolobot/install/yolobot_recognition/share/yolobot_recognition//scripts/yolov8_ros2_subscriber.py
[3.225s] -- Installing: /home/aladine/memoir/slam_yolo/yolobot/install/yolobot_recognition/share/yolobot_recognition//scripts/.gitattributes
[3.225s] -- Installing: /home/aladine/memoir/slam_yolo/yolobot/install/yolobot_recognition/share/yolobot_recognition//scripts/yolov8n.pt
[3.272s] -- Installing: /home/aladine/memoir/slam_yolo/yolobot/install/yolobot_recognition/share/yolobot_recognition//scripts/yolov8_ros2_pt.py
[3.275s] -- Installing: /home/aladine/memoir/slam_yolo/yolobot/install/yolobot_recognition/share/yolobot_recognition//scripts/.gitignore
[3.275s] -- Installing: /home/aladine/memoir/slam_yolo/yolobot/install/yolobot_recognition/share/yolobot_recognition//launch
[3.276s] -- Installing: /home/aladine/memoir/slam_yolo/yolobot/install/yolobot_recognition/share/yolobot_recognition//launch/launch_yolov8.launch.py
[3.276s] -- Installing: /home/aladine/memoir/slam_yolo/yolobot/install/yolobot_recognition/lib/yolobot_recognition/yolov8_ros2_pt.py
[3.276s] -- Installing: /home/aladine/memoir/slam_yolo/yolobot/install/yolobot_recognition/lib/yolobot_recognition/yolov8_ros2_subscriber.py
[3.277s] -- Installing: /home/aladine/memoir/slam_yolo/yolobot/install/yolobot_recognition/lib/yolobot_recognition/launch_yolov8.launch.py
[3.277s] -- Installing: /home/aladine/memoir/slam_yolo/yolobot/install/yolobot_recognition/share/ament_index/resource_index/package_run_dependencies/yolobot_recognition
[3.280s] -- Installing: /home/aladine/memoir/slam_yolo/yolobot/install/yolobot_recognition/share/ament_index/resource_index/parent_prefix_path/yolobot_recognition
[3.281s] -- Installing: /home/aladine/memoir/slam_yolo/yolobot/install/yolobot_recognition/share/yolobot_recognition/environment/ament_prefix_path.sh
[3.281s] -- Installing: /home/aladine/memoir/slam_yolo/yolobot/install/yolobot_recognition/share/yolobot_recognition/environment/ament_prefix_path.dsv
[3.281s] -- Installing: /home/aladine/memoir/slam_yolo/yolobot/install/yolobot_recognition/share/yolobot_recognition/environment/path.sh
[3.282s] -- Installing: /home/aladine/memoir/slam_yolo/yolobot/install/yolobot_recognition/share/yolobot_recognition/environment/path.dsv
[3.282s] -- Installing: /home/aladine/memoir/slam_yolo/yolobot/install/yolobot_recognition/share/yolobot_recognition/local_setup.bash
[3.282s] -- Installing: /home/aladine/memoir/slam_yolo/yolobot/install/yolobot_recognition/share/yolobot_recognition/local_setup.sh
[3.282s] -- Installing: /home/aladine/memoir/slam_yolo/yolobot/install/yolobot_recognition/share/yolobot_recognition/local_setup.zsh
[3.283s] -- Installing: /home/aladine/memoir/slam_yolo/yolobot/install/yolobot_recognition/share/yolobot_recognition/local_setup.dsv
[3.283s] -- Installing: /home/aladine/memoir/slam_yolo/yolobot/install/yolobot_recognition/share/yolobot_recognition/package.dsv
[3.289s] -- Installing: /home/aladine/memoir/slam_yolo/yolobot/install/yolobot_recognition/share/ament_index/resource_index/packages/yolobot_recognition
[3.290s] -- Installing: /home/aladine/memoir/slam_yolo/yolobot/install/yolobot_recognition/share/yolobot_recognition/cmake/yolobot_recognitionConfig.cmake
[3.290s] -- Installing: /home/aladine/memoir/slam_yolo/yolobot/install/yolobot_recognition/share/yolobot_recognition/cmake/yolobot_recognitionConfig-version.cmake
[3.290s] -- Installing: /home/aladine/memoir/slam_yolo/yolobot/install/yolobot_recognition/share/yolobot_recognition/package.xml
[3.306s] Invoked command in '/home/aladine/memoir/slam_yolo/yolobot/build/yolobot_recognition' returned '0': CMAKE_PREFIX_PATH=${CMAKE_PREFIX_PATH}:/opt/ros/humble VIRTUAL_ENV_PROMPT=(ros2_env) /usr/bin/cmake --install /home/aladine/memoir/slam_yolo/yolobot/build/yolobot_recognition
