[0.311s] DEBUG:colcon:Command line arguments: ['/home/aladine/ros2_ws/ros2_env/bin/colcon', 'build', '--packages-select', 'yolobot_slam']
[0.311s] DEBUG:colcon:Parsed command line arguments: Namespace(log_base=None, log_level=None, verb_name='build', build_base='build', install_base='install', merge_install=False, symlink_install=False, test_result_base=None, continue_on_error=False, executor='parallel', parallel_workers=4, event_handlers=None, ignore_user_meta=False, metas=['./colcon.meta'], base_paths=['.'], packages_ignore=None, packages_ignore_regex=None, paths=None, packages_up_to=None, packages_up_to_regex=None, packages_above=None, packages_above_and_dependencies=None, packages_above_depth=None, packages_select_by_dep=None, packages_skip_by_dep=None, packages_skip_up_to=None, packages_select_build_failed=False, packages_skip_build_finished=False, packages_select_test_failures=False, packages_skip_test_passed=False, packages_select=['yolobot_slam'], packages_skip=None, packages_select_regex=None, packages_skip_regex=None, packages_start=None, packages_end=None, cmake_args=None, cmake_target=None, cmake_target_skip_unavailable=False, cmake_clean_cache=False, cmake_clean_first=False, cmake_force_configure=False, ament_cmake_args=None, catkin_cmake_args=None, catkin_skip_building_tests=False, verb_parser=<colcon_defaults.argument_parser.defaults.DefaultArgumentsDecorator object at 0x7b57df3541f0>, verb_extension=<colcon_core.verb.build.BuildVerb object at 0x7b57df31bbb0>, main=<bound method BuildVerb.main of <colcon_core.verb.build.BuildVerb object at 0x7b57df31bbb0>>)
[0.414s] Level 1:colcon.colcon_core.package_discovery:discover_packages(colcon_meta) check parameters
[0.414s] Level 1:colcon.colcon_core.package_discovery:discover_packages(recursive) check parameters
[0.414s] Level 1:colcon.colcon_core.package_discovery:discover_packages(ignore) check parameters
[0.414s] Level 1:colcon.colcon_core.package_discovery:discover_packages(path) check parameters
[0.414s] Level 1:colcon.colcon_core.package_discovery:discover_packages(colcon_meta) discover
[0.414s] Level 1:colcon.colcon_core.package_discovery:discover_packages(recursive) discover
[0.414s] INFO:colcon.colcon_core.package_discovery:Crawling recursively for packages in '/home/aladine/memoir/slam_yolo/yolobot'
[0.414s] Level 1:colcon.colcon_core.package_identification:_identify(.) by extensions ['ignore', 'ignore_ament_install']
[0.414s] Level 1:colcon.colcon_core.package_identification:_identify(.) by extension 'ignore'
[0.414s] Level 1:colcon.colcon_core.package_identification:_identify(.) by extension 'ignore_ament_install'
[0.414s] Level 1:colcon.colcon_core.package_identification:_identify(.) by extensions ['colcon_pkg']
[0.414s] Level 1:colcon.colcon_core.package_identification:_identify(.) by extension 'colcon_pkg'
[0.414s] Level 1:colcon.colcon_core.package_identification:_identify(.) by extensions ['colcon_meta']
[0.414s] Level 1:colcon.colcon_core.package_identification:_identify(.) by extension 'colcon_meta'
[0.415s] Level 1:colcon.colcon_core.package_identification:_identify(.) by extensions ['ros']
[0.415s] Level 1:colcon.colcon_core.package_identification:_identify(.) by extension 'ros'
[0.463s] Level 1:colcon.colcon_core.package_identification:_identify(.) by extensions ['cmake', 'python']
[0.463s] Level 1:colcon.colcon_core.package_identification:_identify(.) by extension 'cmake'
[0.463s] Level 1:colcon.colcon_core.package_identification:_identify(.) by extension 'python'
[0.463s] Level 1:colcon.colcon_core.package_identification:_identify(.) by extensions ['python_setup_py']
[0.463s] Level 1:colcon.colcon_core.package_identification:_identify(.) by extension 'python_setup_py'
[0.463s] Level 1:colcon.colcon_core.package_identification:_identify(build) by extensions ['ignore', 'ignore_ament_install']
[0.463s] Level 1:colcon.colcon_core.package_identification:_identify(build) by extension 'ignore'
[0.463s] Level 1:colcon.colcon_core.package_identification:_identify(build) ignored
[0.463s] Level 1:colcon.colcon_core.package_identification:_identify(install) by extensions ['ignore', 'ignore_ament_install']
[0.463s] Level 1:colcon.colcon_core.package_identification:_identify(install) by extension 'ignore'
[0.464s] Level 1:colcon.colcon_core.package_identification:_identify(install) ignored
[0.464s] Level 1:colcon.colcon_core.package_identification:_identify(log) by extensions ['ignore', 'ignore_ament_install']
[0.464s] Level 1:colcon.colcon_core.package_identification:_identify(log) by extension 'ignore'
[0.464s] Level 1:colcon.colcon_core.package_identification:_identify(log) ignored
[0.464s] Level 1:colcon.colcon_core.package_identification:_identify(models) by extensions ['ignore', 'ignore_ament_install']
[0.464s] Level 1:colcon.colcon_core.package_identification:_identify(models) by extension 'ignore'
[0.464s] Level 1:colcon.colcon_core.package_identification:_identify(models) by extension 'ignore_ament_install'
[0.465s] Level 1:colcon.colcon_core.package_identification:_identify(models) by extensions ['colcon_pkg']
[0.465s] Level 1:colcon.colcon_core.package_identification:_identify(models) by extension 'colcon_pkg'
[0.465s] Level 1:colcon.colcon_core.package_identification:_identify(models) by extensions ['colcon_meta']
[0.465s] Level 1:colcon.colcon_core.package_identification:_identify(models) by extension 'colcon_meta'
[0.465s] Level 1:colcon.colcon_core.package_identification:_identify(models) by extensions ['ros']
[0.465s] Level 1:colcon.colcon_core.package_identification:_identify(models) by extension 'ros'
[0.465s] Level 1:colcon.colcon_core.package_identification:_identify(models) by extensions ['cmake', 'python']
[0.465s] Level 1:colcon.colcon_core.package_identification:_identify(models) by extension 'cmake'
[0.466s] Level 1:colcon.colcon_core.package_identification:_identify(models) by extension 'python'
[0.466s] Level 1:colcon.colcon_core.package_identification:_identify(models) by extensions ['python_setup_py']
[0.466s] Level 1:colcon.colcon_core.package_identification:_identify(models) by extension 'python_setup_py'
[0.466s] Level 1:colcon.colcon_core.package_identification:_identify(models/bus) by extensions ['ignore', 'ignore_ament_install']
[0.466s] Level 1:colcon.colcon_core.package_identification:_identify(models/bus) by extension 'ignore'
[0.467s] Level 1:colcon.colcon_core.package_identification:_identify(models/bus) by extension 'ignore_ament_install'
[0.467s] Level 1:colcon.colcon_core.package_identification:_identify(models/bus) by extensions ['colcon_pkg']
[0.467s] Level 1:colcon.colcon_core.package_identification:_identify(models/bus) by extension 'colcon_pkg'
[0.467s] Level 1:colcon.colcon_core.package_identification:_identify(models/bus) by extensions ['colcon_meta']
[0.467s] Level 1:colcon.colcon_core.package_identification:_identify(models/bus) by extension 'colcon_meta'
[0.467s] Level 1:colcon.colcon_core.package_identification:_identify(models/bus) by extensions ['ros']
[0.467s] Level 1:colcon.colcon_core.package_identification:_identify(models/bus) by extension 'ros'
[0.467s] Level 1:colcon.colcon_core.package_identification:_identify(models/bus) by extensions ['cmake', 'python']
[0.468s] Level 1:colcon.colcon_core.package_identification:_identify(models/bus) by extension 'cmake'
[0.468s] Level 1:colcon.colcon_core.package_identification:_identify(models/bus) by extension 'python'
[0.468s] Level 1:colcon.colcon_core.package_identification:_identify(models/bus) by extensions ['python_setup_py']
[0.468s] Level 1:colcon.colcon_core.package_identification:_identify(models/bus) by extension 'python_setup_py'
[0.468s] Level 1:colcon.colcon_core.package_identification:_identify(models/bus/materials) by extensions ['ignore', 'ignore_ament_install']
[0.468s] Level 1:colcon.colcon_core.package_identification:_identify(models/bus/materials) by extension 'ignore'
[0.468s] Level 1:colcon.colcon_core.package_identification:_identify(models/bus/materials) by extension 'ignore_ament_install'
[0.469s] Level 1:colcon.colcon_core.package_identification:_identify(models/bus/materials) by extensions ['colcon_pkg']
[0.469s] Level 1:colcon.colcon_core.package_identification:_identify(models/bus/materials) by extension 'colcon_pkg'
[0.469s] Level 1:colcon.colcon_core.package_identification:_identify(models/bus/materials) by extensions ['colcon_meta']
[0.469s] Level 1:colcon.colcon_core.package_identification:_identify(models/bus/materials) by extension 'colcon_meta'
[0.469s] Level 1:colcon.colcon_core.package_identification:_identify(models/bus/materials) by extensions ['ros']
[0.469s] Level 1:colcon.colcon_core.package_identification:_identify(models/bus/materials) by extension 'ros'
[0.470s] Level 1:colcon.colcon_core.package_identification:_identify(models/bus/materials) by extensions ['cmake', 'python']
[0.470s] Level 1:colcon.colcon_core.package_identification:_identify(models/bus/materials) by extension 'cmake'
[0.470s] Level 1:colcon.colcon_core.package_identification:_identify(models/bus/materials) by extension 'python'
[0.470s] Level 1:colcon.colcon_core.package_identification:_identify(models/bus/materials) by extensions ['python_setup_py']
[0.470s] Level 1:colcon.colcon_core.package_identification:_identify(models/bus/materials) by extension 'python_setup_py'
[0.470s] Level 1:colcon.colcon_core.package_identification:_identify(models/bus/materials/textures) by extensions ['ignore', 'ignore_ament_install']
[0.470s] Level 1:colcon.colcon_core.package_identification:_identify(models/bus/materials/textures) by extension 'ignore'
[0.471s] Level 1:colcon.colcon_core.package_identification:_identify(models/bus/materials/textures) by extension 'ignore_ament_install'
[0.471s] Level 1:colcon.colcon_core.package_identification:_identify(models/bus/materials/textures) by extensions ['colcon_pkg']
[0.471s] Level 1:colcon.colcon_core.package_identification:_identify(models/bus/materials/textures) by extension 'colcon_pkg'
[0.471s] Level 1:colcon.colcon_core.package_identification:_identify(models/bus/materials/textures) by extensions ['colcon_meta']
[0.471s] Level 1:colcon.colcon_core.package_identification:_identify(models/bus/materials/textures) by extension 'colcon_meta'
[0.471s] Level 1:colcon.colcon_core.package_identification:_identify(models/bus/materials/textures) by extensions ['ros']
[0.471s] Level 1:colcon.colcon_core.package_identification:_identify(models/bus/materials/textures) by extension 'ros'
[0.471s] Level 1:colcon.colcon_core.package_identification:_identify(models/bus/materials/textures) by extensions ['cmake', 'python']
[0.471s] Level 1:colcon.colcon_core.package_identification:_identify(models/bus/materials/textures) by extension 'cmake'
[0.472s] Level 1:colcon.colcon_core.package_identification:_identify(models/bus/materials/textures) by extension 'python'
[0.472s] Level 1:colcon.colcon_core.package_identification:_identify(models/bus/materials/textures) by extensions ['python_setup_py']
[0.472s] Level 1:colcon.colcon_core.package_identification:_identify(models/bus/materials/textures) by extension 'python_setup_py'
[0.472s] Level 1:colcon.colcon_core.package_identification:_identify(models/bus/meshes) by extensions ['ignore', 'ignore_ament_install']
[0.472s] Level 1:colcon.colcon_core.package_identification:_identify(models/bus/meshes) by extension 'ignore'
[0.472s] Level 1:colcon.colcon_core.package_identification:_identify(models/bus/meshes) by extension 'ignore_ament_install'
[0.472s] Level 1:colcon.colcon_core.package_identification:_identify(models/bus/meshes) by extensions ['colcon_pkg']
[0.472s] Level 1:colcon.colcon_core.package_identification:_identify(models/bus/meshes) by extension 'colcon_pkg'
[0.473s] Level 1:colcon.colcon_core.package_identification:_identify(models/bus/meshes) by extensions ['colcon_meta']
[0.473s] Level 1:colcon.colcon_core.package_identification:_identify(models/bus/meshes) by extension 'colcon_meta'
[0.473s] Level 1:colcon.colcon_core.package_identification:_identify(models/bus/meshes) by extensions ['ros']
[0.473s] Level 1:colcon.colcon_core.package_identification:_identify(models/bus/meshes) by extension 'ros'
[0.473s] Level 1:colcon.colcon_core.package_identification:_identify(models/bus/meshes) by extensions ['cmake', 'python']
[0.473s] Level 1:colcon.colcon_core.package_identification:_identify(models/bus/meshes) by extension 'cmake'
[0.473s] Level 1:colcon.colcon_core.package_identification:_identify(models/bus/meshes) by extension 'python'
[0.473s] Level 1:colcon.colcon_core.package_identification:_identify(models/bus/meshes) by extensions ['python_setup_py']
[0.473s] Level 1:colcon.colcon_core.package_identification:_identify(models/bus/meshes) by extension 'python_setup_py'
[0.474s] Level 1:colcon.colcon_core.package_identification:_identify(models/person_standing) by extensions ['ignore', 'ignore_ament_install']
[0.474s] Level 1:colcon.colcon_core.package_identification:_identify(models/person_standing) by extension 'ignore'
[0.474s] Level 1:colcon.colcon_core.package_identification:_identify(models/person_standing) by extension 'ignore_ament_install'
[0.474s] Level 1:colcon.colcon_core.package_identification:_identify(models/person_standing) by extensions ['colcon_pkg']
[0.474s] Level 1:colcon.colcon_core.package_identification:_identify(models/person_standing) by extension 'colcon_pkg'
[0.474s] Level 1:colcon.colcon_core.package_identification:_identify(models/person_standing) by extensions ['colcon_meta']
[0.474s] Level 1:colcon.colcon_core.package_identification:_identify(models/person_standing) by extension 'colcon_meta'
[0.474s] Level 1:colcon.colcon_core.package_identification:_identify(models/person_standing) by extensions ['ros']
[0.474s] Level 1:colcon.colcon_core.package_identification:_identify(models/person_standing) by extension 'ros'
[0.474s] Level 1:colcon.colcon_core.package_identification:_identify(models/person_standing) by extensions ['cmake', 'python']
[0.474s] Level 1:colcon.colcon_core.package_identification:_identify(models/person_standing) by extension 'cmake'
[0.474s] Level 1:colcon.colcon_core.package_identification:_identify(models/person_standing) by extension 'python'
[0.474s] Level 1:colcon.colcon_core.package_identification:_identify(models/person_standing) by extensions ['python_setup_py']
[0.474s] Level 1:colcon.colcon_core.package_identification:_identify(models/person_standing) by extension 'python_setup_py'
[0.475s] Level 1:colcon.colcon_core.package_identification:_identify(models/person_standing/materials) by extensions ['ignore', 'ignore_ament_install']
[0.475s] Level 1:colcon.colcon_core.package_identification:_identify(models/person_standing/materials) by extension 'ignore'
[0.475s] Level 1:colcon.colcon_core.package_identification:_identify(models/person_standing/materials) by extension 'ignore_ament_install'
[0.475s] Level 1:colcon.colcon_core.package_identification:_identify(models/person_standing/materials) by extensions ['colcon_pkg']
[0.475s] Level 1:colcon.colcon_core.package_identification:_identify(models/person_standing/materials) by extension 'colcon_pkg'
[0.475s] Level 1:colcon.colcon_core.package_identification:_identify(models/person_standing/materials) by extensions ['colcon_meta']
[0.475s] Level 1:colcon.colcon_core.package_identification:_identify(models/person_standing/materials) by extension 'colcon_meta'
[0.475s] Level 1:colcon.colcon_core.package_identification:_identify(models/person_standing/materials) by extensions ['ros']
[0.475s] Level 1:colcon.colcon_core.package_identification:_identify(models/person_standing/materials) by extension 'ros'
[0.475s] Level 1:colcon.colcon_core.package_identification:_identify(models/person_standing/materials) by extensions ['cmake', 'python']
[0.475s] Level 1:colcon.colcon_core.package_identification:_identify(models/person_standing/materials) by extension 'cmake'
[0.475s] Level 1:colcon.colcon_core.package_identification:_identify(models/person_standing/materials) by extension 'python'
[0.475s] Level 1:colcon.colcon_core.package_identification:_identify(models/person_standing/materials) by extensions ['python_setup_py']
[0.475s] Level 1:colcon.colcon_core.package_identification:_identify(models/person_standing/materials) by extension 'python_setup_py'
[0.475s] Level 1:colcon.colcon_core.package_identification:_identify(models/person_standing/materials/textures) by extensions ['ignore', 'ignore_ament_install']
[0.476s] Level 1:colcon.colcon_core.package_identification:_identify(models/person_standing/materials/textures) by extension 'ignore'
[0.476s] Level 1:colcon.colcon_core.package_identification:_identify(models/person_standing/materials/textures) by extension 'ignore_ament_install'
[0.476s] Level 1:colcon.colcon_core.package_identification:_identify(models/person_standing/materials/textures) by extensions ['colcon_pkg']
[0.476s] Level 1:colcon.colcon_core.package_identification:_identify(models/person_standing/materials/textures) by extension 'colcon_pkg'
[0.476s] Level 1:colcon.colcon_core.package_identification:_identify(models/person_standing/materials/textures) by extensions ['colcon_meta']
[0.476s] Level 1:colcon.colcon_core.package_identification:_identify(models/person_standing/materials/textures) by extension 'colcon_meta'
[0.476s] Level 1:colcon.colcon_core.package_identification:_identify(models/person_standing/materials/textures) by extensions ['ros']
[0.476s] Level 1:colcon.colcon_core.package_identification:_identify(models/person_standing/materials/textures) by extension 'ros'
[0.476s] Level 1:colcon.colcon_core.package_identification:_identify(models/person_standing/materials/textures) by extensions ['cmake', 'python']
[0.476s] Level 1:colcon.colcon_core.package_identification:_identify(models/person_standing/materials/textures) by extension 'cmake'
[0.476s] Level 1:colcon.colcon_core.package_identification:_identify(models/person_standing/materials/textures) by extension 'python'
[0.476s] Level 1:colcon.colcon_core.package_identification:_identify(models/person_standing/materials/textures) by extensions ['python_setup_py']
[0.476s] Level 1:colcon.colcon_core.package_identification:_identify(models/person_standing/materials/textures) by extension 'python_setup_py'
[0.476s] Level 1:colcon.colcon_core.package_identification:_identify(models/person_standing/meshes) by extensions ['ignore', 'ignore_ament_install']
[0.476s] Level 1:colcon.colcon_core.package_identification:_identify(models/person_standing/meshes) by extension 'ignore'
[0.476s] Level 1:colcon.colcon_core.package_identification:_identify(models/person_standing/meshes) by extension 'ignore_ament_install'
[0.477s] Level 1:colcon.colcon_core.package_identification:_identify(models/person_standing/meshes) by extensions ['colcon_pkg']
[0.477s] Level 1:colcon.colcon_core.package_identification:_identify(models/person_standing/meshes) by extension 'colcon_pkg'
[0.477s] Level 1:colcon.colcon_core.package_identification:_identify(models/person_standing/meshes) by extensions ['colcon_meta']
[0.477s] Level 1:colcon.colcon_core.package_identification:_identify(models/person_standing/meshes) by extension 'colcon_meta'
[0.477s] Level 1:colcon.colcon_core.package_identification:_identify(models/person_standing/meshes) by extensions ['ros']
[0.477s] Level 1:colcon.colcon_core.package_identification:_identify(models/person_standing/meshes) by extension 'ros'
[0.477s] Level 1:colcon.colcon_core.package_identification:_identify(models/person_standing/meshes) by extensions ['cmake', 'python']
[0.477s] Level 1:colcon.colcon_core.package_identification:_identify(models/person_standing/meshes) by extension 'cmake'
[0.477s] Level 1:colcon.colcon_core.package_identification:_identify(models/person_standing/meshes) by extension 'python'
[0.477s] Level 1:colcon.colcon_core.package_identification:_identify(models/person_standing/meshes) by extensions ['python_setup_py']
[0.477s] Level 1:colcon.colcon_core.package_identification:_identify(models/person_standing/meshes) by extension 'python_setup_py'
[0.477s] Level 1:colcon.colcon_core.package_identification:_identify(models/postbox) by extensions ['ignore', 'ignore_ament_install']
[0.477s] Level 1:colcon.colcon_core.package_identification:_identify(models/postbox) by extension 'ignore'
[0.477s] Level 1:colcon.colcon_core.package_identification:_identify(models/postbox) by extension 'ignore_ament_install'
[0.477s] Level 1:colcon.colcon_core.package_identification:_identify(models/postbox) by extensions ['colcon_pkg']
[0.477s] Level 1:colcon.colcon_core.package_identification:_identify(models/postbox) by extension 'colcon_pkg'
[0.478s] Level 1:colcon.colcon_core.package_identification:_identify(models/postbox) by extensions ['colcon_meta']
[0.478s] Level 1:colcon.colcon_core.package_identification:_identify(models/postbox) by extension 'colcon_meta'
[0.478s] Level 1:colcon.colcon_core.package_identification:_identify(models/postbox) by extensions ['ros']
[0.478s] Level 1:colcon.colcon_core.package_identification:_identify(models/postbox) by extension 'ros'
[0.478s] Level 1:colcon.colcon_core.package_identification:_identify(models/postbox) by extensions ['cmake', 'python']
[0.478s] Level 1:colcon.colcon_core.package_identification:_identify(models/postbox) by extension 'cmake'
[0.478s] Level 1:colcon.colcon_core.package_identification:_identify(models/postbox) by extension 'python'
[0.478s] Level 1:colcon.colcon_core.package_identification:_identify(models/postbox) by extensions ['python_setup_py']
[0.478s] Level 1:colcon.colcon_core.package_identification:_identify(models/postbox) by extension 'python_setup_py'
[0.478s] Level 1:colcon.colcon_core.package_identification:_identify(models/postbox/materials) by extensions ['ignore', 'ignore_ament_install']
[0.478s] Level 1:colcon.colcon_core.package_identification:_identify(models/postbox/materials) by extension 'ignore'
[0.478s] Level 1:colcon.colcon_core.package_identification:_identify(models/postbox/materials) by extension 'ignore_ament_install'
[0.478s] Level 1:colcon.colcon_core.package_identification:_identify(models/postbox/materials) by extensions ['colcon_pkg']
[0.478s] Level 1:colcon.colcon_core.package_identification:_identify(models/postbox/materials) by extension 'colcon_pkg'
[0.478s] Level 1:colcon.colcon_core.package_identification:_identify(models/postbox/materials) by extensions ['colcon_meta']
[0.478s] Level 1:colcon.colcon_core.package_identification:_identify(models/postbox/materials) by extension 'colcon_meta'
[0.479s] Level 1:colcon.colcon_core.package_identification:_identify(models/postbox/materials) by extensions ['ros']
[0.479s] Level 1:colcon.colcon_core.package_identification:_identify(models/postbox/materials) by extension 'ros'
[0.479s] Level 1:colcon.colcon_core.package_identification:_identify(models/postbox/materials) by extensions ['cmake', 'python']
[0.479s] Level 1:colcon.colcon_core.package_identification:_identify(models/postbox/materials) by extension 'cmake'
[0.479s] Level 1:colcon.colcon_core.package_identification:_identify(models/postbox/materials) by extension 'python'
[0.479s] Level 1:colcon.colcon_core.package_identification:_identify(models/postbox/materials) by extensions ['python_setup_py']
[0.479s] Level 1:colcon.colcon_core.package_identification:_identify(models/postbox/materials) by extension 'python_setup_py'
[0.479s] Level 1:colcon.colcon_core.package_identification:_identify(models/postbox/materials/textures) by extensions ['ignore', 'ignore_ament_install']
[0.479s] Level 1:colcon.colcon_core.package_identification:_identify(models/postbox/materials/textures) by extension 'ignore'
[0.479s] Level 1:colcon.colcon_core.package_identification:_identify(models/postbox/materials/textures) by extension 'ignore_ament_install'
[0.479s] Level 1:colcon.colcon_core.package_identification:_identify(models/postbox/materials/textures) by extensions ['colcon_pkg']
[0.479s] Level 1:colcon.colcon_core.package_identification:_identify(models/postbox/materials/textures) by extension 'colcon_pkg'
[0.479s] Level 1:colcon.colcon_core.package_identification:_identify(models/postbox/materials/textures) by extensions ['colcon_meta']
[0.479s] Level 1:colcon.colcon_core.package_identification:_identify(models/postbox/materials/textures) by extension 'colcon_meta'
[0.479s] Level 1:colcon.colcon_core.package_identification:_identify(models/postbox/materials/textures) by extensions ['ros']
[0.479s] Level 1:colcon.colcon_core.package_identification:_identify(models/postbox/materials/textures) by extension 'ros'
[0.480s] Level 1:colcon.colcon_core.package_identification:_identify(models/postbox/materials/textures) by extensions ['cmake', 'python']
[0.480s] Level 1:colcon.colcon_core.package_identification:_identify(models/postbox/materials/textures) by extension 'cmake'
[0.480s] Level 1:colcon.colcon_core.package_identification:_identify(models/postbox/materials/textures) by extension 'python'
[0.480s] Level 1:colcon.colcon_core.package_identification:_identify(models/postbox/materials/textures) by extensions ['python_setup_py']
[0.480s] Level 1:colcon.colcon_core.package_identification:_identify(models/postbox/materials/textures) by extension 'python_setup_py'
[0.480s] Level 1:colcon.colcon_core.package_identification:_identify(models/postbox/meshes) by extensions ['ignore', 'ignore_ament_install']
[0.480s] Level 1:colcon.colcon_core.package_identification:_identify(models/postbox/meshes) by extension 'ignore'
[0.480s] Level 1:colcon.colcon_core.package_identification:_identify(models/postbox/meshes) by extension 'ignore_ament_install'
[0.480s] Level 1:colcon.colcon_core.package_identification:_identify(models/postbox/meshes) by extensions ['colcon_pkg']
[0.480s] Level 1:colcon.colcon_core.package_identification:_identify(models/postbox/meshes) by extension 'colcon_pkg'
[0.481s] Level 1:colcon.colcon_core.package_identification:_identify(models/postbox/meshes) by extensions ['colcon_meta']
[0.481s] Level 1:colcon.colcon_core.package_identification:_identify(models/postbox/meshes) by extension 'colcon_meta'
[0.481s] Level 1:colcon.colcon_core.package_identification:_identify(models/postbox/meshes) by extensions ['ros']
[0.481s] Level 1:colcon.colcon_core.package_identification:_identify(models/postbox/meshes) by extension 'ros'
[0.481s] Level 1:colcon.colcon_core.package_identification:_identify(models/postbox/meshes) by extensions ['cmake', 'python']
[0.481s] Level 1:colcon.colcon_core.package_identification:_identify(models/postbox/meshes) by extension 'cmake'
[0.481s] Level 1:colcon.colcon_core.package_identification:_identify(models/postbox/meshes) by extension 'python'
[0.481s] Level 1:colcon.colcon_core.package_identification:_identify(models/postbox/meshes) by extensions ['python_setup_py']
[0.481s] Level 1:colcon.colcon_core.package_identification:_identify(models/postbox/meshes) by extension 'python_setup_py'
[0.482s] Level 1:colcon.colcon_core.package_identification:_identify(models/prius_hybrid) by extensions ['ignore', 'ignore_ament_install']
[0.482s] Level 1:colcon.colcon_core.package_identification:_identify(models/prius_hybrid) by extension 'ignore'
[0.482s] Level 1:colcon.colcon_core.package_identification:_identify(models/prius_hybrid) by extension 'ignore_ament_install'
[0.482s] Level 1:colcon.colcon_core.package_identification:_identify(models/prius_hybrid) by extensions ['colcon_pkg']
[0.483s] Level 1:colcon.colcon_core.package_identification:_identify(models/prius_hybrid) by extension 'colcon_pkg'
[0.483s] Level 1:colcon.colcon_core.package_identification:_identify(models/prius_hybrid) by extensions ['colcon_meta']
[0.483s] Level 1:colcon.colcon_core.package_identification:_identify(models/prius_hybrid) by extension 'colcon_meta'
[0.483s] Level 1:colcon.colcon_core.package_identification:_identify(models/prius_hybrid) by extensions ['ros']
[0.483s] Level 1:colcon.colcon_core.package_identification:_identify(models/prius_hybrid) by extension 'ros'
[0.483s] Level 1:colcon.colcon_core.package_identification:_identify(models/prius_hybrid) by extensions ['cmake', 'python']
[0.484s] Level 1:colcon.colcon_core.package_identification:_identify(models/prius_hybrid) by extension 'cmake'
[0.484s] Level 1:colcon.colcon_core.package_identification:_identify(models/prius_hybrid) by extension 'python'
[0.484s] Level 1:colcon.colcon_core.package_identification:_identify(models/prius_hybrid) by extensions ['python_setup_py']
[0.484s] Level 1:colcon.colcon_core.package_identification:_identify(models/prius_hybrid) by extension 'python_setup_py'
[0.484s] Level 1:colcon.colcon_core.package_identification:_identify(models/prius_hybrid/materials) by extensions ['ignore', 'ignore_ament_install']
[0.485s] Level 1:colcon.colcon_core.package_identification:_identify(models/prius_hybrid/materials) by extension 'ignore'
[0.485s] Level 1:colcon.colcon_core.package_identification:_identify(models/prius_hybrid/materials) by extension 'ignore_ament_install'
[0.485s] Level 1:colcon.colcon_core.package_identification:_identify(models/prius_hybrid/materials) by extensions ['colcon_pkg']
[0.485s] Level 1:colcon.colcon_core.package_identification:_identify(models/prius_hybrid/materials) by extension 'colcon_pkg'
[0.485s] Level 1:colcon.colcon_core.package_identification:_identify(models/prius_hybrid/materials) by extensions ['colcon_meta']
[0.485s] Level 1:colcon.colcon_core.package_identification:_identify(models/prius_hybrid/materials) by extension 'colcon_meta'
[0.485s] Level 1:colcon.colcon_core.package_identification:_identify(models/prius_hybrid/materials) by extensions ['ros']
[0.485s] Level 1:colcon.colcon_core.package_identification:_identify(models/prius_hybrid/materials) by extension 'ros'
[0.486s] Level 1:colcon.colcon_core.package_identification:_identify(models/prius_hybrid/materials) by extensions ['cmake', 'python']
[0.486s] Level 1:colcon.colcon_core.package_identification:_identify(models/prius_hybrid/materials) by extension 'cmake'
[0.486s] Level 1:colcon.colcon_core.package_identification:_identify(models/prius_hybrid/materials) by extension 'python'
[0.486s] Level 1:colcon.colcon_core.package_identification:_identify(models/prius_hybrid/materials) by extensions ['python_setup_py']
[0.486s] Level 1:colcon.colcon_core.package_identification:_identify(models/prius_hybrid/materials) by extension 'python_setup_py'
[0.486s] Level 1:colcon.colcon_core.package_identification:_identify(models/prius_hybrid/materials/textures) by extensions ['ignore', 'ignore_ament_install']
[0.487s] Level 1:colcon.colcon_core.package_identification:_identify(models/prius_hybrid/materials/textures) by extension 'ignore'
[0.487s] Level 1:colcon.colcon_core.package_identification:_identify(models/prius_hybrid/materials/textures) by extension 'ignore_ament_install'
[0.487s] Level 1:colcon.colcon_core.package_identification:_identify(models/prius_hybrid/materials/textures) by extensions ['colcon_pkg']
[0.487s] Level 1:colcon.colcon_core.package_identification:_identify(models/prius_hybrid/materials/textures) by extension 'colcon_pkg'
[0.487s] Level 1:colcon.colcon_core.package_identification:_identify(models/prius_hybrid/materials/textures) by extensions ['colcon_meta']
[0.487s] Level 1:colcon.colcon_core.package_identification:_identify(models/prius_hybrid/materials/textures) by extension 'colcon_meta'
[0.487s] Level 1:colcon.colcon_core.package_identification:_identify(models/prius_hybrid/materials/textures) by extensions ['ros']
[0.488s] Level 1:colcon.colcon_core.package_identification:_identify(models/prius_hybrid/materials/textures) by extension 'ros'
[0.488s] Level 1:colcon.colcon_core.package_identification:_identify(models/prius_hybrid/materials/textures) by extensions ['cmake', 'python']
[0.488s] Level 1:colcon.colcon_core.package_identification:_identify(models/prius_hybrid/materials/textures) by extension 'cmake'
[0.488s] Level 1:colcon.colcon_core.package_identification:_identify(models/prius_hybrid/materials/textures) by extension 'python'
[0.488s] Level 1:colcon.colcon_core.package_identification:_identify(models/prius_hybrid/materials/textures) by extensions ['python_setup_py']
[0.488s] Level 1:colcon.colcon_core.package_identification:_identify(models/prius_hybrid/materials/textures) by extension 'python_setup_py'
[0.488s] Level 1:colcon.colcon_core.package_identification:_identify(models/prius_hybrid/meshes) by extensions ['ignore', 'ignore_ament_install']
[0.489s] Level 1:colcon.colcon_core.package_identification:_identify(models/prius_hybrid/meshes) by extension 'ignore'
[0.489s] Level 1:colcon.colcon_core.package_identification:_identify(models/prius_hybrid/meshes) by extension 'ignore_ament_install'
[0.489s] Level 1:colcon.colcon_core.package_identification:_identify(models/prius_hybrid/meshes) by extensions ['colcon_pkg']
[0.489s] Level 1:colcon.colcon_core.package_identification:_identify(models/prius_hybrid/meshes) by extension 'colcon_pkg'
[0.489s] Level 1:colcon.colcon_core.package_identification:_identify(models/prius_hybrid/meshes) by extensions ['colcon_meta']
[0.489s] Level 1:colcon.colcon_core.package_identification:_identify(models/prius_hybrid/meshes) by extension 'colcon_meta'
[0.489s] Level 1:colcon.colcon_core.package_identification:_identify(models/prius_hybrid/meshes) by extensions ['ros']
[0.489s] Level 1:colcon.colcon_core.package_identification:_identify(models/prius_hybrid/meshes) by extension 'ros'
[0.489s] Level 1:colcon.colcon_core.package_identification:_identify(models/prius_hybrid/meshes) by extensions ['cmake', 'python']
[0.489s] Level 1:colcon.colcon_core.package_identification:_identify(models/prius_hybrid/meshes) by extension 'cmake'
[0.489s] Level 1:colcon.colcon_core.package_identification:_identify(models/prius_hybrid/meshes) by extension 'python'
[0.489s] Level 1:colcon.colcon_core.package_identification:_identify(models/prius_hybrid/meshes) by extensions ['python_setup_py']
[0.489s] Level 1:colcon.colcon_core.package_identification:_identify(models/prius_hybrid/meshes) by extension 'python_setup_py'
[0.489s] Level 1:colcon.colcon_core.package_identification:_identify(models/stop_sign) by extensions ['ignore', 'ignore_ament_install']
[0.490s] Level 1:colcon.colcon_core.package_identification:_identify(models/stop_sign) by extension 'ignore'
[0.490s] Level 1:colcon.colcon_core.package_identification:_identify(models/stop_sign) by extension 'ignore_ament_install'
[0.490s] Level 1:colcon.colcon_core.package_identification:_identify(models/stop_sign) by extensions ['colcon_pkg']
[0.490s] Level 1:colcon.colcon_core.package_identification:_identify(models/stop_sign) by extension 'colcon_pkg'
[0.490s] Level 1:colcon.colcon_core.package_identification:_identify(models/stop_sign) by extensions ['colcon_meta']
[0.490s] Level 1:colcon.colcon_core.package_identification:_identify(models/stop_sign) by extension 'colcon_meta'
[0.490s] Level 1:colcon.colcon_core.package_identification:_identify(models/stop_sign) by extensions ['ros']
[0.490s] Level 1:colcon.colcon_core.package_identification:_identify(models/stop_sign) by extension 'ros'
[0.490s] Level 1:colcon.colcon_core.package_identification:_identify(models/stop_sign) by extensions ['cmake', 'python']
[0.490s] Level 1:colcon.colcon_core.package_identification:_identify(models/stop_sign) by extension 'cmake'
[0.490s] Level 1:colcon.colcon_core.package_identification:_identify(models/stop_sign) by extension 'python'
[0.490s] Level 1:colcon.colcon_core.package_identification:_identify(models/stop_sign) by extensions ['python_setup_py']
[0.490s] Level 1:colcon.colcon_core.package_identification:_identify(models/stop_sign) by extension 'python_setup_py'
[0.490s] Level 1:colcon.colcon_core.package_identification:_identify(models/stop_sign/materials) by extensions ['ignore', 'ignore_ament_install']
[0.491s] Level 1:colcon.colcon_core.package_identification:_identify(models/stop_sign/materials) by extension 'ignore'
[0.491s] Level 1:colcon.colcon_core.package_identification:_identify(models/stop_sign/materials) by extension 'ignore_ament_install'
[0.491s] Level 1:colcon.colcon_core.package_identification:_identify(models/stop_sign/materials) by extensions ['colcon_pkg']
[0.491s] Level 1:colcon.colcon_core.package_identification:_identify(models/stop_sign/materials) by extension 'colcon_pkg'
[0.491s] Level 1:colcon.colcon_core.package_identification:_identify(models/stop_sign/materials) by extensions ['colcon_meta']
[0.491s] Level 1:colcon.colcon_core.package_identification:_identify(models/stop_sign/materials) by extension 'colcon_meta'
[0.492s] Level 1:colcon.colcon_core.package_identification:_identify(models/stop_sign/materials) by extensions ['ros']
[0.492s] Level 1:colcon.colcon_core.package_identification:_identify(models/stop_sign/materials) by extension 'ros'
[0.492s] Level 1:colcon.colcon_core.package_identification:_identify(models/stop_sign/materials) by extensions ['cmake', 'python']
[0.492s] Level 1:colcon.colcon_core.package_identification:_identify(models/stop_sign/materials) by extension 'cmake'
[0.492s] Level 1:colcon.colcon_core.package_identification:_identify(models/stop_sign/materials) by extension 'python'
[0.492s] Level 1:colcon.colcon_core.package_identification:_identify(models/stop_sign/materials) by extensions ['python_setup_py']
[0.492s] Level 1:colcon.colcon_core.package_identification:_identify(models/stop_sign/materials) by extension 'python_setup_py'
[0.493s] Level 1:colcon.colcon_core.package_identification:_identify(models/stop_sign/materials/scripts) by extensions ['ignore', 'ignore_ament_install']
[0.493s] Level 1:colcon.colcon_core.package_identification:_identify(models/stop_sign/materials/scripts) by extension 'ignore'
[0.493s] Level 1:colcon.colcon_core.package_identification:_identify(models/stop_sign/materials/scripts) by extension 'ignore_ament_install'
[0.493s] Level 1:colcon.colcon_core.package_identification:_identify(models/stop_sign/materials/scripts) by extensions ['colcon_pkg']
[0.494s] Level 1:colcon.colcon_core.package_identification:_identify(models/stop_sign/materials/scripts) by extension 'colcon_pkg'
[0.494s] Level 1:colcon.colcon_core.package_identification:_identify(models/stop_sign/materials/scripts) by extensions ['colcon_meta']
[0.494s] Level 1:colcon.colcon_core.package_identification:_identify(models/stop_sign/materials/scripts) by extension 'colcon_meta'
[0.494s] Level 1:colcon.colcon_core.package_identification:_identify(models/stop_sign/materials/scripts) by extensions ['ros']
[0.494s] Level 1:colcon.colcon_core.package_identification:_identify(models/stop_sign/materials/scripts) by extension 'ros'
[0.494s] Level 1:colcon.colcon_core.package_identification:_identify(models/stop_sign/materials/scripts) by extensions ['cmake', 'python']
[0.494s] Level 1:colcon.colcon_core.package_identification:_identify(models/stop_sign/materials/scripts) by extension 'cmake'
[0.494s] Level 1:colcon.colcon_core.package_identification:_identify(models/stop_sign/materials/scripts) by extension 'python'
[0.495s] Level 1:colcon.colcon_core.package_identification:_identify(models/stop_sign/materials/scripts) by extensions ['python_setup_py']
[0.495s] Level 1:colcon.colcon_core.package_identification:_identify(models/stop_sign/materials/scripts) by extension 'python_setup_py'
[0.495s] Level 1:colcon.colcon_core.package_identification:_identify(models/stop_sign/materials/textures) by extensions ['ignore', 'ignore_ament_install']
[0.495s] Level 1:colcon.colcon_core.package_identification:_identify(models/stop_sign/materials/textures) by extension 'ignore'
[0.495s] Level 1:colcon.colcon_core.package_identification:_identify(models/stop_sign/materials/textures) by extension 'ignore_ament_install'
[0.495s] Level 1:colcon.colcon_core.package_identification:_identify(models/stop_sign/materials/textures) by extensions ['colcon_pkg']
[0.495s] Level 1:colcon.colcon_core.package_identification:_identify(models/stop_sign/materials/textures) by extension 'colcon_pkg'
[0.496s] Level 1:colcon.colcon_core.package_identification:_identify(models/stop_sign/materials/textures) by extensions ['colcon_meta']
[0.496s] Level 1:colcon.colcon_core.package_identification:_identify(models/stop_sign/materials/textures) by extension 'colcon_meta'
[0.496s] Level 1:colcon.colcon_core.package_identification:_identify(models/stop_sign/materials/textures) by extensions ['ros']
[0.496s] Level 1:colcon.colcon_core.package_identification:_identify(models/stop_sign/materials/textures) by extension 'ros'
[0.496s] Level 1:colcon.colcon_core.package_identification:_identify(models/stop_sign/materials/textures) by extensions ['cmake', 'python']
[0.496s] Level 1:colcon.colcon_core.package_identification:_identify(models/stop_sign/materials/textures) by extension 'cmake'
[0.496s] Level 1:colcon.colcon_core.package_identification:_identify(models/stop_sign/materials/textures) by extension 'python'
[0.496s] Level 1:colcon.colcon_core.package_identification:_identify(models/stop_sign/materials/textures) by extensions ['python_setup_py']
[0.496s] Level 1:colcon.colcon_core.package_identification:_identify(models/stop_sign/materials/textures) by extension 'python_setup_py'
[0.497s] Level 1:colcon.colcon_core.package_identification:_identify(models/stop_sign/meshes) by extensions ['ignore', 'ignore_ament_install']
[0.497s] Level 1:colcon.colcon_core.package_identification:_identify(models/stop_sign/meshes) by extension 'ignore'
[0.497s] Level 1:colcon.colcon_core.package_identification:_identify(models/stop_sign/meshes) by extension 'ignore_ament_install'
[0.497s] Level 1:colcon.colcon_core.package_identification:_identify(models/stop_sign/meshes) by extensions ['colcon_pkg']
[0.497s] Level 1:colcon.colcon_core.package_identification:_identify(models/stop_sign/meshes) by extension 'colcon_pkg'
[0.497s] Level 1:colcon.colcon_core.package_identification:_identify(models/stop_sign/meshes) by extensions ['colcon_meta']
[0.497s] Level 1:colcon.colcon_core.package_identification:_identify(models/stop_sign/meshes) by extension 'colcon_meta'
[0.497s] Level 1:colcon.colcon_core.package_identification:_identify(models/stop_sign/meshes) by extensions ['ros']
[0.497s] Level 1:colcon.colcon_core.package_identification:_identify(models/stop_sign/meshes) by extension 'ros'
[0.498s] Level 1:colcon.colcon_core.package_identification:_identify(models/stop_sign/meshes) by extensions ['cmake', 'python']
[0.498s] Level 1:colcon.colcon_core.package_identification:_identify(models/stop_sign/meshes) by extension 'cmake'
[0.498s] Level 1:colcon.colcon_core.package_identification:_identify(models/stop_sign/meshes) by extension 'python'
[0.498s] Level 1:colcon.colcon_core.package_identification:_identify(models/stop_sign/meshes) by extensions ['python_setup_py']
[0.498s] Level 1:colcon.colcon_core.package_identification:_identify(models/stop_sign/meshes) by extension 'python_setup_py'
[0.498s] Level 1:colcon.colcon_core.package_identification:_identify(models/suv) by extensions ['ignore', 'ignore_ament_install']
[0.498s] Level 1:colcon.colcon_core.package_identification:_identify(models/suv) by extension 'ignore'
[0.499s] Level 1:colcon.colcon_core.package_identification:_identify(models/suv) by extension 'ignore_ament_install'
[0.499s] Level 1:colcon.colcon_core.package_identification:_identify(models/suv) by extensions ['colcon_pkg']
[0.499s] Level 1:colcon.colcon_core.package_identification:_identify(models/suv) by extension 'colcon_pkg'
[0.499s] Level 1:colcon.colcon_core.package_identification:_identify(models/suv) by extensions ['colcon_meta']
[0.499s] Level 1:colcon.colcon_core.package_identification:_identify(models/suv) by extension 'colcon_meta'
[0.499s] Level 1:colcon.colcon_core.package_identification:_identify(models/suv) by extensions ['ros']
[0.499s] Level 1:colcon.colcon_core.package_identification:_identify(models/suv) by extension 'ros'
[0.499s] Level 1:colcon.colcon_core.package_identification:_identify(models/suv) by extensions ['cmake', 'python']
[0.499s] Level 1:colcon.colcon_core.package_identification:_identify(models/suv) by extension 'cmake'
[0.500s] Level 1:colcon.colcon_core.package_identification:_identify(models/suv) by extension 'python'
[0.500s] Level 1:colcon.colcon_core.package_identification:_identify(models/suv) by extensions ['python_setup_py']
[0.500s] Level 1:colcon.colcon_core.package_identification:_identify(models/suv) by extension 'python_setup_py'
[0.500s] Level 1:colcon.colcon_core.package_identification:_identify(models/suv/materials) by extensions ['ignore', 'ignore_ament_install']
[0.500s] Level 1:colcon.colcon_core.package_identification:_identify(models/suv/materials) by extension 'ignore'
[0.500s] Level 1:colcon.colcon_core.package_identification:_identify(models/suv/materials) by extension 'ignore_ament_install'
[0.500s] Level 1:colcon.colcon_core.package_identification:_identify(models/suv/materials) by extensions ['colcon_pkg']
[0.500s] Level 1:colcon.colcon_core.package_identification:_identify(models/suv/materials) by extension 'colcon_pkg'
[0.501s] Level 1:colcon.colcon_core.package_identification:_identify(models/suv/materials) by extensions ['colcon_meta']
[0.501s] Level 1:colcon.colcon_core.package_identification:_identify(models/suv/materials) by extension 'colcon_meta'
[0.501s] Level 1:colcon.colcon_core.package_identification:_identify(models/suv/materials) by extensions ['ros']
[0.501s] Level 1:colcon.colcon_core.package_identification:_identify(models/suv/materials) by extension 'ros'
[0.501s] Level 1:colcon.colcon_core.package_identification:_identify(models/suv/materials) by extensions ['cmake', 'python']
[0.501s] Level 1:colcon.colcon_core.package_identification:_identify(models/suv/materials) by extension 'cmake'
[0.501s] Level 1:colcon.colcon_core.package_identification:_identify(models/suv/materials) by extension 'python'
[0.501s] Level 1:colcon.colcon_core.package_identification:_identify(models/suv/materials) by extensions ['python_setup_py']
[0.501s] Level 1:colcon.colcon_core.package_identification:_identify(models/suv/materials) by extension 'python_setup_py'
[0.501s] Level 1:colcon.colcon_core.package_identification:_identify(models/suv/materials/textures) by extensions ['ignore', 'ignore_ament_install']
[0.502s] Level 1:colcon.colcon_core.package_identification:_identify(models/suv/materials/textures) by extension 'ignore'
[0.502s] Level 1:colcon.colcon_core.package_identification:_identify(models/suv/materials/textures) by extension 'ignore_ament_install'
[0.502s] Level 1:colcon.colcon_core.package_identification:_identify(models/suv/materials/textures) by extensions ['colcon_pkg']
[0.502s] Level 1:colcon.colcon_core.package_identification:_identify(models/suv/materials/textures) by extension 'colcon_pkg'
[0.502s] Level 1:colcon.colcon_core.package_identification:_identify(models/suv/materials/textures) by extensions ['colcon_meta']
[0.502s] Level 1:colcon.colcon_core.package_identification:_identify(models/suv/materials/textures) by extension 'colcon_meta'
[0.502s] Level 1:colcon.colcon_core.package_identification:_identify(models/suv/materials/textures) by extensions ['ros']
[0.502s] Level 1:colcon.colcon_core.package_identification:_identify(models/suv/materials/textures) by extension 'ros'
[0.502s] Level 1:colcon.colcon_core.package_identification:_identify(models/suv/materials/textures) by extensions ['cmake', 'python']
[0.502s] Level 1:colcon.colcon_core.package_identification:_identify(models/suv/materials/textures) by extension 'cmake'
[0.502s] Level 1:colcon.colcon_core.package_identification:_identify(models/suv/materials/textures) by extension 'python'
[0.503s] Level 1:colcon.colcon_core.package_identification:_identify(models/suv/materials/textures) by extensions ['python_setup_py']
[0.503s] Level 1:colcon.colcon_core.package_identification:_identify(models/suv/materials/textures) by extension 'python_setup_py'
[0.503s] Level 1:colcon.colcon_core.package_identification:_identify(models/suv/meshes) by extensions ['ignore', 'ignore_ament_install']
[0.503s] Level 1:colcon.colcon_core.package_identification:_identify(models/suv/meshes) by extension 'ignore'
[0.503s] Level 1:colcon.colcon_core.package_identification:_identify(models/suv/meshes) by extension 'ignore_ament_install'
[0.503s] Level 1:colcon.colcon_core.package_identification:_identify(models/suv/meshes) by extensions ['colcon_pkg']
[0.503s] Level 1:colcon.colcon_core.package_identification:_identify(models/suv/meshes) by extension 'colcon_pkg'
[0.503s] Level 1:colcon.colcon_core.package_identification:_identify(models/suv/meshes) by extensions ['colcon_meta']
[0.503s] Level 1:colcon.colcon_core.package_identification:_identify(models/suv/meshes) by extension 'colcon_meta'
[0.504s] Level 1:colcon.colcon_core.package_identification:_identify(models/suv/meshes) by extensions ['ros']
[0.504s] Level 1:colcon.colcon_core.package_identification:_identify(models/suv/meshes) by extension 'ros'
[0.504s] Level 1:colcon.colcon_core.package_identification:_identify(models/suv/meshes) by extensions ['cmake', 'python']
[0.504s] Level 1:colcon.colcon_core.package_identification:_identify(models/suv/meshes) by extension 'cmake'
[0.505s] Level 1:colcon.colcon_core.package_identification:_identify(models/suv/meshes) by extension 'python'
[0.505s] Level 1:colcon.colcon_core.package_identification:_identify(models/suv/meshes) by extensions ['python_setup_py']
[0.505s] Level 1:colcon.colcon_core.package_identification:_identify(models/suv/meshes) by extension 'python_setup_py'
[0.505s] Level 1:colcon.colcon_core.package_identification:_identify(src) by extensions ['ignore', 'ignore_ament_install']
[0.505s] Level 1:colcon.colcon_core.package_identification:_identify(src) by extension 'ignore'
[0.505s] Level 1:colcon.colcon_core.package_identification:_identify(src) by extension 'ignore_ament_install'
[0.505s] Level 1:colcon.colcon_core.package_identification:_identify(src) by extensions ['colcon_pkg']
[0.505s] Level 1:colcon.colcon_core.package_identification:_identify(src) by extension 'colcon_pkg'
[0.506s] Level 1:colcon.colcon_core.package_identification:_identify(src) by extensions ['colcon_meta']
[0.506s] Level 1:colcon.colcon_core.package_identification:_identify(src) by extension 'colcon_meta'
[0.506s] Level 1:colcon.colcon_core.package_identification:_identify(src) by extensions ['ros']
[0.506s] Level 1:colcon.colcon_core.package_identification:_identify(src) by extension 'ros'
[0.506s] Level 1:colcon.colcon_core.package_identification:_identify(src) by extensions ['cmake', 'python']
[0.506s] Level 1:colcon.colcon_core.package_identification:_identify(src) by extension 'cmake'
[0.506s] Level 1:colcon.colcon_core.package_identification:_identify(src) by extension 'python'
[0.506s] Level 1:colcon.colcon_core.package_identification:_identify(src) by extensions ['python_setup_py']
[0.506s] Level 1:colcon.colcon_core.package_identification:_identify(src) by extension 'python_setup_py'
[0.507s] Level 1:colcon.colcon_core.package_identification:_identify(src/yolobot_control) by extensions ['ignore', 'ignore_ament_install']
[0.507s] Level 1:colcon.colcon_core.package_identification:_identify(src/yolobot_control) by extension 'ignore'
[0.507s] Level 1:colcon.colcon_core.package_identification:_identify(src/yolobot_control) by extension 'ignore_ament_install'
[0.507s] Level 1:colcon.colcon_core.package_identification:_identify(src/yolobot_control) by extensions ['colcon_pkg']
[0.507s] Level 1:colcon.colcon_core.package_identification:_identify(src/yolobot_control) by extension 'colcon_pkg'
[0.507s] Level 1:colcon.colcon_core.package_identification:_identify(src/yolobot_control) by extensions ['colcon_meta']
[0.507s] Level 1:colcon.colcon_core.package_identification:_identify(src/yolobot_control) by extension 'colcon_meta'
[0.507s] Level 1:colcon.colcon_core.package_identification:_identify(src/yolobot_control) by extensions ['ros']
[0.507s] Level 1:colcon.colcon_core.package_identification:_identify(src/yolobot_control) by extension 'ros'
[0.512s] DEBUG:colcon.colcon_core.package_identification:Package 'src/yolobot_control' with type 'ros.ament_cmake' and name 'yolobot_control'
[0.512s] Level 1:colcon.colcon_core.package_identification:_identify(src/yolobot_description) by extensions ['ignore', 'ignore_ament_install']
[0.513s] Level 1:colcon.colcon_core.package_identification:_identify(src/yolobot_description) by extension 'ignore'
[0.513s] Level 1:colcon.colcon_core.package_identification:_identify(src/yolobot_description) by extension 'ignore_ament_install'
[0.513s] Level 1:colcon.colcon_core.package_identification:_identify(src/yolobot_description) by extensions ['colcon_pkg']
[0.513s] Level 1:colcon.colcon_core.package_identification:_identify(src/yolobot_description) by extension 'colcon_pkg'
[0.513s] Level 1:colcon.colcon_core.package_identification:_identify(src/yolobot_description) by extensions ['colcon_meta']
[0.513s] Level 1:colcon.colcon_core.package_identification:_identify(src/yolobot_description) by extension 'colcon_meta'
[0.513s] Level 1:colcon.colcon_core.package_identification:_identify(src/yolobot_description) by extensions ['ros']
[0.513s] Level 1:colcon.colcon_core.package_identification:_identify(src/yolobot_description) by extension 'ros'
[0.515s] DEBUG:colcon.colcon_core.package_identification:Package 'src/yolobot_description' with type 'ros.ament_cmake' and name 'yolobot_description'
[0.515s] Level 1:colcon.colcon_core.package_identification:_identify(src/yolobot_gazebo) by extensions ['ignore', 'ignore_ament_install']
[0.516s] Level 1:colcon.colcon_core.package_identification:_identify(src/yolobot_gazebo) by extension 'ignore'
[0.516s] Level 1:colcon.colcon_core.package_identification:_identify(src/yolobot_gazebo) by extension 'ignore_ament_install'
[0.516s] Level 1:colcon.colcon_core.package_identification:_identify(src/yolobot_gazebo) by extensions ['colcon_pkg']
[0.516s] Level 1:colcon.colcon_core.package_identification:_identify(src/yolobot_gazebo) by extension 'colcon_pkg'
[0.516s] Level 1:colcon.colcon_core.package_identification:_identify(src/yolobot_gazebo) by extensions ['colcon_meta']
[0.516s] Level 1:colcon.colcon_core.package_identification:_identify(src/yolobot_gazebo) by extension 'colcon_meta'
[0.517s] Level 1:colcon.colcon_core.package_identification:_identify(src/yolobot_gazebo) by extensions ['ros']
[0.517s] Level 1:colcon.colcon_core.package_identification:_identify(src/yolobot_gazebo) by extension 'ros'
[0.518s] DEBUG:colcon.colcon_core.package_identification:Package 'src/yolobot_gazebo' with type 'ros.ament_cmake' and name 'yolobot_gazebo'
[0.519s] Level 1:colcon.colcon_core.package_identification:_identify(src/yolobot_recognition) by extensions ['ignore', 'ignore_ament_install']
[0.519s] Level 1:colcon.colcon_core.package_identification:_identify(src/yolobot_recognition) by extension 'ignore'
[0.519s] Level 1:colcon.colcon_core.package_identification:_identify(src/yolobot_recognition) by extension 'ignore_ament_install'
[0.519s] Level 1:colcon.colcon_core.package_identification:_identify(src/yolobot_recognition) by extensions ['colcon_pkg']
[0.519s] Level 1:colcon.colcon_core.package_identification:_identify(src/yolobot_recognition) by extension 'colcon_pkg'
[0.519s] Level 1:colcon.colcon_core.package_identification:_identify(src/yolobot_recognition) by extensions ['colcon_meta']
[0.519s] Level 1:colcon.colcon_core.package_identification:_identify(src/yolobot_recognition) by extension 'colcon_meta'
[0.520s] Level 1:colcon.colcon_core.package_identification:_identify(src/yolobot_recognition) by extensions ['ros']
[0.520s] Level 1:colcon.colcon_core.package_identification:_identify(src/yolobot_recognition) by extension 'ros'
[0.521s] DEBUG:colcon.colcon_core.package_identification:Package 'src/yolobot_recognition' with type 'ros.ament_cmake' and name 'yolobot_recognition'
[0.521s] Level 1:colcon.colcon_core.package_identification:_identify(src/yolobot_slam) by extensions ['ignore', 'ignore_ament_install']
[0.521s] Level 1:colcon.colcon_core.package_identification:_identify(src/yolobot_slam) by extension 'ignore'
[0.521s] Level 1:colcon.colcon_core.package_identification:_identify(src/yolobot_slam) by extension 'ignore_ament_install'
[0.522s] Level 1:colcon.colcon_core.package_identification:_identify(src/yolobot_slam) by extensions ['colcon_pkg']
[0.522s] Level 1:colcon.colcon_core.package_identification:_identify(src/yolobot_slam) by extension 'colcon_pkg'
[0.522s] Level 1:colcon.colcon_core.package_identification:_identify(src/yolobot_slam) by extensions ['colcon_meta']
[0.522s] Level 1:colcon.colcon_core.package_identification:_identify(src/yolobot_slam) by extension 'colcon_meta'
[0.522s] Level 1:colcon.colcon_core.package_identification:_identify(src/yolobot_slam) by extensions ['ros']
[0.522s] Level 1:colcon.colcon_core.package_identification:_identify(src/yolobot_slam) by extension 'ros'
[0.523s] DEBUG:colcon.colcon_core.package_identification:Package 'src/yolobot_slam' with type 'ros.ament_cmake' and name 'yolobot_slam'
[0.524s] Level 1:colcon.colcon_core.package_identification:_identify(src/yolov8_msgs) by extensions ['ignore', 'ignore_ament_install']
[0.524s] Level 1:colcon.colcon_core.package_identification:_identify(src/yolov8_msgs) by extension 'ignore'
[0.524s] Level 1:colcon.colcon_core.package_identification:_identify(src/yolov8_msgs) by extension 'ignore_ament_install'
[0.524s] Level 1:colcon.colcon_core.package_identification:_identify(src/yolov8_msgs) by extensions ['colcon_pkg']
[0.524s] Level 1:colcon.colcon_core.package_identification:_identify(src/yolov8_msgs) by extension 'colcon_pkg'
[0.524s] Level 1:colcon.colcon_core.package_identification:_identify(src/yolov8_msgs) by extensions ['colcon_meta']
[0.524s] Level 1:colcon.colcon_core.package_identification:_identify(src/yolov8_msgs) by extension 'colcon_meta'
[0.524s] Level 1:colcon.colcon_core.package_identification:_identify(src/yolov8_msgs) by extensions ['ros']
[0.524s] Level 1:colcon.colcon_core.package_identification:_identify(src/yolov8_msgs) by extension 'ros'
[0.525s] DEBUG:colcon.colcon_core.package_identification:Package 'src/yolov8_msgs' with type 'ros.ament_cmake' and name 'yolov8_msgs'
[0.525s] Level 1:colcon.colcon_core.package_discovery:discover_packages(recursive) using defaults
[0.525s] Level 1:colcon.colcon_core.package_discovery:discover_packages(ignore) discover
[0.525s] Level 1:colcon.colcon_core.package_discovery:discover_packages(ignore) using defaults
[0.525s] Level 1:colcon.colcon_core.package_discovery:discover_packages(path) discover
[0.525s] Level 1:colcon.colcon_core.package_discovery:discover_packages(path) using defaults
[0.563s] INFO:colcon.colcon_core.package_selection:Skipping not selected package 'yolobot_control' in 'src/yolobot_control'
[0.564s] INFO:colcon.colcon_core.package_selection:Skipping not selected package 'yolobot_description' in 'src/yolobot_description'
[0.564s] INFO:colcon.colcon_core.package_selection:Skipping not selected package 'yolobot_gazebo' in 'src/yolobot_gazebo'
[0.564s] INFO:colcon.colcon_core.package_selection:Skipping not selected package 'yolobot_recognition' in 'src/yolobot_recognition'
[0.564s] INFO:colcon.colcon_core.package_selection:Skipping not selected package 'yolov8_msgs' in 'src/yolov8_msgs'
[0.564s] Level 5:colcon.colcon_core.verb:set package 'yolobot_slam' build argument 'cmake_args' from command line to 'None'
[0.564s] Level 5:colcon.colcon_core.verb:set package 'yolobot_slam' build argument 'cmake_target' from command line to 'None'
[0.564s] Level 5:colcon.colcon_core.verb:set package 'yolobot_slam' build argument 'cmake_target_skip_unavailable' from command line to 'False'
[0.564s] Level 5:colcon.colcon_core.verb:set package 'yolobot_slam' build argument 'cmake_clean_cache' from command line to 'False'
[0.564s] Level 5:colcon.colcon_core.verb:set package 'yolobot_slam' build argument 'cmake_clean_first' from command line to 'False'
[0.564s] Level 5:colcon.colcon_core.verb:set package 'yolobot_slam' build argument 'cmake_force_configure' from command line to 'False'
[0.564s] Level 5:colcon.colcon_core.verb:set package 'yolobot_slam' build argument 'ament_cmake_args' from command line to 'None'
[0.564s] Level 5:colcon.colcon_core.verb:set package 'yolobot_slam' build argument 'catkin_cmake_args' from command line to 'None'
[0.565s] Level 5:colcon.colcon_core.verb:set package 'yolobot_slam' build argument 'catkin_skip_building_tests' from command line to 'False'
[0.565s] DEBUG:colcon.colcon_core.verb:Building package 'yolobot_slam' with the following arguments: {'ament_cmake_args': None, 'build_base': '/home/aladine/memoir/slam_yolo/yolobot/build/yolobot_slam', 'catkin_cmake_args': None, 'catkin_skip_building_tests': False, 'cmake_args': None, 'cmake_clean_cache': False, 'cmake_clean_first': False, 'cmake_force_configure': False, 'cmake_target': None, 'cmake_target_skip_unavailable': False, 'install_base': '/home/aladine/memoir/slam_yolo/yolobot/install/yolobot_slam', 'merge_install': False, 'path': '/home/aladine/memoir/slam_yolo/yolobot/src/yolobot_slam', 'symlink_install': False, 'test_result_base': None}
[0.565s] INFO:colcon.colcon_core.executor:Executing jobs using 'parallel' executor
[0.568s] DEBUG:colcon.colcon_parallel_executor.executor.parallel:run_until_complete
[0.568s] INFO:colcon.colcon_ros.task.ament_cmake.build:Building ROS package in '/home/aladine/memoir/slam_yolo/yolobot/src/yolobot_slam' with build type 'ament_cmake'
[0.568s] INFO:colcon.colcon_cmake.task.cmake.build:Building CMake package in '/home/aladine/memoir/slam_yolo/yolobot/src/yolobot_slam'
[0.577s] INFO:colcon.colcon_core.plugin_system:Skipping extension 'colcon_core.shell.bat': Not used on non-Windows systems
[0.577s] INFO:colcon.colcon_core.shell:Skip shell extension 'powershell' for command environment: Not usable outside of PowerShell
[0.577s] DEBUG:colcon.colcon_core.shell:Skip shell extension 'dsv' for command environment
[0.602s] DEBUG:colcon.colcon_core.event_handler.log_command:Invoking command in '/home/aladine/memoir/slam_yolo/yolobot/build/yolobot_slam': CMAKE_PREFIX_PATH=/opt/ros/humble VIRTUAL_ENV_PROMPT=(ros2_env) /usr/bin/cmake /home/aladine/memoir/slam_yolo/yolobot/src/yolobot_slam -DCMAKE_INSTALL_PREFIX=/home/aladine/memoir/slam_yolo/yolobot/install/yolobot_slam
[5.652s] DEBUG:colcon.colcon_core.event_handler.log_command:Invoked command in '/home/aladine/memoir/slam_yolo/yolobot/build/yolobot_slam' returned '0': CMAKE_PREFIX_PATH=/opt/ros/humble VIRTUAL_ENV_PROMPT=(ros2_env) /usr/bin/cmake /home/aladine/memoir/slam_yolo/yolobot/src/yolobot_slam -DCMAKE_INSTALL_PREFIX=/home/aladine/memoir/slam_yolo/yolobot/install/yolobot_slam
[5.656s] DEBUG:colcon.colcon_core.event_handler.log_command:Invoking command in '/home/aladine/memoir/slam_yolo/yolobot/build/yolobot_slam': CMAKE_PREFIX_PATH=/opt/ros/humble VIRTUAL_ENV_PROMPT=(ros2_env) /usr/bin/cmake --build /home/aladine/memoir/slam_yolo/yolobot/build/yolobot_slam -- -j4 -l4
[5.730s] DEBUG:colcon.colcon_core.event_handler.log_command:Invoked command in '/home/aladine/memoir/slam_yolo/yolobot/build/yolobot_slam' returned '0': CMAKE_PREFIX_PATH=/opt/ros/humble VIRTUAL_ENV_PROMPT=(ros2_env) /usr/bin/cmake --build /home/aladine/memoir/slam_yolo/yolobot/build/yolobot_slam -- -j4 -l4
[5.747s] DEBUG:colcon.colcon_core.event_handler.log_command:Invoking command in '/home/aladine/memoir/slam_yolo/yolobot/build/yolobot_slam': CMAKE_PREFIX_PATH=/opt/ros/humble VIRTUAL_ENV_PROMPT=(ros2_env) /usr/bin/cmake --install /home/aladine/memoir/slam_yolo/yolobot/build/yolobot_slam
[5.769s] Level 1:colcon.colcon_core.environment:create_environment_scripts_only(yolobot_slam)
[5.770s] DEBUG:colcon.colcon_core.event_handler.log_command:Invoked command in '/home/aladine/memoir/slam_yolo/yolobot/build/yolobot_slam' returned '0': CMAKE_PREFIX_PATH=/opt/ros/humble VIRTUAL_ENV_PROMPT=(ros2_env) /usr/bin/cmake --install /home/aladine/memoir/slam_yolo/yolobot/build/yolobot_slam
[5.779s] Level 1:colcon.colcon_core.environment:checking '/home/aladine/memoir/slam_yolo/yolobot/install/yolobot_slam' for CMake module files
[5.780s] Level 1:colcon.colcon_core.environment:checking '/home/aladine/memoir/slam_yolo/yolobot/install/yolobot_slam' for CMake config files
[5.780s] Level 1:colcon.colcon_core.shell:create_environment_hook('yolobot_slam', 'cmake_prefix_path')
[5.781s] INFO:colcon.colcon_core.shell:Creating environment hook '/home/aladine/memoir/slam_yolo/yolobot/install/yolobot_slam/share/yolobot_slam/hook/cmake_prefix_path.ps1'
[5.783s] INFO:colcon.colcon_core.shell:Creating environment descriptor '/home/aladine/memoir/slam_yolo/yolobot/install/yolobot_slam/share/yolobot_slam/hook/cmake_prefix_path.dsv'
[5.783s] INFO:colcon.colcon_core.shell:Creating environment hook '/home/aladine/memoir/slam_yolo/yolobot/install/yolobot_slam/share/yolobot_slam/hook/cmake_prefix_path.sh'
[5.784s] Level 1:colcon.colcon_core.environment:checking '/home/aladine/memoir/slam_yolo/yolobot/install/yolobot_slam/bin'
[5.784s] Level 1:colcon.colcon_core.environment:checking '/home/aladine/memoir/slam_yolo/yolobot/install/yolobot_slam/lib/pkgconfig/yolobot_slam.pc'
[5.786s] Level 1:colcon.colcon_core.environment:checking '/home/aladine/memoir/slam_yolo/yolobot/install/yolobot_slam/lib/python3.10/site-packages'
[5.786s] Level 1:colcon.colcon_core.environment:checking '/home/aladine/memoir/slam_yolo/yolobot/install/yolobot_slam/bin'
[5.786s] INFO:colcon.colcon_core.shell:Creating package script '/home/aladine/memoir/slam_yolo/yolobot/install/yolobot_slam/share/yolobot_slam/package.ps1'
[5.788s] INFO:colcon.colcon_core.shell:Creating package descriptor '/home/aladine/memoir/slam_yolo/yolobot/install/yolobot_slam/share/yolobot_slam/package.dsv'
[5.789s] INFO:colcon.colcon_core.shell:Creating package script '/home/aladine/memoir/slam_yolo/yolobot/install/yolobot_slam/share/yolobot_slam/package.sh'
[5.792s] INFO:colcon.colcon_core.shell:Creating package script '/home/aladine/memoir/slam_yolo/yolobot/install/yolobot_slam/share/yolobot_slam/package.bash'
[5.793s] INFO:colcon.colcon_core.shell:Creating package script '/home/aladine/memoir/slam_yolo/yolobot/install/yolobot_slam/share/yolobot_slam/package.zsh'
[5.794s] Level 1:colcon.colcon_core.environment:create_file_with_runtime_dependencies(/home/aladine/memoir/slam_yolo/yolobot/install/yolobot_slam/share/colcon-core/packages/yolobot_slam)
[5.795s] Level 1:colcon.colcon_core.environment:create_environment_scripts_only(yolobot_slam)
[5.796s] Level 1:colcon.colcon_core.environment:checking '/home/aladine/memoir/slam_yolo/yolobot/install/yolobot_slam' for CMake module files
[5.796s] Level 1:colcon.colcon_core.environment:checking '/home/aladine/memoir/slam_yolo/yolobot/install/yolobot_slam' for CMake config files
[5.797s] Level 1:colcon.colcon_core.shell:create_environment_hook('yolobot_slam', 'cmake_prefix_path')
[5.797s] INFO:colcon.colcon_core.shell:Creating environment hook '/home/aladine/memoir/slam_yolo/yolobot/install/yolobot_slam/share/yolobot_slam/hook/cmake_prefix_path.ps1'
[5.798s] INFO:colcon.colcon_core.shell:Creating environment descriptor '/home/aladine/memoir/slam_yolo/yolobot/install/yolobot_slam/share/yolobot_slam/hook/cmake_prefix_path.dsv'
[5.799s] INFO:colcon.colcon_core.shell:Creating environment hook '/home/aladine/memoir/slam_yolo/yolobot/install/yolobot_slam/share/yolobot_slam/hook/cmake_prefix_path.sh'
[5.800s] Level 1:colcon.colcon_core.environment:checking '/home/aladine/memoir/slam_yolo/yolobot/install/yolobot_slam/bin'
[5.800s] Level 1:colcon.colcon_core.environment:checking '/home/aladine/memoir/slam_yolo/yolobot/install/yolobot_slam/lib/pkgconfig/yolobot_slam.pc'
[5.800s] Level 1:colcon.colcon_core.environment:checking '/home/aladine/memoir/slam_yolo/yolobot/install/yolobot_slam/lib/python3.10/site-packages'
[5.801s] Level 1:colcon.colcon_core.environment:checking '/home/aladine/memoir/slam_yolo/yolobot/install/yolobot_slam/bin'
[5.801s] INFO:colcon.colcon_core.shell:Creating package script '/home/aladine/memoir/slam_yolo/yolobot/install/yolobot_slam/share/yolobot_slam/package.ps1'
[5.802s] INFO:colcon.colcon_core.shell:Creating package descriptor '/home/aladine/memoir/slam_yolo/yolobot/install/yolobot_slam/share/yolobot_slam/package.dsv'
[5.802s] INFO:colcon.colcon_core.shell:Creating package script '/home/aladine/memoir/slam_yolo/yolobot/install/yolobot_slam/share/yolobot_slam/package.sh'
[5.803s] INFO:colcon.colcon_core.shell:Creating package script '/home/aladine/memoir/slam_yolo/yolobot/install/yolobot_slam/share/yolobot_slam/package.bash'
[5.803s] INFO:colcon.colcon_core.shell:Creating package script '/home/aladine/memoir/slam_yolo/yolobot/install/yolobot_slam/share/yolobot_slam/package.zsh'
[5.804s] Level 1:colcon.colcon_core.environment:create_file_with_runtime_dependencies(/home/aladine/memoir/slam_yolo/yolobot/install/yolobot_slam/share/colcon-core/packages/yolobot_slam)
[5.804s] DEBUG:colcon.colcon_parallel_executor.executor.parallel:closing loop
[5.805s] DEBUG:colcon.colcon_parallel_executor.executor.parallel:loop closed
[5.805s] DEBUG:colcon.colcon_parallel_executor.executor.parallel:run_until_complete finished with '0'
[5.805s] DEBUG:colcon.colcon_core.event_reactor:joining thread
[5.811s] INFO:colcon.colcon_core.plugin_system:Skipping extension 'colcon_notification.desktop_notification.notify2': 'notify2' not found
[5.811s] INFO:colcon.colcon_core.plugin_system:Skipping extension 'colcon_notification.desktop_notification.terminal_notifier': Not used on non-Darwin systems
[5.812s] INFO:colcon.colcon_core.plugin_system:Skipping extension 'colcon_notification.desktop_notification.win32': Not used on non-Windows systems
[5.812s] INFO:colcon.colcon_notification.desktop_notification:Sending desktop notification using 'notify_send'
[5.855s] DEBUG:colcon.colcon_core.event_reactor:joined thread
[5.856s] INFO:colcon.colcon_core.shell:Creating prefix script '/home/aladine/memoir/slam_yolo/yolobot/install/local_setup.ps1'
[5.860s] INFO:colcon.colcon_core.shell:Creating prefix util module '/home/aladine/memoir/slam_yolo/yolobot/install/_local_setup_util_ps1.py'
[5.863s] INFO:colcon.colcon_core.shell:Creating prefix chain script '/home/aladine/memoir/slam_yolo/yolobot/install/setup.ps1'
[5.865s] INFO:colcon.colcon_core.shell:Creating prefix script '/home/aladine/memoir/slam_yolo/yolobot/install/local_setup.sh'
[5.867s] INFO:colcon.colcon_core.shell:Creating prefix util module '/home/aladine/memoir/slam_yolo/yolobot/install/_local_setup_util_sh.py'
[5.868s] INFO:colcon.colcon_core.shell:Creating prefix chain script '/home/aladine/memoir/slam_yolo/yolobot/install/setup.sh'
[5.871s] INFO:colcon.colcon_core.shell:Creating prefix script '/home/aladine/memoir/slam_yolo/yolobot/install/local_setup.bash'
[5.872s] INFO:colcon.colcon_core.shell:Creating prefix chain script '/home/aladine/memoir/slam_yolo/yolobot/install/setup.bash'
[5.874s] INFO:colcon.colcon_core.shell:Creating prefix script '/home/aladine/memoir/slam_yolo/yolobot/install/local_setup.zsh'
[5.875s] INFO:colcon.colcon_core.shell:Creating prefix chain script '/home/aladine/memoir/slam_yolo/yolobot/install/setup.zsh'
