[0.081s] Invoking command in '/home/aladine/memoir/slam_yolo/yolobot/build/yolobot_recognition': CMAKE_PREFIX_PATH=/opt/ros/humble VIRTUAL_ENV_PROMPT=(ros2_env) /usr/bin/cmake --build /home/aladine/memoir/slam_yolo/yolobot/build/yolobot_recognition -- -j4 -l4
[0.244s] Invoked command in '/home/aladine/memoir/slam_yolo/yolobot/build/yolobot_recognition' returned '0': CMAKE_PREFIX_PATH=/opt/ros/humble VIRTUAL_ENV_PROMPT=(ros2_env) /usr/bin/cmake --build /home/aladine/memoir/slam_yolo/yolobot/build/yolobot_recognition -- -j4 -l4
[0.247s] Invoking command in '/home/aladine/memoir/slam_yolo/yolobot/build/yolobot_recognition': CMAKE_PREFIX_PATH=/opt/ros/humble VIRTUAL_ENV_PROMPT=(ros2_env) /usr/bin/cmake --install /home/aladine/memoir/slam_yolo/yolobot/build/yolobot_recognition
[0.266s] -- Install configuration: ""
[0.266s] -- Up-to-date: /home/aladine/memoir/slam_yolo/yolobot/install/yolobot_recognition/share/yolobot_recognition//scripts
[0.272s] -- Up-to-date: /home/aladine/memoir/slam_yolo/yolobot/install/yolobot_recognition/share/yolobot_recognition//scripts/.dockerignore
[0.274s] -- Up-to-date: /home/aladine/memoir/slam_yolo/yolobot/install/yolobot_recognition/share/yolobot_recognition//scripts/yolov8_ros2_subscriber.py
[0.277s] -- Up-to-date: /home/aladine/memoir/slam_yolo/yolobot/install/yolobot_recognition/share/yolobot_recognition//scripts/.gitattributes
[0.278s] -- Up-to-date: /home/aladine/memoir/slam_yolo/yolobot/install/yolobot_recognition/share/yolobot_recognition//scripts/yolov8n.pt
[0.278s] -- Up-to-date: /home/aladine/memoir/slam_yolo/yolobot/install/yolobot_recognition/share/yolobot_recognition//scripts/yolov8_ros2_pt.py
[0.278s] -- Up-to-date: /home/aladine/memoir/slam_yolo/yolobot/install/yolobot_recognition/share/yolobot_recognition//scripts/.gitignore
[0.278s] -- Up-to-date: /home/aladine/memoir/slam_yolo/yolobot/install/yolobot_recognition/share/yolobot_recognition//launch
[0.279s] -- Up-to-date: /home/aladine/memoir/slam_yolo/yolobot/install/yolobot_recognition/share/yolobot_recognition//launch/launch_yolov8.launch.py
[0.279s] -- Up-to-date: /home/aladine/memoir/slam_yolo/yolobot/install/yolobot_recognition/lib/yolobot_recognition/yolov8_ros2_pt.py
[0.279s] -- Up-to-date: /home/aladine/memoir/slam_yolo/yolobot/install/yolobot_recognition/lib/yolobot_recognition/yolov8_ros2_subscriber.py
[0.279s] -- Up-to-date: /home/aladine/memoir/slam_yolo/yolobot/install/yolobot_recognition/lib/yolobot_recognition/launch_yolov8.launch.py
[0.279s] -- Up-to-date: /home/aladine/memoir/slam_yolo/yolobot/install/yolobot_recognition/share/ament_index/resource_index/package_run_dependencies/yolobot_recognition
[0.280s] -- Up-to-date: /home/aladine/memoir/slam_yolo/yolobot/install/yolobot_recognition/share/ament_index/resource_index/parent_prefix_path/yolobot_recognition
[0.280s] -- Up-to-date: /home/aladine/memoir/slam_yolo/yolobot/install/yolobot_recognition/share/yolobot_recognition/environment/ament_prefix_path.sh
[0.284s] -- Up-to-date: /home/aladine/memoir/slam_yolo/yolobot/install/yolobot_recognition/share/yolobot_recognition/environment/ament_prefix_path.dsv
[0.284s] -- Up-to-date: /home/aladine/memoir/slam_yolo/yolobot/install/yolobot_recognition/share/yolobot_recognition/environment/path.sh
[0.285s] -- Up-to-date: /home/aladine/memoir/slam_yolo/yolobot/install/yolobot_recognition/share/yolobot_recognition/environment/path.dsv
[0.285s] -- Up-to-date: /home/aladine/memoir/slam_yolo/yolobot/install/yolobot_recognition/share/yolobot_recognition/local_setup.bash
[0.285s] -- Up-to-date: /home/aladine/memoir/slam_yolo/yolobot/install/yolobot_recognition/share/yolobot_recognition/local_setup.sh
[0.285s] -- Up-to-date: /home/aladine/memoir/slam_yolo/yolobot/install/yolobot_recognition/share/yolobot_recognition/local_setup.zsh
[0.285s] -- Up-to-date: /home/aladine/memoir/slam_yolo/yolobot/install/yolobot_recognition/share/yolobot_recognition/local_setup.dsv
[0.285s] -- Up-to-date: /home/aladine/memoir/slam_yolo/yolobot/install/yolobot_recognition/share/yolobot_recognition/package.dsv
[0.285s] -- Up-to-date: /home/aladine/memoir/slam_yolo/yolobot/install/yolobot_recognition/share/ament_index/resource_index/packages/yolobot_recognition
[0.286s] -- Up-to-date: /home/aladine/memoir/slam_yolo/yolobot/install/yolobot_recognition/share/yolobot_recognition/cmake/yolobot_recognitionConfig.cmake
[0.286s] -- Up-to-date: /home/aladine/memoir/slam_yolo/yolobot/install/yolobot_recognition/share/yolobot_recognition/cmake/yolobot_recognitionConfig-version.cmake
[0.286s] -- Up-to-date: /home/aladine/memoir/slam_yolo/yolobot/install/yolobot_recognition/share/yolobot_recognition/package.xml
[0.349s] Invoked command in '/home/aladine/memoir/slam_yolo/yolobot/build/yolobot_recognition' returned '0': CMAKE_PREFIX_PATH=/opt/ros/humble VIRTUAL_ENV_PROMPT=(ros2_env) /usr/bin/cmake --install /home/aladine/memoir/slam_yolo/yolobot/build/yolobot_recognition
