[0.030s] Invoking command in '/home/aladine/memoir/slam_yolo/yolobot/build/yolobot_slam': CMAKE_PREFIX_PATH=/opt/ros/humble VIRTUAL_ENV_PROMPT=(ros2_env) /usr/bin/cmake /home/aladine/memoir/slam_yolo/yolobot/src/yolobot_slam -DCMAKE_INSTALL_PREFIX=/home/aladine/memoir/slam_yolo/yolobot/install/yolobot_slam
[0.264s] -- The C compiler identification is GNU 11.4.0
[0.444s] -- The CXX compiler identification is GNU 11.4.0
[0.463s] -- Detecting C compiler ABI info
[0.595s] -- Detecting C compiler ABI info - done
[0.609s] -- Check for working C compiler: /usr/bin/cc - skipped
[0.614s] -- Detecting C compile features
[0.615s] -- Detecting C compile features - done
[0.622s] -- Detecting CXX compiler ABI info
[0.769s] -- Detecting CXX compiler ABI info - done
[0.784s] -- Check for working CXX compiler: /usr/bin/c++ - skipped
[0.784s] -- Detecting CXX compile features
[0.785s] -- Detecting CXX compile features - done
[0.798s] -- Found ament_cmake: 1.3.11 (/opt/ros/humble/share/ament_cmake/cmake)
[1.481s] -- Found Python3: /home/aladine/ros2_ws/ros2_env/bin/python3 (found version "3.10.12") found components: Interpreter 
[1.671s] -- Found slam_toolbox: 2.6.9 (/opt/ros/humble/share/slam_toolbox/cmake)
[1.756s] -- Found rosidl_generator_c: 3.1.6 (/opt/ros/humble/share/rosidl_generator_c/cmake)
[1.769s] -- Found rosidl_adapter: 3.1.6 (/opt/ros/humble/share/rosidl_adapter/cmake)
[1.791s] -- Found rosidl_generator_cpp: 3.1.6 (/opt/ros/humble/share/rosidl_generator_cpp/cmake)
[1.824s] -- Using all available rosidl_typesupport_c: rosidl_typesupport_fastrtps_c;rosidl_typesupport_introspection_c
[1.864s] -- Using all available rosidl_typesupport_cpp: rosidl_typesupport_fastrtps_cpp;rosidl_typesupport_introspection_cpp
[2.199s] -- Found rmw_implementation_cmake: 6.1.2 (/opt/ros/humble/share/rmw_implementation_cmake/cmake)
[2.205s] -- Found rmw_fastrtps_cpp: 6.2.7 (/opt/ros/humble/share/rmw_fastrtps_cpp/cmake)
[2.392s] -- Found OpenSSL: /usr/lib/x86_64-linux-gnu/libcrypto.so (found version "3.0.2")  
[2.441s] -- Found FastRTPS: /opt/ros/humble/include  
[2.515s] -- Using RMW implementation 'rmw_fastrtps_cpp' as default
[2.538s] -- Looking for pthread.h
[2.686s] -- Looking for pthread.h - found
[2.686s] -- Performing Test CMAKE_HAVE_LIBC_PTHREAD
[2.822s] -- Performing Test CMAKE_HAVE_LIBC_PTHREAD - Success
[2.823s] -- Found Threads: TRUE  
[3.216s] -- Found eigen3_cmake_module: 0.1.1 (/opt/ros/humble/share/eigen3_cmake_module/cmake)
[3.218s] -- Found Eigen3: TRUE (found version "3.4.0") 
[3.218s] -- Ensuring Eigen3 include directory is part of orocos-kdl CMake target
[3.364s] -- Setting assimp_DIR to: '/opt/ros/humble/share/rviz_assimp_vendor/cmake/../../../opt/rviz_assimp_vendor/lib/cmake/assimp-4.1'
[3.389s] -- Setting OGRE_DIR to: '/opt/ros/humble/share/rviz_ogre_vendor/cmake/../../../opt/rviz_ogre_vendor/lib/OGRE/cmake'
[3.398s] -- Found OGRE
[3.399s] --   static     : OFF
[3.399s] --   components : HLMS;MeshLodGenerator;Overlay;Paging;Property;RTShaderSystem;Terrain;Volume
[3.399s] --   plugins    : Plugin_BSPSceneManager;Plugin_OctreeSceneManager;Plugin_PCZSceneManager;Plugin_ParticleFX;RenderSystem_GL;RenderSystem_GL3Plus;Codec_STBI
[3.399s] --   media      : /opt/ros/humble/opt/rviz_ogre_vendor/share/OGRE/Media
[3.399s] -- OGRE_LIBRARIES: OgreHLMS;OgreMeshLodGenerator;OgreOverlay;OgrePaging;OgreProperty;OgreRTShaderSystem;OgreTerrain;OgreVolume;OgreMain
[3.399s] -- OGRE_LIBRARY_DIRS: /opt/ros/humble/opt/rviz_ogre_vendor/lib
[3.399s] -- OGRE_PLUGINS: Plugin_BSPSceneManager;Plugin_OctreeSceneManager;Plugin_PCZSceneManager;Plugin_ParticleFX;RenderSystem_GL;RenderSystem_GL3Plus;Codec_STBI
[3.400s] -- OGRE_PLUGIN_DIR: /opt/ros/humble/opt/rviz_ogre_vendor/lib/OGRE
[3.400s] -- rviz_ogre_vendor::OgreOverlay for IMPORTED_LOCATION_RELEASE: /opt/ros/humble/opt/rviz_ogre_vendor/lib/libOgreOverlay.so
[3.400s] -- rviz_ogre_vendor::OgreOverlay for IMPORTED_LOCATION_DEBUG: /opt/ros/humble/opt/rviz_ogre_vendor/lib/libOgreOverlay.so
[3.400s] -- rviz_ogre_vendor::OgreMain for IMPORTED_LOCATION_RELEASE: /opt/ros/humble/opt/rviz_ogre_vendor/lib/libOgreMain.so
[3.400s] -- rviz_ogre_vendor::OgreMain for IMPORTED_LOCATION_DEBUG: /opt/ros/humble/opt/rviz_ogre_vendor/lib/libOgreMain.so
[3.481s] -- Found ZLIB: /usr/lib/x86_64-linux-gnu/libz.so (found version "1.2.11") 
[3.491s] -- Found OpenGL: /usr/lib/x86_64-linux-gnu/libOpenGL.so   
[3.686s] -- Found X11: /usr/include   
[3.687s] -- Looking for XOpenDisplay in /usr/lib/x86_64-linux-gnu/libX11.so;/usr/lib/x86_64-linux-gnu/libXext.so
[3.826s] -- Looking for XOpenDisplay in /usr/lib/x86_64-linux-gnu/libX11.so;/usr/lib/x86_64-linux-gnu/libXext.so - found
[3.827s] -- Looking for gethostbyname
[3.959s] -- Looking for gethostbyname - found
[3.959s] -- Looking for connect
[4.085s] -- Looking for connect - found
[4.085s] -- Looking for remove
[4.211s] -- Looking for remove - found
[4.212s] -- Looking for shmat
[4.339s] -- Looking for shmat - found
[4.339s] -- Looking for IceConnectionNumber in ICE
[4.471s] -- Looking for IceConnectionNumber in ICE - found
[4.631s] -- library: /usr/lib/x86_64-linux-gnu/libcurl.so
[4.824s] -- Found ament_lint_auto: 0.12.12 (/opt/ros/humble/share/ament_lint_auto/cmake)
[5.026s] -- Added test 'flake8' to check Python code syntax and style conventions
[5.028s] -- Added test 'lint_cmake' to check CMake code style
[5.029s] -- Added test 'pep257' to check Python code against some of the docstring style conventions in PEP 257
[5.033s] -- Added test 'xmllint' to check XML markup files
[5.036s] -- Configuring done
[5.051s] -- Generating done
[5.057s] -- Build files have been written to: /home/aladine/memoir/slam_yolo/yolobot/build/yolobot_slam
[5.082s] Invoked command in '/home/aladine/memoir/slam_yolo/yolobot/build/yolobot_slam' returned '0': CMAKE_PREFIX_PATH=/opt/ros/humble VIRTUAL_ENV_PROMPT=(ros2_env) /usr/bin/cmake /home/aladine/memoir/slam_yolo/yolobot/src/yolobot_slam -DCMAKE_INSTALL_PREFIX=/home/aladine/memoir/slam_yolo/yolobot/install/yolobot_slam
[5.086s] Invoking command in '/home/aladine/memoir/slam_yolo/yolobot/build/yolobot_slam': CMAKE_PREFIX_PATH=/opt/ros/humble VIRTUAL_ENV_PROMPT=(ros2_env) /usr/bin/cmake --build /home/aladine/memoir/slam_yolo/yolobot/build/yolobot_slam -- -j4 -l4
[5.160s] Invoked command in '/home/aladine/memoir/slam_yolo/yolobot/build/yolobot_slam' returned '0': CMAKE_PREFIX_PATH=/opt/ros/humble VIRTUAL_ENV_PROMPT=(ros2_env) /usr/bin/cmake --build /home/aladine/memoir/slam_yolo/yolobot/build/yolobot_slam -- -j4 -l4
[5.176s] Invoking command in '/home/aladine/memoir/slam_yolo/yolobot/build/yolobot_slam': CMAKE_PREFIX_PATH=/opt/ros/humble VIRTUAL_ENV_PROMPT=(ros2_env) /usr/bin/cmake --install /home/aladine/memoir/slam_yolo/yolobot/build/yolobot_slam
[5.191s] -- Install configuration: ""
[5.191s] -- Installing: /home/aladine/memoir/slam_yolo/yolobot/install/yolobot_slam/share/yolobot_slam/launch
[5.192s] -- Installing: /home/aladine/memoir/slam_yolo/yolobot/install/yolobot_slam/share/yolobot_slam/launch/slam_toolbox.launch.py
[5.192s] -- Installing: /home/aladine/memoir/slam_yolo/yolobot/install/yolobot_slam/share/yolobot_slam/launch/yolobot_with_slam.launch.py
[5.192s] -- Installing: /home/aladine/memoir/slam_yolo/yolobot/install/yolobot_slam/share/yolobot_slam/config
[5.192s] -- Installing: /home/aladine/memoir/slam_yolo/yolobot/install/yolobot_slam/share/yolobot_slam/config/slam.rviz
[5.193s] -- Installing: /home/aladine/memoir/slam_yolo/yolobot/install/yolobot_slam/share/yolobot_slam/config/mapper_params_online_async.yaml
[5.193s] -- Installing: /home/aladine/memoir/slam_yolo/yolobot/install/yolobot_slam/share/ament_index/resource_index/package_run_dependencies/yolobot_slam
[5.193s] -- Installing: /home/aladine/memoir/slam_yolo/yolobot/install/yolobot_slam/share/ament_index/resource_index/parent_prefix_path/yolobot_slam
[5.193s] -- Installing: /home/aladine/memoir/slam_yolo/yolobot/install/yolobot_slam/share/yolobot_slam/environment/ament_prefix_path.sh
[5.194s] -- Installing: /home/aladine/memoir/slam_yolo/yolobot/install/yolobot_slam/share/yolobot_slam/environment/ament_prefix_path.dsv
[5.194s] -- Installing: /home/aladine/memoir/slam_yolo/yolobot/install/yolobot_slam/share/yolobot_slam/environment/path.sh
[5.194s] -- Installing: /home/aladine/memoir/slam_yolo/yolobot/install/yolobot_slam/share/yolobot_slam/environment/path.dsv
[5.194s] -- Installing: /home/aladine/memoir/slam_yolo/yolobot/install/yolobot_slam/share/yolobot_slam/local_setup.bash
[5.195s] -- Installing: /home/aladine/memoir/slam_yolo/yolobot/install/yolobot_slam/share/yolobot_slam/local_setup.sh
[5.195s] -- Installing: /home/aladine/memoir/slam_yolo/yolobot/install/yolobot_slam/share/yolobot_slam/local_setup.zsh
[5.195s] -- Installing: /home/aladine/memoir/slam_yolo/yolobot/install/yolobot_slam/share/yolobot_slam/local_setup.dsv
[5.196s] -- Installing: /home/aladine/memoir/slam_yolo/yolobot/install/yolobot_slam/share/yolobot_slam/package.dsv
[5.196s] -- Installing: /home/aladine/memoir/slam_yolo/yolobot/install/yolobot_slam/share/ament_index/resource_index/packages/yolobot_slam
[5.197s] -- Installing: /home/aladine/memoir/slam_yolo/yolobot/install/yolobot_slam/share/yolobot_slam/cmake/yolobot_slamConfig.cmake
[5.197s] -- Installing: /home/aladine/memoir/slam_yolo/yolobot/install/yolobot_slam/share/yolobot_slam/cmake/yolobot_slamConfig-version.cmake
[5.197s] -- Installing: /home/aladine/memoir/slam_yolo/yolobot/install/yolobot_slam/share/yolobot_slam/package.xml
[5.201s] Invoked command in '/home/aladine/memoir/slam_yolo/yolobot/build/yolobot_slam' returned '0': CMAKE_PREFIX_PATH=/opt/ros/humble VIRTUAL_ENV_PROMPT=(ros2_env) /usr/bin/cmake --install /home/aladine/memoir/slam_yolo/yolobot/build/yolobot_slam
