[0.085s] Invoking command in '/home/aladine/memoir/slam_yolo/yolobot/build/yolov8_msgs': CMAKE_PREFIX_PATH=/opt/ros/humble VIRTUAL_ENV_PROMPT=(ros2_env) /usr/bin/cmake --build /home/aladine/memoir/slam_yolo/yolobot/build/yolov8_msgs -- -j4 -l4
[0.205s] [  2%] Built target yolov8_msgs__cpp
[0.236s] [ 12%] Built target yolov8_msgs__rosidl_generator_c
[0.285s] [ 12%] Built target ament_cmake_python_copy_yolov8_msgs
[0.315s] [ 23%] Built target yolov8_msgs__rosidl_typesupport_cpp
[0.316s] [ 33%] Built target yolov8_msgs__rosidl_typesupport_fastrtps_cpp
[0.329s] [ 43%] Built target yolov8_msgs__rosidl_typesupport_introspection_cpp
[0.376s] [ 53%] Built target yolov8_msgs__rosidl_typesupport_fastrtps_c
[0.399s] [ 64%] Built target yolov8_msgs__rosidl_typesupport_introspection_c
[0.403s] [ 74%] Built target yolov8_msgs__rosidl_typesupport_c
[0.445s] [ 74%] Built target yolov8_msgs
[0.480s] [ 76%] Built target yolov8_msgs__py
[0.515s] [ 84%] Built target yolov8_msgs__rosidl_generator_py
[0.572s] [ 89%] Built target yolov8_msgs__rosidl_typesupport_fastrtps_c__pyext
[0.577s] [ 94%] Built target yolov8_msgs__rosidl_typesupport_c__pyext
[0.587s] [100%] Built target yolov8_msgs__rosidl_typesupport_introspection_c__pyext
[0.716s] running egg_info
[0.746s] writing yolov8_msgs.egg-info/PKG-INFO
[0.747s] writing dependency_links to yolov8_msgs.egg-info/dependency_links.txt
[0.747s] writing top-level names to yolov8_msgs.egg-info/top_level.txt
[0.808s] reading manifest file 'yolov8_msgs.egg-info/SOURCES.txt'
[0.810s] writing manifest file 'yolov8_msgs.egg-info/SOURCES.txt'
[0.861s] [100%] Built target ament_cmake_python_build_yolov8_msgs_egg
[0.877s] Invoked command in '/home/aladine/memoir/slam_yolo/yolobot/build/yolov8_msgs' returned '0': CMAKE_PREFIX_PATH=/opt/ros/humble VIRTUAL_ENV_PROMPT=(ros2_env) /usr/bin/cmake --build /home/aladine/memoir/slam_yolo/yolobot/build/yolov8_msgs -- -j4 -l4
[0.880s] Invoking command in '/home/aladine/memoir/slam_yolo/yolobot/build/yolov8_msgs': CMAKE_PREFIX_PATH=/opt/ros/humble VIRTUAL_ENV_PROMPT=(ros2_env) /usr/bin/cmake --install /home/aladine/memoir/slam_yolo/yolobot/build/yolov8_msgs
[0.890s] -- Install configuration: ""
[0.891s] -- Up-to-date: /home/aladine/memoir/slam_yolo/yolobot/install/yolov8_msgs/share/ament_index/resource_index/rosidl_interfaces/yolov8_msgs
[0.891s] -- Up-to-date: /home/aladine/memoir/slam_yolo/yolobot/install/yolov8_msgs/include/yolov8_msgs/yolov8_msgs
[0.891s] -- Up-to-date: /home/aladine/memoir/slam_yolo/yolobot/install/yolov8_msgs/include/yolov8_msgs/yolov8_msgs/msg
[0.891s] -- Up-to-date: /home/aladine/memoir/slam_yolo/yolobot/install/yolov8_msgs/include/yolov8_msgs/yolov8_msgs/msg/inference_result.h
[0.891s] -- Up-to-date: /home/aladine/memoir/slam_yolo/yolobot/install/yolov8_msgs/include/yolov8_msgs/yolov8_msgs/msg/detail
[0.892s] -- Up-to-date: /home/aladine/memoir/slam_yolo/yolobot/install/yolov8_msgs/include/yolov8_msgs/yolov8_msgs/msg/detail/inference_result__functions.c
[0.892s] -- Up-to-date: /home/aladine/memoir/slam_yolo/yolobot/install/yolov8_msgs/include/yolov8_msgs/yolov8_msgs/msg/detail/yolov8_inference__type_support.h
[0.892s] -- Up-to-date: /home/aladine/memoir/slam_yolo/yolobot/install/yolov8_msgs/include/yolov8_msgs/yolov8_msgs/msg/detail/inference_result__functions.h
[0.892s] -- Up-to-date: /home/aladine/memoir/slam_yolo/yolobot/install/yolov8_msgs/include/yolov8_msgs/yolov8_msgs/msg/detail/yolov8_inference__functions.h
[0.892s] -- Up-to-date: /home/aladine/memoir/slam_yolo/yolobot/install/yolov8_msgs/include/yolov8_msgs/yolov8_msgs/msg/detail/inference_result__type_support.h
[0.892s] -- Up-to-date: /home/aladine/memoir/slam_yolo/yolobot/install/yolov8_msgs/include/yolov8_msgs/yolov8_msgs/msg/detail/inference_result__struct.h
[0.892s] -- Up-to-date: /home/aladine/memoir/slam_yolo/yolobot/install/yolov8_msgs/include/yolov8_msgs/yolov8_msgs/msg/detail/yolov8_inference__struct.h
[0.892s] -- Up-to-date: /home/aladine/memoir/slam_yolo/yolobot/install/yolov8_msgs/include/yolov8_msgs/yolov8_msgs/msg/detail/yolov8_inference__functions.c
[0.893s] -- Up-to-date: /home/aladine/memoir/slam_yolo/yolobot/install/yolov8_msgs/include/yolov8_msgs/yolov8_msgs/msg/yolov8_inference.h
[0.893s] -- Up-to-date: /home/aladine/memoir/slam_yolo/yolobot/install/yolov8_msgs/include/yolov8_msgs/yolov8_msgs/msg/rosidl_generator_c__visibility_control.h
[0.893s] -- Up-to-date: /home/aladine/memoir/slam_yolo/yolobot/install/yolov8_msgs/share/yolov8_msgs/environment/library_path.sh
[0.893s] -- Up-to-date: /home/aladine/memoir/slam_yolo/yolobot/install/yolov8_msgs/share/yolov8_msgs/environment/library_path.dsv
[0.894s] -- Up-to-date: /home/aladine/memoir/slam_yolo/yolobot/install/yolov8_msgs/lib/libyolov8_msgs__rosidl_generator_c.so
[0.895s] -- Up-to-date: /home/aladine/memoir/slam_yolo/yolobot/install/yolov8_msgs/include/yolov8_msgs/yolov8_msgs
[0.895s] -- Up-to-date: /home/aladine/memoir/slam_yolo/yolobot/install/yolov8_msgs/include/yolov8_msgs/yolov8_msgs/msg
[0.895s] -- Up-to-date: /home/aladine/memoir/slam_yolo/yolobot/install/yolov8_msgs/include/yolov8_msgs/yolov8_msgs/msg/rosidl_typesupport_fastrtps_c__visibility_control.h
[0.896s] -- Up-to-date: /home/aladine/memoir/slam_yolo/yolobot/install/yolov8_msgs/include/yolov8_msgs/yolov8_msgs/msg/detail
[0.896s] -- Up-to-date: /home/aladine/memoir/slam_yolo/yolobot/install/yolov8_msgs/include/yolov8_msgs/yolov8_msgs/msg/detail/inference_result__rosidl_typesupport_fastrtps_c.h
[0.896s] -- Up-to-date: /home/aladine/memoir/slam_yolo/yolobot/install/yolov8_msgs/include/yolov8_msgs/yolov8_msgs/msg/detail/yolov8_inference__rosidl_typesupport_fastrtps_c.h
[0.896s] -- Up-to-date: /home/aladine/memoir/slam_yolo/yolobot/install/yolov8_msgs/lib/libyolov8_msgs__rosidl_typesupport_fastrtps_c.so
[0.896s] -- Up-to-date: /home/aladine/memoir/slam_yolo/yolobot/install/yolov8_msgs/include/yolov8_msgs/yolov8_msgs
[0.896s] -- Up-to-date: /home/aladine/memoir/slam_yolo/yolobot/install/yolov8_msgs/include/yolov8_msgs/yolov8_msgs/msg
[0.897s] -- Up-to-date: /home/aladine/memoir/slam_yolo/yolobot/install/yolov8_msgs/include/yolov8_msgs/yolov8_msgs/msg/rosidl_generator_cpp__visibility_control.hpp
[0.897s] -- Up-to-date: /home/aladine/memoir/slam_yolo/yolobot/install/yolov8_msgs/include/yolov8_msgs/yolov8_msgs/msg/yolov8_inference.hpp
[0.897s] -- Up-to-date: /home/aladine/memoir/slam_yolo/yolobot/install/yolov8_msgs/include/yolov8_msgs/yolov8_msgs/msg/detail
[0.897s] -- Up-to-date: /home/aladine/memoir/slam_yolo/yolobot/install/yolov8_msgs/include/yolov8_msgs/yolov8_msgs/msg/detail/inference_result__type_support.hpp
[0.897s] -- Up-to-date: /home/aladine/memoir/slam_yolo/yolobot/install/yolov8_msgs/include/yolov8_msgs/yolov8_msgs/msg/detail/yolov8_inference__type_support.hpp
[0.898s] -- Up-to-date: /home/aladine/memoir/slam_yolo/yolobot/install/yolov8_msgs/include/yolov8_msgs/yolov8_msgs/msg/detail/inference_result__traits.hpp
[0.898s] -- Up-to-date: /home/aladine/memoir/slam_yolo/yolobot/install/yolov8_msgs/include/yolov8_msgs/yolov8_msgs/msg/detail/yolov8_inference__builder.hpp
[0.898s] -- Up-to-date: /home/aladine/memoir/slam_yolo/yolobot/install/yolov8_msgs/include/yolov8_msgs/yolov8_msgs/msg/detail/inference_result__struct.hpp
[0.898s] -- Up-to-date: /home/aladine/memoir/slam_yolo/yolobot/install/yolov8_msgs/include/yolov8_msgs/yolov8_msgs/msg/detail/yolov8_inference__traits.hpp
[0.898s] -- Up-to-date: /home/aladine/memoir/slam_yolo/yolobot/install/yolov8_msgs/include/yolov8_msgs/yolov8_msgs/msg/detail/yolov8_inference__struct.hpp
[0.898s] -- Up-to-date: /home/aladine/memoir/slam_yolo/yolobot/install/yolov8_msgs/include/yolov8_msgs/yolov8_msgs/msg/detail/inference_result__builder.hpp
[0.898s] -- Up-to-date: /home/aladine/memoir/slam_yolo/yolobot/install/yolov8_msgs/include/yolov8_msgs/yolov8_msgs/msg/inference_result.hpp
[0.899s] -- Up-to-date: /home/aladine/memoir/slam_yolo/yolobot/install/yolov8_msgs/include/yolov8_msgs/yolov8_msgs
[0.899s] -- Up-to-date: /home/aladine/memoir/slam_yolo/yolobot/install/yolov8_msgs/include/yolov8_msgs/yolov8_msgs/msg
[0.899s] -- Up-to-date: /home/aladine/memoir/slam_yolo/yolobot/install/yolov8_msgs/include/yolov8_msgs/yolov8_msgs/msg/rosidl_typesupport_fastrtps_cpp__visibility_control.h
[0.899s] -- Up-to-date: /home/aladine/memoir/slam_yolo/yolobot/install/yolov8_msgs/include/yolov8_msgs/yolov8_msgs/msg/detail
[0.899s] -- Up-to-date: /home/aladine/memoir/slam_yolo/yolobot/install/yolov8_msgs/include/yolov8_msgs/yolov8_msgs/msg/detail/inference_result__rosidl_typesupport_fastrtps_cpp.hpp
[0.899s] -- Up-to-date: /home/aladine/memoir/slam_yolo/yolobot/install/yolov8_msgs/include/yolov8_msgs/yolov8_msgs/msg/detail/dds_fastrtps
[0.900s] -- Up-to-date: /home/aladine/memoir/slam_yolo/yolobot/install/yolov8_msgs/include/yolov8_msgs/yolov8_msgs/msg/detail/yolov8_inference__rosidl_typesupport_fastrtps_cpp.hpp
[0.900s] -- Up-to-date: /home/aladine/memoir/slam_yolo/yolobot/install/yolov8_msgs/lib/libyolov8_msgs__rosidl_typesupport_fastrtps_cpp.so
[0.900s] -- Up-to-date: /home/aladine/memoir/slam_yolo/yolobot/install/yolov8_msgs/include/yolov8_msgs/yolov8_msgs
[0.900s] -- Up-to-date: /home/aladine/memoir/slam_yolo/yolobot/install/yolov8_msgs/include/yolov8_msgs/yolov8_msgs/msg
[0.900s] -- Up-to-date: /home/aladine/memoir/slam_yolo/yolobot/install/yolov8_msgs/include/yolov8_msgs/yolov8_msgs/msg/rosidl_typesupport_introspection_c__visibility_control.h
[0.900s] -- Up-to-date: /home/aladine/memoir/slam_yolo/yolobot/install/yolov8_msgs/include/yolov8_msgs/yolov8_msgs/msg/detail
[0.900s] -- Up-to-date: /home/aladine/memoir/slam_yolo/yolobot/install/yolov8_msgs/include/yolov8_msgs/yolov8_msgs/msg/detail/yolov8_inference__type_support.c
[0.901s] -- Up-to-date: /home/aladine/memoir/slam_yolo/yolobot/install/yolov8_msgs/include/yolov8_msgs/yolov8_msgs/msg/detail/yolov8_inference__rosidl_typesupport_introspection_c.h
[0.901s] -- Up-to-date: /home/aladine/memoir/slam_yolo/yolobot/install/yolov8_msgs/include/yolov8_msgs/yolov8_msgs/msg/detail/inference_result__type_support.c
[0.901s] -- Up-to-date: /home/aladine/memoir/slam_yolo/yolobot/install/yolov8_msgs/include/yolov8_msgs/yolov8_msgs/msg/detail/inference_result__rosidl_typesupport_introspection_c.h
[0.901s] -- Up-to-date: /home/aladine/memoir/slam_yolo/yolobot/install/yolov8_msgs/lib/libyolov8_msgs__rosidl_typesupport_introspection_c.so
[0.901s] -- Up-to-date: /home/aladine/memoir/slam_yolo/yolobot/install/yolov8_msgs/lib/libyolov8_msgs__rosidl_typesupport_c.so
[0.901s] -- Up-to-date: /home/aladine/memoir/slam_yolo/yolobot/install/yolov8_msgs/include/yolov8_msgs/yolov8_msgs
[0.901s] -- Up-to-date: /home/aladine/memoir/slam_yolo/yolobot/install/yolov8_msgs/include/yolov8_msgs/yolov8_msgs/msg
[0.901s] -- Up-to-date: /home/aladine/memoir/slam_yolo/yolobot/install/yolov8_msgs/include/yolov8_msgs/yolov8_msgs/msg/detail
[0.902s] -- Up-to-date: /home/aladine/memoir/slam_yolo/yolobot/install/yolov8_msgs/include/yolov8_msgs/yolov8_msgs/msg/detail/yolov8_inference__type_support.cpp
[0.902s] -- Up-to-date: /home/aladine/memoir/slam_yolo/yolobot/install/yolov8_msgs/include/yolov8_msgs/yolov8_msgs/msg/detail/yolov8_inference__rosidl_typesupport_introspection_cpp.hpp
[0.902s] -- Up-to-date: /home/aladine/memoir/slam_yolo/yolobot/install/yolov8_msgs/include/yolov8_msgs/yolov8_msgs/msg/detail/inference_result__rosidl_typesupport_introspection_cpp.hpp
[0.902s] -- Up-to-date: /home/aladine/memoir/slam_yolo/yolobot/install/yolov8_msgs/include/yolov8_msgs/yolov8_msgs/msg/detail/inference_result__type_support.cpp
[0.902s] -- Up-to-date: /home/aladine/memoir/slam_yolo/yolobot/install/yolov8_msgs/lib/libyolov8_msgs__rosidl_typesupport_introspection_cpp.so
[0.903s] -- Up-to-date: /home/aladine/memoir/slam_yolo/yolobot/install/yolov8_msgs/lib/libyolov8_msgs__rosidl_typesupport_cpp.so
[0.903s] -- Up-to-date: /home/aladine/memoir/slam_yolo/yolobot/install/yolov8_msgs/share/yolov8_msgs/environment/pythonpath.sh
[0.903s] -- Up-to-date: /home/aladine/memoir/slam_yolo/yolobot/install/yolov8_msgs/share/yolov8_msgs/environment/pythonpath.dsv
[0.903s] -- Up-to-date: /home/aladine/memoir/slam_yolo/yolobot/install/yolov8_msgs/lib/python3.10/site-packages/yolov8_msgs-0.0.0-py3.10.egg-info
[0.903s] -- Installing: /home/aladine/memoir/slam_yolo/yolobot/install/yolov8_msgs/lib/python3.10/site-packages/yolov8_msgs-0.0.0-py3.10.egg-info/dependency_links.txt
[0.903s] -- Installing: /home/aladine/memoir/slam_yolo/yolobot/install/yolov8_msgs/lib/python3.10/site-packages/yolov8_msgs-0.0.0-py3.10.egg-info/SOURCES.txt
[0.904s] -- Installing: /home/aladine/memoir/slam_yolo/yolobot/install/yolov8_msgs/lib/python3.10/site-packages/yolov8_msgs-0.0.0-py3.10.egg-info/top_level.txt
[0.904s] -- Installing: /home/aladine/memoir/slam_yolo/yolobot/install/yolov8_msgs/lib/python3.10/site-packages/yolov8_msgs-0.0.0-py3.10.egg-info/PKG-INFO
[0.904s] -- Up-to-date: /home/aladine/memoir/slam_yolo/yolobot/install/yolov8_msgs/lib/python3.10/site-packages/yolov8_msgs
[0.904s] -- Up-to-date: /home/aladine/memoir/slam_yolo/yolobot/install/yolov8_msgs/lib/python3.10/site-packages/yolov8_msgs/_yolov8_msgs_s.ep.rosidl_typesupport_fastrtps_c.c
[0.905s] -- Up-to-date: /home/aladine/memoir/slam_yolo/yolobot/install/yolov8_msgs/lib/python3.10/site-packages/yolov8_msgs/yolov8_msgs_s__rosidl_typesupport_c.cpython-310-x86_64-linux-gnu.so
[0.905s] -- Up-to-date: /home/aladine/memoir/slam_yolo/yolobot/install/yolov8_msgs/lib/python3.10/site-packages/yolov8_msgs/_yolov8_msgs_s.ep.rosidl_typesupport_introspection_c.c
[0.905s] -- Up-to-date: /home/aladine/memoir/slam_yolo/yolobot/install/yolov8_msgs/lib/python3.10/site-packages/yolov8_msgs/yolov8_msgs_s__rosidl_typesupport_fastrtps_c.cpython-310-x86_64-linux-gnu.so
[0.905s] -- Up-to-date: /home/aladine/memoir/slam_yolo/yolobot/install/yolov8_msgs/lib/python3.10/site-packages/yolov8_msgs/_yolov8_msgs_s.ep.rosidl_typesupport_c.c
[0.905s] -- Up-to-date: /home/aladine/memoir/slam_yolo/yolobot/install/yolov8_msgs/lib/python3.10/site-packages/yolov8_msgs/yolov8_msgs_s__rosidl_typesupport_introspection_c.cpython-310-x86_64-linux-gnu.so
[0.905s] -- Up-to-date: /home/aladine/memoir/slam_yolo/yolobot/install/yolov8_msgs/lib/python3.10/site-packages/yolov8_msgs/__init__.py
[0.906s] -- Up-to-date: /home/aladine/memoir/slam_yolo/yolobot/install/yolov8_msgs/lib/python3.10/site-packages/yolov8_msgs/libyolov8_msgs__rosidl_generator_py.so
[0.906s] -- Up-to-date: /home/aladine/memoir/slam_yolo/yolobot/install/yolov8_msgs/lib/python3.10/site-packages/yolov8_msgs/msg
[0.906s] -- Up-to-date: /home/aladine/memoir/slam_yolo/yolobot/install/yolov8_msgs/lib/python3.10/site-packages/yolov8_msgs/msg/_inference_result_s.c
[0.906s] -- Up-to-date: /home/aladine/memoir/slam_yolo/yolobot/install/yolov8_msgs/lib/python3.10/site-packages/yolov8_msgs/msg/_yolov8_inference_s.c
[0.906s] -- Up-to-date: /home/aladine/memoir/slam_yolo/yolobot/install/yolov8_msgs/lib/python3.10/site-packages/yolov8_msgs/msg/_yolov8_inference.py
[0.906s] -- Up-to-date: /home/aladine/memoir/slam_yolo/yolobot/install/yolov8_msgs/lib/python3.10/site-packages/yolov8_msgs/msg/__init__.py
[0.907s] -- Up-to-date: /home/aladine/memoir/slam_yolo/yolobot/install/yolov8_msgs/lib/python3.10/site-packages/yolov8_msgs/msg/_inference_result.py
[0.957s] Listing '/home/aladine/memoir/slam_yolo/yolobot/install/yolov8_msgs/lib/python3.10/site-packages/yolov8_msgs'...
[0.957s] Listing '/home/aladine/memoir/slam_yolo/yolobot/install/yolov8_msgs/lib/python3.10/site-packages/yolov8_msgs/msg'...
[0.964s] -- Up-to-date: /home/aladine/memoir/slam_yolo/yolobot/install/yolov8_msgs/lib/python3.10/site-packages/yolov8_msgs/yolov8_msgs_s__rosidl_typesupport_fastrtps_c.cpython-310-x86_64-linux-gnu.so
[0.965s] -- Up-to-date: /home/aladine/memoir/slam_yolo/yolobot/install/yolov8_msgs/lib/python3.10/site-packages/yolov8_msgs/yolov8_msgs_s__rosidl_typesupport_introspection_c.cpython-310-x86_64-linux-gnu.so
[0.965s] -- Up-to-date: /home/aladine/memoir/slam_yolo/yolobot/install/yolov8_msgs/lib/python3.10/site-packages/yolov8_msgs/yolov8_msgs_s__rosidl_typesupport_c.cpython-310-x86_64-linux-gnu.so
[0.966s] -- Up-to-date: /home/aladine/memoir/slam_yolo/yolobot/install/yolov8_msgs/lib/libyolov8_msgs__rosidl_generator_py.so
[0.967s] -- Up-to-date: /home/aladine/memoir/slam_yolo/yolobot/install/yolov8_msgs/share/yolov8_msgs/msg/InferenceResult.idl
[0.967s] -- Up-to-date: /home/aladine/memoir/slam_yolo/yolobot/install/yolov8_msgs/share/yolov8_msgs/msg/Yolov8Inference.idl
[0.967s] -- Up-to-date: /home/aladine/memoir/slam_yolo/yolobot/install/yolov8_msgs/share/yolov8_msgs/msg/InferenceResult.msg
[0.967s] -- Up-to-date: /home/aladine/memoir/slam_yolo/yolobot/install/yolov8_msgs/share/yolov8_msgs/msg/Yolov8Inference.msg
[0.967s] -- Up-to-date: /home/aladine/memoir/slam_yolo/yolobot/install/yolov8_msgs/share/ament_index/resource_index/package_run_dependencies/yolov8_msgs
[0.968s] -- Up-to-date: /home/aladine/memoir/slam_yolo/yolobot/install/yolov8_msgs/share/ament_index/resource_index/parent_prefix_path/yolov8_msgs
[0.968s] -- Up-to-date: /home/aladine/memoir/slam_yolo/yolobot/install/yolov8_msgs/share/yolov8_msgs/environment/ament_prefix_path.sh
[0.968s] -- Up-to-date: /home/aladine/memoir/slam_yolo/yolobot/install/yolov8_msgs/share/yolov8_msgs/environment/ament_prefix_path.dsv
[0.968s] -- Up-to-date: /home/aladine/memoir/slam_yolo/yolobot/install/yolov8_msgs/share/yolov8_msgs/environment/path.sh
[0.968s] -- Up-to-date: /home/aladine/memoir/slam_yolo/yolobot/install/yolov8_msgs/share/yolov8_msgs/environment/path.dsv
[0.969s] -- Up-to-date: /home/aladine/memoir/slam_yolo/yolobot/install/yolov8_msgs/share/yolov8_msgs/local_setup.bash
[0.969s] -- Up-to-date: /home/aladine/memoir/slam_yolo/yolobot/install/yolov8_msgs/share/yolov8_msgs/local_setup.sh
[0.969s] -- Up-to-date: /home/aladine/memoir/slam_yolo/yolobot/install/yolov8_msgs/share/yolov8_msgs/local_setup.zsh
[0.969s] -- Up-to-date: /home/aladine/memoir/slam_yolo/yolobot/install/yolov8_msgs/share/yolov8_msgs/local_setup.dsv
[0.969s] -- Installing: /home/aladine/memoir/slam_yolo/yolobot/install/yolov8_msgs/share/yolov8_msgs/package.dsv
[0.970s] -- Up-to-date: /home/aladine/memoir/slam_yolo/yolobot/install/yolov8_msgs/share/ament_index/resource_index/packages/yolov8_msgs
[0.970s] -- Up-to-date: /home/aladine/memoir/slam_yolo/yolobot/install/yolov8_msgs/share/yolov8_msgs/cmake/export_yolov8_msgs__rosidl_generator_cExport.cmake
[0.970s] -- Up-to-date: /home/aladine/memoir/slam_yolo/yolobot/install/yolov8_msgs/share/yolov8_msgs/cmake/export_yolov8_msgs__rosidl_generator_cExport-noconfig.cmake
[0.970s] -- Up-to-date: /home/aladine/memoir/slam_yolo/yolobot/install/yolov8_msgs/share/yolov8_msgs/cmake/export_yolov8_msgs__rosidl_typesupport_fastrtps_cExport.cmake
[0.970s] -- Up-to-date: /home/aladine/memoir/slam_yolo/yolobot/install/yolov8_msgs/share/yolov8_msgs/cmake/export_yolov8_msgs__rosidl_typesupport_fastrtps_cExport-noconfig.cmake
[0.971s] -- Up-to-date: /home/aladine/memoir/slam_yolo/yolobot/install/yolov8_msgs/share/yolov8_msgs/cmake/export_yolov8_msgs__rosidl_generator_cppExport.cmake
[0.971s] -- Up-to-date: /home/aladine/memoir/slam_yolo/yolobot/install/yolov8_msgs/share/yolov8_msgs/cmake/export_yolov8_msgs__rosidl_typesupport_fastrtps_cppExport.cmake
[0.971s] -- Up-to-date: /home/aladine/memoir/slam_yolo/yolobot/install/yolov8_msgs/share/yolov8_msgs/cmake/export_yolov8_msgs__rosidl_typesupport_fastrtps_cppExport-noconfig.cmake
[0.971s] -- Up-to-date: /home/aladine/memoir/slam_yolo/yolobot/install/yolov8_msgs/share/yolov8_msgs/cmake/yolov8_msgs__rosidl_typesupport_introspection_cExport.cmake
[0.971s] -- Up-to-date: /home/aladine/memoir/slam_yolo/yolobot/install/yolov8_msgs/share/yolov8_msgs/cmake/yolov8_msgs__rosidl_typesupport_introspection_cExport-noconfig.cmake
[0.971s] -- Up-to-date: /home/aladine/memoir/slam_yolo/yolobot/install/yolov8_msgs/share/yolov8_msgs/cmake/yolov8_msgs__rosidl_typesupport_cExport.cmake
[0.972s] -- Up-to-date: /home/aladine/memoir/slam_yolo/yolobot/install/yolov8_msgs/share/yolov8_msgs/cmake/yolov8_msgs__rosidl_typesupport_cExport-noconfig.cmake
[0.972s] -- Up-to-date: /home/aladine/memoir/slam_yolo/yolobot/install/yolov8_msgs/share/yolov8_msgs/cmake/yolov8_msgs__rosidl_typesupport_introspection_cppExport.cmake
[0.972s] -- Up-to-date: /home/aladine/memoir/slam_yolo/yolobot/install/yolov8_msgs/share/yolov8_msgs/cmake/yolov8_msgs__rosidl_typesupport_introspection_cppExport-noconfig.cmake
[0.972s] -- Up-to-date: /home/aladine/memoir/slam_yolo/yolobot/install/yolov8_msgs/share/yolov8_msgs/cmake/yolov8_msgs__rosidl_typesupport_cppExport.cmake
[0.972s] -- Up-to-date: /home/aladine/memoir/slam_yolo/yolobot/install/yolov8_msgs/share/yolov8_msgs/cmake/yolov8_msgs__rosidl_typesupport_cppExport-noconfig.cmake
[0.972s] -- Up-to-date: /home/aladine/memoir/slam_yolo/yolobot/install/yolov8_msgs/share/yolov8_msgs/cmake/export_yolov8_msgs__rosidl_generator_pyExport.cmake
[0.972s] -- Up-to-date: /home/aladine/memoir/slam_yolo/yolobot/install/yolov8_msgs/share/yolov8_msgs/cmake/export_yolov8_msgs__rosidl_generator_pyExport-noconfig.cmake
[0.972s] -- Up-to-date: /home/aladine/memoir/slam_yolo/yolobot/install/yolov8_msgs/share/yolov8_msgs/cmake/rosidl_cmake-extras.cmake
[0.973s] -- Up-to-date: /home/aladine/memoir/slam_yolo/yolobot/install/yolov8_msgs/share/yolov8_msgs/cmake/ament_cmake_export_dependencies-extras.cmake
[0.973s] -- Up-to-date: /home/aladine/memoir/slam_yolo/yolobot/install/yolov8_msgs/share/yolov8_msgs/cmake/ament_cmake_export_include_directories-extras.cmake
[0.973s] -- Up-to-date: /home/aladine/memoir/slam_yolo/yolobot/install/yolov8_msgs/share/yolov8_msgs/cmake/ament_cmake_export_libraries-extras.cmake
[0.973s] -- Up-to-date: /home/aladine/memoir/slam_yolo/yolobot/install/yolov8_msgs/share/yolov8_msgs/cmake/ament_cmake_export_targets-extras.cmake
[0.973s] -- Up-to-date: /home/aladine/memoir/slam_yolo/yolobot/install/yolov8_msgs/share/yolov8_msgs/cmake/rosidl_cmake_export_typesupport_targets-extras.cmake
[0.973s] -- Up-to-date: /home/aladine/memoir/slam_yolo/yolobot/install/yolov8_msgs/share/yolov8_msgs/cmake/rosidl_cmake_export_typesupport_libraries-extras.cmake
[0.973s] -- Up-to-date: /home/aladine/memoir/slam_yolo/yolobot/install/yolov8_msgs/share/yolov8_msgs/cmake/yolov8_msgsConfig.cmake
[0.973s] -- Up-to-date: /home/aladine/memoir/slam_yolo/yolobot/install/yolov8_msgs/share/yolov8_msgs/cmake/yolov8_msgsConfig-version.cmake
[0.973s] -- Up-to-date: /home/aladine/memoir/slam_yolo/yolobot/install/yolov8_msgs/share/yolov8_msgs/package.xml
[0.975s] Invoked command in '/home/aladine/memoir/slam_yolo/yolobot/build/yolov8_msgs' returned '0': CMAKE_PREFIX_PATH=/opt/ros/humble VIRTUAL_ENV_PROMPT=(ros2_env) /usr/bin/cmake --install /home/aladine/memoir/slam_yolo/yolobot/build/yolov8_msgs
