[0.108s] Invoking command in '/home/aladine/memoir/slam_yolo/yolobot/build/yolobot_slam': CMAKE_PREFIX_PATH=${CMAKE_PREFIX_PATH}:/opt/ros/humble VIRTUAL_ENV_PROMPT=(ros2_env) /usr/bin/cmake --build /home/aladine/memoir/slam_yolo/yolobot/build/yolobot_slam -- -j4 -l4
[0.208s] Invoked command in '/home/aladine/memoir/slam_yolo/yolobot/build/yolobot_slam' returned '0': CMAKE_PREFIX_PATH=${CMAKE_PREFIX_PATH}:/opt/ros/humble VIRTUAL_ENV_PROMPT=(ros2_env) /usr/bin/cmake --build /home/aladine/memoir/slam_yolo/yolobot/build/yolobot_slam -- -j4 -l4
[0.209s] Invoking command in '/home/aladine/memoir/slam_yolo/yolobot/build/yolobot_slam': CMAKE_PREFIX_PATH=${CMAKE_PREFIX_PATH}:/opt/ros/humble VIRTUAL_ENV_PROMPT=(ros2_env) /usr/bin/cmake --install /home/aladine/memoir/slam_yolo/yolobot/build/yolobot_slam
[0.232s] -- Install configuration: ""
[0.233s] -- Up-to-date: /home/aladine/memoir/slam_yolo/yolobot/install/yolobot_slam/share/yolobot_slam/launch
[0.233s] -- Up-to-date: /home/aladine/memoir/slam_yolo/yolobot/install/yolobot_slam/share/yolobot_slam/launch/yolobot_maze_slam.launch.py
[0.233s] -- Up-to-date: /home/aladine/memoir/slam_yolo/yolobot/install/yolobot_slam/share/yolobot_slam/launch/slam_toolbox.launch.py
[0.233s] -- Up-to-date: /home/aladine/memoir/slam_yolo/yolobot/install/yolobot_slam/share/yolobot_slam/launch/teleop.launch.py
[0.234s] -- Up-to-date: /home/aladine/memoir/slam_yolo/yolobot/install/yolobot_slam/share/yolobot_slam/launch/lidar_visualizer.launch.py
[0.234s] -- Up-to-date: /home/aladine/memoir/slam_yolo/yolobot/install/yolobot_slam/share/yolobot_slam/launch/yolobot_with_slam.launch.py
[0.234s] -- Up-to-date: /home/aladine/memoir/slam_yolo/yolobot/install/yolobot_slam/share/yolobot_slam/config
[0.234s] -- Up-to-date: /home/aladine/memoir/slam_yolo/yolobot/install/yolobot_slam/share/yolobot_slam/config/slam.rviz
[0.234s] -- Up-to-date: /home/aladine/memoir/slam_yolo/yolobot/install/yolobot_slam/share/yolobot_slam/config/mapper_params_online_async.yaml
[0.234s] -- Up-to-date: /home/aladine/memoir/slam_yolo/yolobot/install/yolobot_slam/lib/yolobot_slam/teleop_keyboard.py
[0.234s] -- Up-to-date: /home/aladine/memoir/slam_yolo/yolobot/install/yolobot_slam/lib/yolobot_slam/lidar_visualizer.py
[0.234s] -- Up-to-date: /home/aladine/memoir/slam_yolo/yolobot/install/yolobot_slam/share/ament_index/resource_index/package_run_dependencies/yolobot_slam
[0.235s] -- Up-to-date: /home/aladine/memoir/slam_yolo/yolobot/install/yolobot_slam/share/ament_index/resource_index/parent_prefix_path/yolobot_slam
[0.235s] -- Up-to-date: /home/aladine/memoir/slam_yolo/yolobot/install/yolobot_slam/share/yolobot_slam/environment/ament_prefix_path.sh
[0.235s] -- Up-to-date: /home/aladine/memoir/slam_yolo/yolobot/install/yolobot_slam/share/yolobot_slam/environment/ament_prefix_path.dsv
[0.235s] -- Up-to-date: /home/aladine/memoir/slam_yolo/yolobot/install/yolobot_slam/share/yolobot_slam/environment/path.sh
[0.235s] -- Up-to-date: /home/aladine/memoir/slam_yolo/yolobot/install/yolobot_slam/share/yolobot_slam/environment/path.dsv
[0.237s] -- Up-to-date: /home/aladine/memoir/slam_yolo/yolobot/install/yolobot_slam/share/yolobot_slam/local_setup.bash
[0.237s] -- Up-to-date: /home/aladine/memoir/slam_yolo/yolobot/install/yolobot_slam/share/yolobot_slam/local_setup.sh
[0.237s] -- Up-to-date: /home/aladine/memoir/slam_yolo/yolobot/install/yolobot_slam/share/yolobot_slam/local_setup.zsh
[0.237s] -- Up-to-date: /home/aladine/memoir/slam_yolo/yolobot/install/yolobot_slam/share/yolobot_slam/local_setup.dsv
[0.238s] -- Up-to-date: /home/aladine/memoir/slam_yolo/yolobot/install/yolobot_slam/share/yolobot_slam/package.dsv
[0.238s] -- Up-to-date: /home/aladine/memoir/slam_yolo/yolobot/install/yolobot_slam/share/ament_index/resource_index/packages/yolobot_slam
[0.238s] -- Up-to-date: /home/aladine/memoir/slam_yolo/yolobot/install/yolobot_slam/share/yolobot_slam/cmake/yolobot_slamConfig.cmake
[0.238s] -- Up-to-date: /home/aladine/memoir/slam_yolo/yolobot/install/yolobot_slam/share/yolobot_slam/cmake/yolobot_slamConfig-version.cmake
[0.238s] -- Up-to-date: /home/aladine/memoir/slam_yolo/yolobot/install/yolobot_slam/share/yolobot_slam/package.xml
[0.250s] Invoked command in '/home/aladine/memoir/slam_yolo/yolobot/build/yolobot_slam' returned '0': CMAKE_PREFIX_PATH=${CMAKE_PREFIX_PATH}:/opt/ros/humble VIRTUAL_ENV_PROMPT=(ros2_env) /usr/bin/cmake --install /home/aladine/memoir/slam_yolo/yolobot/build/yolobot_slam
