[0.068s] Invoking command in '/home/aladine/memoir/slam_yolo/yolobot/build/yolov8_msgs': CMAKE_PREFIX_PATH=/opt/ros/humble VIRTUAL_ENV_PROMPT=(ros2_env) /usr/bin/cmake --build /home/aladine/memoir/slam_yolo/yolobot/build/yolov8_msgs -- -j4 -l4
[0.197s] [  2%] Built target yolov8_msgs__cpp
[0.251s] [  2%] Built target ament_cmake_python_copy_yolov8_msgs
[0.271s] [35m[1mConsolidate compiler generated dependencies of target yolov8_msgs__rosidl_typesupport_fastrtps_cpp[0m
[0.294s] [ 12%] Built target yolov8_msgs__rosidl_typesupport_fastrtps_cpp
[0.314s] [35m[1mConsolidate compiler generated dependencies of target yolov8_msgs__rosidl_typesupport_introspection_cpp[0m
[0.337s] [ 23%] Built target yolov8_msgs__rosidl_typesupport_introspection_cpp
[0.660s] running egg_info
[0.681s] writing yolov8_msgs.egg-info/PKG-INFO
[0.681s] writing dependency_links to yolov8_msgs.egg-info/dependency_links.txt
[0.682s] writing top-level names to yolov8_msgs.egg-info/top_level.txt
[0.753s] reading manifest file 'yolov8_msgs.egg-info/SOURCES.txt'
[0.755s] writing manifest file 'yolov8_msgs.egg-info/SOURCES.txt'
[0.800s] [ 23%] Built target ament_cmake_python_build_yolov8_msgs_egg
[0.818s] [35m[1mConsolidate compiler generated dependencies of target yolov8_msgs__rosidl_typesupport_cpp[0m
[0.842s] [ 33%] Built target yolov8_msgs__rosidl_typesupport_cpp
[0.861s] [35m[1mConsolidate compiler generated dependencies of target yolov8_msgs__rosidl_generator_c[0m
[0.880s] [ 43%] Built target yolov8_msgs__rosidl_generator_c
[0.900s] [35m[1mConsolidate compiler generated dependencies of target yolov8_msgs__rosidl_typesupport_fastrtps_c[0m
[0.924s] [ 53%] Built target yolov8_msgs__rosidl_typesupport_fastrtps_c
[0.941s] [35m[1mConsolidate compiler generated dependencies of target yolov8_msgs__rosidl_typesupport_c[0m
[0.965s] [ 64%] Built target yolov8_msgs__rosidl_typesupport_c
[0.983s] [35m[1mConsolidate compiler generated dependencies of target yolov8_msgs__rosidl_typesupport_introspection_c[0m
[1.004s] [ 74%] Built target yolov8_msgs__rosidl_typesupport_introspection_c
[1.037s] [ 74%] Built target yolov8_msgs
[1.073s] [ 76%] Built target yolov8_msgs__py
[1.092s] [35m[1mConsolidate compiler generated dependencies of target yolov8_msgs__rosidl_generator_py[0m
[1.119s] [ 84%] Built target yolov8_msgs__rosidl_generator_py
[1.139s] [35m[1mConsolidate compiler generated dependencies of target yolov8_msgs__rosidl_typesupport_fastrtps_c__pyext[0m
[1.163s] [ 89%] Built target yolov8_msgs__rosidl_typesupport_fastrtps_c__pyext
[1.183s] [35m[1mConsolidate compiler generated dependencies of target yolov8_msgs__rosidl_typesupport_c__pyext[0m
[1.208s] [ 94%] Built target yolov8_msgs__rosidl_typesupport_c__pyext
[1.228s] [35m[1mConsolidate compiler generated dependencies of target yolov8_msgs__rosidl_typesupport_introspection_c__pyext[0m
[1.251s] [100%] Built target yolov8_msgs__rosidl_typesupport_introspection_c__pyext
[1.271s] Invoked command in '/home/aladine/memoir/slam_yolo/yolobot/build/yolov8_msgs' returned '0': CMAKE_PREFIX_PATH=/opt/ros/humble VIRTUAL_ENV_PROMPT=(ros2_env) /usr/bin/cmake --build /home/aladine/memoir/slam_yolo/yolobot/build/yolov8_msgs -- -j4 -l4
[1.274s] Invoking command in '/home/aladine/memoir/slam_yolo/yolobot/build/yolov8_msgs': CMAKE_PREFIX_PATH=/opt/ros/humble VIRTUAL_ENV_PROMPT=(ros2_env) /usr/bin/cmake --install /home/aladine/memoir/slam_yolo/yolobot/build/yolov8_msgs
[1.287s] -- Install configuration: ""
[1.287s] -- Up-to-date: /home/aladine/memoir/slam_yolo/yolobot/install/yolov8_msgs/share/ament_index/resource_index/rosidl_interfaces/yolov8_msgs
[1.287s] -- Up-to-date: /home/aladine/memoir/slam_yolo/yolobot/install/yolov8_msgs/include/yolov8_msgs/yolov8_msgs
[1.288s] -- Up-to-date: /home/aladine/memoir/slam_yolo/yolobot/install/yolov8_msgs/include/yolov8_msgs/yolov8_msgs/msg
[1.288s] -- Up-to-date: /home/aladine/memoir/slam_yolo/yolobot/install/yolov8_msgs/include/yolov8_msgs/yolov8_msgs/msg/inference_result.h
[1.288s] -- Up-to-date: /home/aladine/memoir/slam_yolo/yolobot/install/yolov8_msgs/include/yolov8_msgs/yolov8_msgs/msg/detail
[1.288s] -- Up-to-date: /home/aladine/memoir/slam_yolo/yolobot/install/yolov8_msgs/include/yolov8_msgs/yolov8_msgs/msg/detail/inference_result__functions.c
[1.288s] -- Up-to-date: /home/aladine/memoir/slam_yolo/yolobot/install/yolov8_msgs/include/yolov8_msgs/yolov8_msgs/msg/detail/yolov8_inference__type_support.h
[1.289s] -- Up-to-date: /home/aladine/memoir/slam_yolo/yolobot/install/yolov8_msgs/include/yolov8_msgs/yolov8_msgs/msg/detail/inference_result__functions.h
[1.289s] -- Up-to-date: /home/aladine/memoir/slam_yolo/yolobot/install/yolov8_msgs/include/yolov8_msgs/yolov8_msgs/msg/detail/yolov8_inference__functions.h
[1.289s] -- Up-to-date: /home/aladine/memoir/slam_yolo/yolobot/install/yolov8_msgs/include/yolov8_msgs/yolov8_msgs/msg/detail/inference_result__type_support.h
[1.289s] -- Up-to-date: /home/aladine/memoir/slam_yolo/yolobot/install/yolov8_msgs/include/yolov8_msgs/yolov8_msgs/msg/detail/inference_result__struct.h
[1.289s] -- Up-to-date: /home/aladine/memoir/slam_yolo/yolobot/install/yolov8_msgs/include/yolov8_msgs/yolov8_msgs/msg/detail/yolov8_inference__struct.h
[1.289s] -- Up-to-date: /home/aladine/memoir/slam_yolo/yolobot/install/yolov8_msgs/include/yolov8_msgs/yolov8_msgs/msg/detail/yolov8_inference__functions.c
[1.290s] -- Up-to-date: /home/aladine/memoir/slam_yolo/yolobot/install/yolov8_msgs/include/yolov8_msgs/yolov8_msgs/msg/yolov8_inference.h
[1.290s] -- Up-to-date: /home/aladine/memoir/slam_yolo/yolobot/install/yolov8_msgs/include/yolov8_msgs/yolov8_msgs/msg/rosidl_generator_c__visibility_control.h
[1.290s] -- Up-to-date: /home/aladine/memoir/slam_yolo/yolobot/install/yolov8_msgs/share/yolov8_msgs/environment/library_path.sh
[1.291s] -- Up-to-date: /home/aladine/memoir/slam_yolo/yolobot/install/yolov8_msgs/share/yolov8_msgs/environment/library_path.dsv
[1.292s] -- Up-to-date: /home/aladine/memoir/slam_yolo/yolobot/install/yolov8_msgs/lib/libyolov8_msgs__rosidl_generator_c.so
[1.292s] -- Up-to-date: /home/aladine/memoir/slam_yolo/yolobot/install/yolov8_msgs/include/yolov8_msgs/yolov8_msgs
[1.292s] -- Up-to-date: /home/aladine/memoir/slam_yolo/yolobot/install/yolov8_msgs/include/yolov8_msgs/yolov8_msgs/msg
[1.292s] -- Up-to-date: /home/aladine/memoir/slam_yolo/yolobot/install/yolov8_msgs/include/yolov8_msgs/yolov8_msgs/msg/rosidl_typesupport_fastrtps_c__visibility_control.h
[1.292s] -- Up-to-date: /home/aladine/memoir/slam_yolo/yolobot/install/yolov8_msgs/include/yolov8_msgs/yolov8_msgs/msg/detail
[1.292s] -- Up-to-date: /home/aladine/memoir/slam_yolo/yolobot/install/yolov8_msgs/include/yolov8_msgs/yolov8_msgs/msg/detail/inference_result__rosidl_typesupport_fastrtps_c.h
[1.293s] -- Up-to-date: /home/aladine/memoir/slam_yolo/yolobot/install/yolov8_msgs/include/yolov8_msgs/yolov8_msgs/msg/detail/yolov8_inference__rosidl_typesupport_fastrtps_c.h
[1.293s] -- Up-to-date: /home/aladine/memoir/slam_yolo/yolobot/install/yolov8_msgs/lib/libyolov8_msgs__rosidl_typesupport_fastrtps_c.so
[1.293s] -- Up-to-date: /home/aladine/memoir/slam_yolo/yolobot/install/yolov8_msgs/include/yolov8_msgs/yolov8_msgs
[1.293s] -- Up-to-date: /home/aladine/memoir/slam_yolo/yolobot/install/yolov8_msgs/include/yolov8_msgs/yolov8_msgs/msg
[1.294s] -- Up-to-date: /home/aladine/memoir/slam_yolo/yolobot/install/yolov8_msgs/include/yolov8_msgs/yolov8_msgs/msg/rosidl_generator_cpp__visibility_control.hpp
[1.294s] -- Up-to-date: /home/aladine/memoir/slam_yolo/yolobot/install/yolov8_msgs/include/yolov8_msgs/yolov8_msgs/msg/yolov8_inference.hpp
[1.294s] -- Up-to-date: /home/aladine/memoir/slam_yolo/yolobot/install/yolov8_msgs/include/yolov8_msgs/yolov8_msgs/msg/detail
[1.294s] -- Up-to-date: /home/aladine/memoir/slam_yolo/yolobot/install/yolov8_msgs/include/yolov8_msgs/yolov8_msgs/msg/detail/inference_result__type_support.hpp
[1.294s] -- Up-to-date: /home/aladine/memoir/slam_yolo/yolobot/install/yolov8_msgs/include/yolov8_msgs/yolov8_msgs/msg/detail/yolov8_inference__type_support.hpp
[1.295s] -- Up-to-date: /home/aladine/memoir/slam_yolo/yolobot/install/yolov8_msgs/include/yolov8_msgs/yolov8_msgs/msg/detail/inference_result__traits.hpp
[1.295s] -- Up-to-date: /home/aladine/memoir/slam_yolo/yolobot/install/yolov8_msgs/include/yolov8_msgs/yolov8_msgs/msg/detail/yolov8_inference__builder.hpp
[1.295s] -- Up-to-date: /home/aladine/memoir/slam_yolo/yolobot/install/yolov8_msgs/include/yolov8_msgs/yolov8_msgs/msg/detail/inference_result__struct.hpp
[1.295s] -- Up-to-date: /home/aladine/memoir/slam_yolo/yolobot/install/yolov8_msgs/include/yolov8_msgs/yolov8_msgs/msg/detail/yolov8_inference__traits.hpp
[1.295s] -- Up-to-date: /home/aladine/memoir/slam_yolo/yolobot/install/yolov8_msgs/include/yolov8_msgs/yolov8_msgs/msg/detail/yolov8_inference__struct.hpp
[1.295s] -- Up-to-date: /home/aladine/memoir/slam_yolo/yolobot/install/yolov8_msgs/include/yolov8_msgs/yolov8_msgs/msg/detail/inference_result__builder.hpp
[1.296s] -- Up-to-date: /home/aladine/memoir/slam_yolo/yolobot/install/yolov8_msgs/include/yolov8_msgs/yolov8_msgs/msg/inference_result.hpp
[1.296s] -- Up-to-date: /home/aladine/memoir/slam_yolo/yolobot/install/yolov8_msgs/include/yolov8_msgs/yolov8_msgs
[1.296s] -- Up-to-date: /home/aladine/memoir/slam_yolo/yolobot/install/yolov8_msgs/include/yolov8_msgs/yolov8_msgs/msg
[1.296s] -- Up-to-date: /home/aladine/memoir/slam_yolo/yolobot/install/yolov8_msgs/include/yolov8_msgs/yolov8_msgs/msg/rosidl_typesupport_fastrtps_cpp__visibility_control.h
[1.297s] -- Up-to-date: /home/aladine/memoir/slam_yolo/yolobot/install/yolov8_msgs/include/yolov8_msgs/yolov8_msgs/msg/detail
[1.297s] -- Up-to-date: /home/aladine/memoir/slam_yolo/yolobot/install/yolov8_msgs/include/yolov8_msgs/yolov8_msgs/msg/detail/inference_result__rosidl_typesupport_fastrtps_cpp.hpp
[1.297s] -- Up-to-date: /home/aladine/memoir/slam_yolo/yolobot/install/yolov8_msgs/include/yolov8_msgs/yolov8_msgs/msg/detail/dds_fastrtps
[1.297s] -- Up-to-date: /home/aladine/memoir/slam_yolo/yolobot/install/yolov8_msgs/include/yolov8_msgs/yolov8_msgs/msg/detail/yolov8_inference__rosidl_typesupport_fastrtps_cpp.hpp
[1.297s] -- Up-to-date: /home/aladine/memoir/slam_yolo/yolobot/install/yolov8_msgs/lib/libyolov8_msgs__rosidl_typesupport_fastrtps_cpp.so
[1.297s] -- Up-to-date: /home/aladine/memoir/slam_yolo/yolobot/install/yolov8_msgs/include/yolov8_msgs/yolov8_msgs
[1.298s] -- Up-to-date: /home/aladine/memoir/slam_yolo/yolobot/install/yolov8_msgs/include/yolov8_msgs/yolov8_msgs/msg
[1.298s] -- Up-to-date: /home/aladine/memoir/slam_yolo/yolobot/install/yolov8_msgs/include/yolov8_msgs/yolov8_msgs/msg/rosidl_typesupport_introspection_c__visibility_control.h
[1.298s] -- Up-to-date: /home/aladine/memoir/slam_yolo/yolobot/install/yolov8_msgs/include/yolov8_msgs/yolov8_msgs/msg/detail
[1.298s] -- Up-to-date: /home/aladine/memoir/slam_yolo/yolobot/install/yolov8_msgs/include/yolov8_msgs/yolov8_msgs/msg/detail/yolov8_inference__type_support.c
[1.298s] -- Up-to-date: /home/aladine/memoir/slam_yolo/yolobot/install/yolov8_msgs/include/yolov8_msgs/yolov8_msgs/msg/detail/yolov8_inference__rosidl_typesupport_introspection_c.h
[1.299s] -- Up-to-date: /home/aladine/memoir/slam_yolo/yolobot/install/yolov8_msgs/include/yolov8_msgs/yolov8_msgs/msg/detail/inference_result__type_support.c
[1.299s] -- Up-to-date: /home/aladine/memoir/slam_yolo/yolobot/install/yolov8_msgs/include/yolov8_msgs/yolov8_msgs/msg/detail/inference_result__rosidl_typesupport_introspection_c.h
[1.299s] -- Up-to-date: /home/aladine/memoir/slam_yolo/yolobot/install/yolov8_msgs/lib/libyolov8_msgs__rosidl_typesupport_introspection_c.so
[1.299s] -- Up-to-date: /home/aladine/memoir/slam_yolo/yolobot/install/yolov8_msgs/lib/libyolov8_msgs__rosidl_typesupport_c.so
[1.299s] -- Up-to-date: /home/aladine/memoir/slam_yolo/yolobot/install/yolov8_msgs/include/yolov8_msgs/yolov8_msgs
[1.299s] -- Up-to-date: /home/aladine/memoir/slam_yolo/yolobot/install/yolov8_msgs/include/yolov8_msgs/yolov8_msgs/msg
[1.300s] -- Up-to-date: /home/aladine/memoir/slam_yolo/yolobot/install/yolov8_msgs/include/yolov8_msgs/yolov8_msgs/msg/detail
[1.300s] -- Up-to-date: /home/aladine/memoir/slam_yolo/yolobot/install/yolov8_msgs/include/yolov8_msgs/yolov8_msgs/msg/detail/yolov8_inference__type_support.cpp
[1.300s] -- Up-to-date: /home/aladine/memoir/slam_yolo/yolobot/install/yolov8_msgs/include/yolov8_msgs/yolov8_msgs/msg/detail/yolov8_inference__rosidl_typesupport_introspection_cpp.hpp
[1.300s] -- Up-to-date: /home/aladine/memoir/slam_yolo/yolobot/install/yolov8_msgs/include/yolov8_msgs/yolov8_msgs/msg/detail/inference_result__rosidl_typesupport_introspection_cpp.hpp
[1.300s] -- Up-to-date: /home/aladine/memoir/slam_yolo/yolobot/install/yolov8_msgs/include/yolov8_msgs/yolov8_msgs/msg/detail/inference_result__type_support.cpp
[1.300s] -- Up-to-date: /home/aladine/memoir/slam_yolo/yolobot/install/yolov8_msgs/lib/libyolov8_msgs__rosidl_typesupport_introspection_cpp.so
[1.301s] -- Up-to-date: /home/aladine/memoir/slam_yolo/yolobot/install/yolov8_msgs/lib/libyolov8_msgs__rosidl_typesupport_cpp.so
[1.301s] -- Up-to-date: /home/aladine/memoir/slam_yolo/yolobot/install/yolov8_msgs/share/yolov8_msgs/environment/pythonpath.sh
[1.301s] -- Up-to-date: /home/aladine/memoir/slam_yolo/yolobot/install/yolov8_msgs/share/yolov8_msgs/environment/pythonpath.dsv
[1.301s] -- Up-to-date: /home/aladine/memoir/slam_yolo/yolobot/install/yolov8_msgs/lib/python3.10/site-packages/yolov8_msgs-0.0.0-py3.10.egg-info
[1.302s] -- Installing: /home/aladine/memoir/slam_yolo/yolobot/install/yolov8_msgs/lib/python3.10/site-packages/yolov8_msgs-0.0.0-py3.10.egg-info/dependency_links.txt
[1.302s] -- Installing: /home/aladine/memoir/slam_yolo/yolobot/install/yolov8_msgs/lib/python3.10/site-packages/yolov8_msgs-0.0.0-py3.10.egg-info/SOURCES.txt
[1.302s] -- Installing: /home/aladine/memoir/slam_yolo/yolobot/install/yolov8_msgs/lib/python3.10/site-packages/yolov8_msgs-0.0.0-py3.10.egg-info/top_level.txt
[1.302s] -- Installing: /home/aladine/memoir/slam_yolo/yolobot/install/yolov8_msgs/lib/python3.10/site-packages/yolov8_msgs-0.0.0-py3.10.egg-info/PKG-INFO
[1.302s] -- Up-to-date: /home/aladine/memoir/slam_yolo/yolobot/install/yolov8_msgs/lib/python3.10/site-packages/yolov8_msgs
[1.303s] -- Up-to-date: /home/aladine/memoir/slam_yolo/yolobot/install/yolov8_msgs/lib/python3.10/site-packages/yolov8_msgs/_yolov8_msgs_s.ep.rosidl_typesupport_fastrtps_c.c
[1.303s] -- Up-to-date: /home/aladine/memoir/slam_yolo/yolobot/install/yolov8_msgs/lib/python3.10/site-packages/yolov8_msgs/yolov8_msgs_s__rosidl_typesupport_c.cpython-310-x86_64-linux-gnu.so
[1.303s] -- Up-to-date: /home/aladine/memoir/slam_yolo/yolobot/install/yolov8_msgs/lib/python3.10/site-packages/yolov8_msgs/_yolov8_msgs_s.ep.rosidl_typesupport_introspection_c.c
[1.303s] -- Up-to-date: /home/aladine/memoir/slam_yolo/yolobot/install/yolov8_msgs/lib/python3.10/site-packages/yolov8_msgs/yolov8_msgs_s__rosidl_typesupport_fastrtps_c.cpython-310-x86_64-linux-gnu.so
[1.303s] -- Up-to-date: /home/aladine/memoir/slam_yolo/yolobot/install/yolov8_msgs/lib/python3.10/site-packages/yolov8_msgs/_yolov8_msgs_s.ep.rosidl_typesupport_c.c
[1.303s] -- Up-to-date: /home/aladine/memoir/slam_yolo/yolobot/install/yolov8_msgs/lib/python3.10/site-packages/yolov8_msgs/yolov8_msgs_s__rosidl_typesupport_introspection_c.cpython-310-x86_64-linux-gnu.so
[1.303s] -- Up-to-date: /home/aladine/memoir/slam_yolo/yolobot/install/yolov8_msgs/lib/python3.10/site-packages/yolov8_msgs/__init__.py
[1.304s] -- Up-to-date: /home/aladine/memoir/slam_yolo/yolobot/install/yolov8_msgs/lib/python3.10/site-packages/yolov8_msgs/libyolov8_msgs__rosidl_generator_py.so
[1.304s] -- Up-to-date: /home/aladine/memoir/slam_yolo/yolobot/install/yolov8_msgs/lib/python3.10/site-packages/yolov8_msgs/msg
[1.304s] -- Up-to-date: /home/aladine/memoir/slam_yolo/yolobot/install/yolov8_msgs/lib/python3.10/site-packages/yolov8_msgs/msg/_inference_result_s.c
[1.304s] -- Up-to-date: /home/aladine/memoir/slam_yolo/yolobot/install/yolov8_msgs/lib/python3.10/site-packages/yolov8_msgs/msg/_yolov8_inference_s.c
[1.304s] -- Up-to-date: /home/aladine/memoir/slam_yolo/yolobot/install/yolov8_msgs/lib/python3.10/site-packages/yolov8_msgs/msg/_yolov8_inference.py
[1.304s] -- Up-to-date: /home/aladine/memoir/slam_yolo/yolobot/install/yolov8_msgs/lib/python3.10/site-packages/yolov8_msgs/msg/__init__.py
[1.305s] -- Up-to-date: /home/aladine/memoir/slam_yolo/yolobot/install/yolov8_msgs/lib/python3.10/site-packages/yolov8_msgs/msg/_inference_result.py
[1.354s] Listing '/home/aladine/memoir/slam_yolo/yolobot/install/yolov8_msgs/lib/python3.10/site-packages/yolov8_msgs'...
[1.354s] Listing '/home/aladine/memoir/slam_yolo/yolobot/install/yolov8_msgs/lib/python3.10/site-packages/yolov8_msgs/msg'...
[1.365s] -- Up-to-date: /home/aladine/memoir/slam_yolo/yolobot/install/yolov8_msgs/lib/python3.10/site-packages/yolov8_msgs/yolov8_msgs_s__rosidl_typesupport_fastrtps_c.cpython-310-x86_64-linux-gnu.so
[1.366s] -- Up-to-date: /home/aladine/memoir/slam_yolo/yolobot/install/yolov8_msgs/lib/python3.10/site-packages/yolov8_msgs/yolov8_msgs_s__rosidl_typesupport_introspection_c.cpython-310-x86_64-linux-gnu.so
[1.366s] -- Up-to-date: /home/aladine/memoir/slam_yolo/yolobot/install/yolov8_msgs/lib/python3.10/site-packages/yolov8_msgs/yolov8_msgs_s__rosidl_typesupport_c.cpython-310-x86_64-linux-gnu.so
[1.367s] -- Up-to-date: /home/aladine/memoir/slam_yolo/yolobot/install/yolov8_msgs/lib/libyolov8_msgs__rosidl_generator_py.so
[1.367s] -- Up-to-date: /home/aladine/memoir/slam_yolo/yolobot/install/yolov8_msgs/share/yolov8_msgs/msg/InferenceResult.idl
[1.368s] -- Up-to-date: /home/aladine/memoir/slam_yolo/yolobot/install/yolov8_msgs/share/yolov8_msgs/msg/Yolov8Inference.idl
[1.368s] -- Up-to-date: /home/aladine/memoir/slam_yolo/yolobot/install/yolov8_msgs/share/yolov8_msgs/msg/InferenceResult.msg
[1.368s] -- Up-to-date: /home/aladine/memoir/slam_yolo/yolobot/install/yolov8_msgs/share/yolov8_msgs/msg/Yolov8Inference.msg
[1.368s] -- Up-to-date: /home/aladine/memoir/slam_yolo/yolobot/install/yolov8_msgs/share/ament_index/resource_index/package_run_dependencies/yolov8_msgs
[1.368s] -- Up-to-date: /home/aladine/memoir/slam_yolo/yolobot/install/yolov8_msgs/share/ament_index/resource_index/parent_prefix_path/yolov8_msgs
[1.368s] -- Up-to-date: /home/aladine/memoir/slam_yolo/yolobot/install/yolov8_msgs/share/yolov8_msgs/environment/ament_prefix_path.sh
[1.369s] -- Up-to-date: /home/aladine/memoir/slam_yolo/yolobot/install/yolov8_msgs/share/yolov8_msgs/environment/ament_prefix_path.dsv
[1.369s] -- Up-to-date: /home/aladine/memoir/slam_yolo/yolobot/install/yolov8_msgs/share/yolov8_msgs/environment/path.sh
[1.369s] -- Up-to-date: /home/aladine/memoir/slam_yolo/yolobot/install/yolov8_msgs/share/yolov8_msgs/environment/path.dsv
[1.369s] -- Up-to-date: /home/aladine/memoir/slam_yolo/yolobot/install/yolov8_msgs/share/yolov8_msgs/local_setup.bash
[1.369s] -- Up-to-date: /home/aladine/memoir/slam_yolo/yolobot/install/yolov8_msgs/share/yolov8_msgs/local_setup.sh
[1.369s] -- Up-to-date: /home/aladine/memoir/slam_yolo/yolobot/install/yolov8_msgs/share/yolov8_msgs/local_setup.zsh
[1.369s] -- Up-to-date: /home/aladine/memoir/slam_yolo/yolobot/install/yolov8_msgs/share/yolov8_msgs/local_setup.dsv
[1.370s] -- Installing: /home/aladine/memoir/slam_yolo/yolobot/install/yolov8_msgs/share/yolov8_msgs/package.dsv
[1.370s] -- Up-to-date: /home/aladine/memoir/slam_yolo/yolobot/install/yolov8_msgs/share/ament_index/resource_index/packages/yolov8_msgs
[1.370s] -- Up-to-date: /home/aladine/memoir/slam_yolo/yolobot/install/yolov8_msgs/share/yolov8_msgs/cmake/export_yolov8_msgs__rosidl_generator_cExport.cmake
[1.370s] -- Up-to-date: /home/aladine/memoir/slam_yolo/yolobot/install/yolov8_msgs/share/yolov8_msgs/cmake/export_yolov8_msgs__rosidl_generator_cExport-noconfig.cmake
[1.370s] -- Up-to-date: /home/aladine/memoir/slam_yolo/yolobot/install/yolov8_msgs/share/yolov8_msgs/cmake/export_yolov8_msgs__rosidl_typesupport_fastrtps_cExport.cmake
[1.370s] -- Up-to-date: /home/aladine/memoir/slam_yolo/yolobot/install/yolov8_msgs/share/yolov8_msgs/cmake/export_yolov8_msgs__rosidl_typesupport_fastrtps_cExport-noconfig.cmake
[1.370s] -- Up-to-date: /home/aladine/memoir/slam_yolo/yolobot/install/yolov8_msgs/share/yolov8_msgs/cmake/export_yolov8_msgs__rosidl_generator_cppExport.cmake
[1.371s] -- Up-to-date: /home/aladine/memoir/slam_yolo/yolobot/install/yolov8_msgs/share/yolov8_msgs/cmake/export_yolov8_msgs__rosidl_typesupport_fastrtps_cppExport.cmake
[1.371s] -- Up-to-date: /home/aladine/memoir/slam_yolo/yolobot/install/yolov8_msgs/share/yolov8_msgs/cmake/export_yolov8_msgs__rosidl_typesupport_fastrtps_cppExport-noconfig.cmake
[1.371s] -- Up-to-date: /home/aladine/memoir/slam_yolo/yolobot/install/yolov8_msgs/share/yolov8_msgs/cmake/yolov8_msgs__rosidl_typesupport_introspection_cExport.cmake
[1.371s] -- Up-to-date: /home/aladine/memoir/slam_yolo/yolobot/install/yolov8_msgs/share/yolov8_msgs/cmake/yolov8_msgs__rosidl_typesupport_introspection_cExport-noconfig.cmake
[1.373s] -- Up-to-date: /home/aladine/memoir/slam_yolo/yolobot/install/yolov8_msgs/share/yolov8_msgs/cmake/yolov8_msgs__rosidl_typesupport_cExport.cmake
[1.373s] -- Up-to-date: /home/aladine/memoir/slam_yolo/yolobot/install/yolov8_msgs/share/yolov8_msgs/cmake/yolov8_msgs__rosidl_typesupport_cExport-noconfig.cmake
[1.373s] -- Up-to-date: /home/aladine/memoir/slam_yolo/yolobot/install/yolov8_msgs/share/yolov8_msgs/cmake/yolov8_msgs__rosidl_typesupport_introspection_cppExport.cmake
[1.373s] -- Up-to-date: /home/aladine/memoir/slam_yolo/yolobot/install/yolov8_msgs/share/yolov8_msgs/cmake/yolov8_msgs__rosidl_typesupport_introspection_cppExport-noconfig.cmake
[1.373s] -- Up-to-date: /home/aladine/memoir/slam_yolo/yolobot/install/yolov8_msgs/share/yolov8_msgs/cmake/yolov8_msgs__rosidl_typesupport_cppExport.cmake
[1.373s] -- Up-to-date: /home/aladine/memoir/slam_yolo/yolobot/install/yolov8_msgs/share/yolov8_msgs/cmake/yolov8_msgs__rosidl_typesupport_cppExport-noconfig.cmake
[1.373s] -- Up-to-date: /home/aladine/memoir/slam_yolo/yolobot/install/yolov8_msgs/share/yolov8_msgs/cmake/export_yolov8_msgs__rosidl_generator_pyExport.cmake
[1.374s] -- Up-to-date: /home/aladine/memoir/slam_yolo/yolobot/install/yolov8_msgs/share/yolov8_msgs/cmake/export_yolov8_msgs__rosidl_generator_pyExport-noconfig.cmake
[1.374s] -- Up-to-date: /home/aladine/memoir/slam_yolo/yolobot/install/yolov8_msgs/share/yolov8_msgs/cmake/rosidl_cmake-extras.cmake
[1.374s] -- Up-to-date: /home/aladine/memoir/slam_yolo/yolobot/install/yolov8_msgs/share/yolov8_msgs/cmake/ament_cmake_export_dependencies-extras.cmake
[1.374s] -- Up-to-date: /home/aladine/memoir/slam_yolo/yolobot/install/yolov8_msgs/share/yolov8_msgs/cmake/ament_cmake_export_include_directories-extras.cmake
[1.374s] -- Up-to-date: /home/aladine/memoir/slam_yolo/yolobot/install/yolov8_msgs/share/yolov8_msgs/cmake/ament_cmake_export_libraries-extras.cmake
[1.374s] -- Up-to-date: /home/aladine/memoir/slam_yolo/yolobot/install/yolov8_msgs/share/yolov8_msgs/cmake/ament_cmake_export_targets-extras.cmake
[1.374s] -- Up-to-date: /home/aladine/memoir/slam_yolo/yolobot/install/yolov8_msgs/share/yolov8_msgs/cmake/rosidl_cmake_export_typesupport_targets-extras.cmake
[1.374s] -- Up-to-date: /home/aladine/memoir/slam_yolo/yolobot/install/yolov8_msgs/share/yolov8_msgs/cmake/rosidl_cmake_export_typesupport_libraries-extras.cmake
[1.375s] -- Up-to-date: /home/aladine/memoir/slam_yolo/yolobot/install/yolov8_msgs/share/yolov8_msgs/cmake/yolov8_msgsConfig.cmake
[1.375s] -- Up-to-date: /home/aladine/memoir/slam_yolo/yolobot/install/yolov8_msgs/share/yolov8_msgs/cmake/yolov8_msgsConfig-version.cmake
[1.375s] -- Up-to-date: /home/aladine/memoir/slam_yolo/yolobot/install/yolov8_msgs/share/yolov8_msgs/package.xml
[1.379s] Invoked command in '/home/aladine/memoir/slam_yolo/yolobot/build/yolov8_msgs' returned '0': CMAKE_PREFIX_PATH=/opt/ros/humble VIRTUAL_ENV_PROMPT=(ros2_env) /usr/bin/cmake --install /home/aladine/memoir/slam_yolo/yolobot/build/yolov8_msgs
